2025-08-27 12:41:05,215 - werkzeug - INFO - [31m[1mWARNING: This is a development server. Do not use it in a production deployment. Use a production WSGI server instead.[0m
 * Running on http://127.0.0.1:5000
2025-08-27 12:41:05,216 - werkzeug - INFO - [33mPress CTRL+C to quit[0m
2025-08-27 12:41:05,219 - werkzeug - INFO -  * Restarting with stat
2025-08-27 12:41:06,015 - werkzeug - WARNING -  * Debugger is active!
2025-08-27 12:41:06,024 - werkzeug - INFO -  * Debugger PIN: 582-614-005
2025-08-27 12:41:24,864 - werkzeug - INFO - 127.0.0.1 - - [27/Aug/2025 12:41:24] "GET / HTTP/1.1" 200 -
2025-08-27 12:41:29,833 - werkzeug - INFO - 127.0.0.1 - - [27/Aug/2025 12:41:29] "GET /faculty-login HTTP/1.1" 200 -
2025-08-27 12:41:30,009 - werkzeug - INFO - 127.0.0.1 - - [27/Aug/2025 12:41:30] "[36mGET /static/css/styles.css HTTP/1.1[0m" 304 -
2025-08-27 12:41:38,403 - cryptolab.auth - INFO - Auth Event: {'username': 'ravishyam121', 'event_type': 'FACULTY_LOGIN_SUCCESS', 'success': True, 'details': 'Faculty Ravi Shyam logged in', 'request_ip': '127.0.0.1', 'user_agent': 'Mozilla/5.0 (Windows NT 10.0; Win64; x64; rv:142.0) Gecko/20100101 Firefox/142.0', 'timestamp': '2025-08-27T12:41:38.403459'}
2025-08-27 12:41:38,410 - werkzeug - INFO - 127.0.0.1 - - [27/Aug/2025 12:41:38] "[32mPOST /faculty-login HTTP/1.1[0m" 302 -
2025-08-27 12:41:38,488 - werkzeug - INFO - 127.0.0.1 - - [27/Aug/2025 12:41:38] "GET /faculty HTTP/1.1" 200 -
2025-08-27 13:01:05,914 - werkzeug - INFO - [31m[1mWARNING: This is a development server. Do not use it in a production deployment. Use a production WSGI server instead.[0m
 * Running on http://127.0.0.1:5000
2025-08-27 13:01:05,916 - werkzeug - INFO - [33mPress CTRL+C to quit[0m
2025-08-27 13:01:05,919 - werkzeug - INFO -  * Restarting with stat
2025-08-27 13:01:06,710 - werkzeug - WARNING -  * Debugger is active!
2025-08-27 13:01:06,719 - werkzeug - INFO -  * Debugger PIN: 582-614-005
2025-08-27 13:01:30,164 - werkzeug - INFO - 127.0.0.1 - - [27/Aug/2025 13:01:30] "[32mGET / HTTP/1.1[0m" 302 -
2025-08-27 13:01:30,419 - werkzeug - INFO - 127.0.0.1 - - [27/Aug/2025 13:01:30] "GET /faculty HTTP/1.1" 200 -
2025-08-27 13:01:52,754 - werkzeug - INFO - 127.0.0.1 - - [27/Aug/2025 13:01:52] "GET /faculty/assignments/create HTTP/1.1" 200 -
2025-08-27 13:02:42,089 - werkzeug - INFO - 127.0.0.1 - - [27/Aug/2025 13:02:42] "[32mPOST /faculty/assignments/create HTTP/1.1[0m" 302 -
2025-08-27 13:02:42,274 - werkzeug - INFO - 127.0.0.1 - - [27/Aug/2025 13:02:42] "[32mGET /faculty/assignments HTTP/1.1[0m" 302 -
2025-08-27 13:02:42,289 - werkzeug - INFO - 127.0.0.1 - - [27/Aug/2025 13:02:42] "GET /faculty HTTP/1.1" 200 -
2025-08-27 13:03:03,050 - werkzeug - INFO - 127.0.0.1 - - [27/Aug/2025 13:03:03] "GET /faculty/assignments/create HTTP/1.1" 200 -
2025-08-27 13:03:12,351 - werkzeug - INFO - 127.0.0.1 - - [27/Aug/2025 13:03:12] "[32mGET /faculty/assignments HTTP/1.1[0m" 302 -
2025-08-27 13:03:12,376 - werkzeug - INFO - 127.0.0.1 - - [27/Aug/2025 13:03:12] "GET /faculty HTTP/1.1" 200 -
2025-08-27 13:03:23,684 - werkzeug - INFO - 127.0.0.1 - - [27/Aug/2025 13:03:23] "[32mGET /faculty/assignments HTTP/1.1[0m" 302 -
2025-08-27 13:03:23,701 - werkzeug - INFO - 127.0.0.1 - - [27/Aug/2025 13:03:23] "GET /faculty HTTP/1.1" 200 -
2025-08-27 13:10:53,980 - werkzeug - INFO - 127.0.0.1 - - [27/Aug/2025 13:10:53] "GET /faculty/assignments/create HTTP/1.1" 200 -
2025-08-27 13:11:25,928 - cryptolab.auth - INFO - Auth Event: {'username': 'ravishyam121', 'event_type': 'LOGOUT', 'success': True, 'details': 'User logged out from faculty role', 'request_ip': '127.0.0.1', 'user_agent': 'Mozilla/5.0 (Windows NT 10.0; Win64; x64; rv:142.0) Gecko/20100101 Firefox/142.0', 'timestamp': '2025-08-27T13:11:25.928786'}
2025-08-27 13:11:25,929 - werkzeug - INFO - 127.0.0.1 - - [27/Aug/2025 13:11:25] "[32mGET /logout HTTP/1.1[0m" 302 -
2025-08-27 13:11:25,975 - werkzeug - INFO - 127.0.0.1 - - [27/Aug/2025 13:11:25] "GET /faculty-login HTTP/1.1" 200 -
2025-08-27 13:11:26,082 - werkzeug - INFO - 127.0.0.1 - - [27/Aug/2025 13:11:26] "[36mGET /static/css/styles.css HTTP/1.1[0m" 304 -
2025-08-27 13:11:31,255 - werkzeug - INFO - 127.0.0.1 - - [27/Aug/2025 13:11:31] "GET /student-login HTTP/1.1" 200 -
2025-08-27 13:11:31,283 - werkzeug - INFO - 127.0.0.1 - - [27/Aug/2025 13:11:31] "[36mGET /static/css/styles.css HTTP/1.1[0m" 304 -
2025-08-27 13:11:36,395 - cryptolab.auth - WARNING - Auth Event: {'username': 'ravishyam121', 'event_type': 'STUDENT_LOGIN_WRONG_ROLE', 'success': False, 'details': 'User has role: faculty', 'request_ip': '127.0.0.1', 'user_agent': 'Mozilla/5.0 (Windows NT 10.0; Win64; x64; rv:142.0) Gecko/20100101 Firefox/142.0', 'timestamp': '2025-08-27T13:11:36.395555'}
2025-08-27 13:11:36,397 - werkzeug - INFO - 127.0.0.1 - - [27/Aug/2025 13:11:36] "POST /student-login HTTP/1.1" 200 -
2025-08-27 13:11:36,423 - werkzeug - INFO - 127.0.0.1 - - [27/Aug/2025 13:11:36] "[36mGET /static/css/styles.css HTTP/1.1[0m" 304 -
2025-08-27 13:11:46,489 - cryptolab.auth - WARNING - Auth Event: {'username': 'admin', 'event_type': 'STUDENT_LOGIN_WRONG_ROLE', 'success': False, 'details': 'User has role: faculty', 'request_ip': '127.0.0.1', 'user_agent': 'Mozilla/5.0 (Windows NT 10.0; Win64; x64; rv:142.0) Gecko/20100101 Firefox/142.0', 'timestamp': '2025-08-27T13:11:46.489862'}
2025-08-27 13:11:46,491 - werkzeug - INFO - 127.0.0.1 - - [27/Aug/2025 13:11:46] "POST /student-login HTTP/1.1" 200 -
2025-08-27 13:11:46,522 - werkzeug - INFO - 127.0.0.1 - - [27/Aug/2025 13:11:46] "[36mGET /static/css/styles.css HTTP/1.1[0m" 304 -
2025-08-27 13:11:51,070 - cryptolab.auth - WARNING - Auth Event: {'username': 'admin', 'event_type': 'STUDENT_LOGIN_WRONG_ROLE', 'success': False, 'details': 'User has role: faculty', 'request_ip': '127.0.0.1', 'user_agent': 'Mozilla/5.0 (Windows NT 10.0; Win64; x64; rv:142.0) Gecko/20100101 Firefox/142.0', 'timestamp': '2025-08-27T13:11:51.070798'}
2025-08-27 13:11:51,071 - werkzeug - INFO - 127.0.0.1 - - [27/Aug/2025 13:11:51] "POST /student-login HTTP/1.1" 200 -
2025-08-27 13:11:51,097 - werkzeug - INFO - 127.0.0.1 - - [27/Aug/2025 13:11:51] "GET /static/css/styles.css HTTP/1.1" 200 -
2025-08-27 15:49:43,305 - werkzeug - INFO - [31m[1mWARNING: This is a development server. Do not use it in a production deployment. Use a production WSGI server instead.[0m
 * Running on http://127.0.0.1:5000
2025-08-27 15:49:43,305 - werkzeug - INFO - [33mPress CTRL+C to quit[0m
2025-08-27 15:49:43,307 - werkzeug - INFO -  * Restarting with stat
2025-08-27 15:49:43,720 - werkzeug - WARNING -  * Debugger is active!
2025-08-27 15:49:43,741 - werkzeug - INFO -  * Debugger PIN: 199-600-441
2025-08-27 15:49:53,589 - werkzeug - INFO - 127.0.0.1 - - [27/Aug/2025 15:49:53] "GET / HTTP/1.1" 200 -
2025-08-27 15:49:55,542 - werkzeug - INFO - 127.0.0.1 - - [27/Aug/2025 15:49:55] "GET /student-login HTTP/1.1" 200 -
2025-08-27 15:49:55,787 - werkzeug - INFO - 127.0.0.1 - - [27/Aug/2025 15:49:55] "[36mGET /static/css/styles.css HTTP/1.1[0m" 304 -
2025-08-27 15:49:58,958 - cryptolab.auth - WARNING - Auth Event: {'username': 'ravishyam121', 'event_type': 'STUDENT_LOGIN_WRONG_ROLE', 'success': False, 'details': 'User has role: faculty', 'request_ip': '127.0.0.1', 'user_agent': 'Mozilla/5.0 (Windows NT 10.0; Win64; x64; rv:142.0) Gecko/20100101 Firefox/142.0', 'timestamp': '2025-08-27T15:49:58.958098'}
2025-08-27 15:49:58,959 - werkzeug - INFO - 127.0.0.1 - - [27/Aug/2025 15:49:58] "POST /student-login HTTP/1.1" 200 -
2025-08-27 15:49:59,019 - werkzeug - INFO - 127.0.0.1 - - [27/Aug/2025 15:49:59] "[36mGET /static/css/styles.css HTTP/1.1[0m" 304 -
2025-08-27 15:54:51,510 - werkzeug - INFO - [31m[1mWARNING: This is a development server. Do not use it in a production deployment. Use a production WSGI server instead.[0m
 * Running on http://127.0.0.1:5000
2025-08-27 15:54:51,511 - werkzeug - INFO - [33mPress CTRL+C to quit[0m
2025-08-27 15:54:51,514 - werkzeug - INFO -  * Restarting with stat
2025-08-27 15:54:52,058 - werkzeug - WARNING -  * Debugger is active!
2025-08-27 15:54:52,064 - werkzeug - INFO -  * Debugger PIN: 199-600-441
2025-08-27 15:55:03,133 - cryptolab.auth - INFO - Auth Event: {'username': 'student1', 'event_type': 'STUDENT_LOGIN_SUCCESS', 'success': True, 'details': 'Student Alice Johnson logged in', 'request_ip': '127.0.0.1', 'user_agent': 'Mozilla/5.0 (Windows NT 10.0; Win64; x64; rv:142.0) Gecko/20100101 Firefox/142.0', 'timestamp': '2025-08-27T15:55:03.133504'}
2025-08-27 15:55:03,138 - werkzeug - INFO - 127.0.0.1 - - [27/Aug/2025 15:55:03] "[32mPOST /student-login HTTP/1.1[0m" 302 -
2025-08-27 15:55:03,228 - werkzeug - INFO - 127.0.0.1 - - [27/Aug/2025 15:55:03] "GET /student HTTP/1.1" 200 -
2025-08-27 15:55:57,806 - werkzeug - INFO - 127.0.0.1 - - [27/Aug/2025 15:55:57] "GET /shift-cipher HTTP/1.1" 200 -
2025-08-27 15:55:59,912 - werkzeug - INFO - 127.0.0.1 - - [27/Aug/2025 15:55:59] "GET /shift-cipher/assignment HTTP/1.1" 200 -
2025-08-27 15:56:50,785 - werkzeug - INFO - 127.0.0.1 - - [27/Aug/2025 15:56:50] "GET /shift-cipher/aim HTTP/1.1" 200 -
2025-08-27 15:56:52,818 - werkzeug - INFO - 127.0.0.1 - - [27/Aug/2025 15:56:52] "GET /shift-cipher/objective HTTP/1.1" 200 -
2025-08-27 15:56:53,883 - werkzeug - INFO - 127.0.0.1 - - [27/Aug/2025 15:56:53] "GET /shift-cipher/procedure HTTP/1.1" 200 -
2025-08-27 16:03:32,068 - werkzeug - INFO - [31m[1mWARNING: This is a development server. Do not use it in a production deployment. Use a production WSGI server instead.[0m
 * Running on http://127.0.0.1:5000
2025-08-27 16:03:32,068 - werkzeug - INFO - [33mPress CTRL+C to quit[0m
2025-08-27 16:03:32,070 - werkzeug - INFO -  * Restarting with stat
2025-08-27 16:03:32,573 - werkzeug - WARNING -  * Debugger is active!
2025-08-27 16:03:32,580 - werkzeug - INFO -  * Debugger PIN: 199-600-441
2025-08-27 16:03:46,249 - werkzeug - INFO - 127.0.0.1 - - [27/Aug/2025 16:03:46] "GET / HTTP/1.1" 200 -
2025-08-27 16:03:48,359 - cryptolab - ERROR - Error ERR_20250827_160348_1386042037248: {'error_id': 'ERR_20250827_160348_1386042037248', 'error_type': 'CLIENT_ERROR', 'error_class': 'NotFound', 'error_message': '404 Not Found: The requested URL was not found on the server. If you entered the URL manually please check your spelling and try again.', 'request_method': 'GET', 'request_url': 'http://localhost:5000/favicon.ico', 'request_ip': '127.0.0.1', 'user_agent': 'Mozilla/5.0 (Macintosh; Intel Mac OS X 10_15_7) AppleWebKit/537.36 (KHTML, like Gecko) Chrome/128.0.0.0 Safari/537.36', 'timestamp': '2025-08-27T16:03:48.295497', 'traceback': 'Traceback (most recent call last):\n  File "C:\\Users\\ravis\\AppData\\Local\\Programs\\Python\\Python313\\Lib\\site-packages\\flask\\app.py", line 880, in full_dispatch_request\n    rv = self.dispatch_request()\n  File "C:\\Users\\ravis\\AppData\\Local\\Programs\\Python\\Python313\\Lib\\site-packages\\flask\\app.py", line 854, in dispatch_request\n    self.raise_routing_exception(req)\n    ~~~~~~~~~~~~~~~~~~~~~~~~~~~~^^^^^\n  File "C:\\Users\\ravis\\AppData\\Local\\Programs\\Python\\Python313\\Lib\\site-packages\\flask\\app.py", line 463, in raise_routing_exception\n    raise request.routing_exception  # type: ignore[misc]\n    ^^^^^^^^^^^^^^^^^^^^^^^^^^^^^^^\n  File "C:\\Users\\ravis\\AppData\\Local\\Programs\\Python\\Python313\\Lib\\site-packages\\flask\\ctx.py", line 362, in match_request\n    result = self.url_adapter.match(return_rule=True)  # type: ignore\n  File "C:\\Users\\ravis\\AppData\\Local\\Programs\\Python\\Python313\\Lib\\site-packages\\werkzeug\\routing\\map.py", line 629, in match\n    raise NotFound() from None\nwerkzeug.exceptions.NotFound: 404 Not Found: The requested URL was not found on the server. If you entered the URL manually please check your spelling and try again.\n'}
2025-08-27 16:03:48,364 - werkzeug - INFO - 127.0.0.1 - - [27/Aug/2025 16:03:48] "[33mGET /favicon.ico HTTP/1.1[0m" 404 -
2025-08-27 16:03:59,173 - werkzeug - INFO - 127.0.0.1 - - [27/Aug/2025 16:03:59] "GET /faculty-login HTTP/1.1" 200 -
2025-08-27 16:03:59,522 - werkzeug - INFO - 127.0.0.1 - - [27/Aug/2025 16:03:59] "GET /static/css/styles.css HTTP/1.1" 200 -
2025-08-27 16:05:03,051 - cryptolab.auth - INFO - Auth Event: {'username': 'admin', 'event_type': 'FACULTY_LOGIN_SUCCESS', 'success': True, 'details': 'Faculty Administrator logged in', 'request_ip': '127.0.0.1', 'user_agent': 'Mozilla/5.0 (Macintosh; Intel Mac OS X 10_15_7) AppleWebKit/537.36 (KHTML, like Gecko) Chrome/128.0.0.0 Safari/537.36', 'timestamp': '2025-08-27T16:05:03.051198'}
2025-08-27 16:05:03,052 - werkzeug - INFO - 127.0.0.1 - - [27/Aug/2025 16:05:03] "[32mPOST /faculty-login HTTP/1.1[0m" 302 -
2025-08-27 16:05:03,370 - werkzeug - INFO - 127.0.0.1 - - [27/Aug/2025 16:05:03] "GET /faculty HTTP/1.1" 200 -
2025-08-27 16:05:33,476 - werkzeug - INFO - 127.0.0.1 - - [27/Aug/2025 16:05:33] "GET /faculty/assignments/create HTTP/1.1" 200 -
2025-08-27 16:08:36,617 - werkzeug - INFO -  * Detected change in 'd:\\VirtualLab\\VLAB\\app.py', reloading
2025-08-27 16:08:36,767 - werkzeug - INFO -  * Restarting with stat
2025-08-27 16:08:37,362 - werkzeug - WARNING -  * Debugger is active!
2025-08-27 16:08:37,376 - werkzeug - INFO -  * Debugger PIN: 199-600-441
2025-08-27 16:09:02,552 - werkzeug - INFO -  * Detected change in 'd:\\VirtualLab\\VLAB\\assignment_manager.py', reloading
2025-08-27 16:09:02,593 - werkzeug - INFO -  * Restarting with stat
2025-08-27 16:09:03,077 - werkzeug - WARNING -  * Debugger is active!
2025-08-27 16:09:03,084 - werkzeug - INFO -  * Debugger PIN: 199-600-441
2025-08-27 16:09:14,949 - werkzeug - INFO - 127.0.0.1 - - [27/Aug/2025 16:09:14] "GET / HTTP/1.1" 200 -
2025-08-27 16:09:16,812 - cryptolab - ERROR - Error ERR_20250827_160916_2192483914976: {'error_id': 'ERR_20250827_160916_2192483914976', 'error_type': 'CLIENT_ERROR', 'error_class': 'NotFound', 'error_message': '404 Not Found: The requested URL was not found on the server. If you entered the URL manually please check your spelling and try again.', 'request_method': 'GET', 'request_url': 'http://localhost:5000/favicon.ico', 'request_ip': '127.0.0.1', 'user_agent': 'Mozilla/5.0 (Macintosh; Intel Mac OS X 10_15_7) AppleWebKit/537.36 (KHTML, like Gecko) Chrome/128.0.0.0 Safari/537.36', 'timestamp': '2025-08-27T16:09:16.805956', 'traceback': 'Traceback (most recent call last):\n  File "C:\\Users\\ravis\\AppData\\Local\\Programs\\Python\\Python313\\Lib\\site-packages\\flask\\app.py", line 880, in full_dispatch_request\n    rv = self.dispatch_request()\n  File "C:\\Users\\ravis\\AppData\\Local\\Programs\\Python\\Python313\\Lib\\site-packages\\flask\\app.py", line 854, in dispatch_request\n    self.raise_routing_exception(req)\n    ~~~~~~~~~~~~~~~~~~~~~~~~~~~~^^^^^\n  File "C:\\Users\\ravis\\AppData\\Local\\Programs\\Python\\Python313\\Lib\\site-packages\\flask\\app.py", line 463, in raise_routing_exception\n    raise request.routing_exception  # type: ignore[misc]\n    ^^^^^^^^^^^^^^^^^^^^^^^^^^^^^^^\n  File "C:\\Users\\ravis\\AppData\\Local\\Programs\\Python\\Python313\\Lib\\site-packages\\flask\\ctx.py", line 362, in match_request\n    result = self.url_adapter.match(return_rule=True)  # type: ignore\n  File "C:\\Users\\ravis\\AppData\\Local\\Programs\\Python\\Python313\\Lib\\site-packages\\werkzeug\\routing\\map.py", line 629, in match\n    raise NotFound() from None\nwerkzeug.exceptions.NotFound: 404 Not Found: The requested URL was not found on the server. If you entered the URL manually please check your spelling and try again.\n'}
2025-08-27 16:09:16,817 - werkzeug - INFO - 127.0.0.1 - - [27/Aug/2025 16:09:16] "[33mGET /favicon.ico HTTP/1.1[0m" 404 -
2025-08-27 16:09:28,615 - werkzeug - INFO - 127.0.0.1 - - [27/Aug/2025 16:09:28] "GET /student-login HTTP/1.1" 200 -
2025-08-27 16:09:29,000 - werkzeug - INFO - 127.0.0.1 - - [27/Aug/2025 16:09:29] "GET /static/css/styles.css HTTP/1.1" 200 -
2025-08-27 16:09:49,793 - werkzeug - INFO - [31m[1mWARNING: This is a development server. Do not use it in a production deployment. Use a production WSGI server instead.[0m
 * Running on http://127.0.0.1:5000
2025-08-27 16:09:49,793 - werkzeug - INFO - [33mPress CTRL+C to quit[0m
2025-08-27 16:09:49,795 - werkzeug - INFO -  * Restarting with stat
2025-08-27 16:09:50,227 - werkzeug - WARNING -  * Debugger is active!
2025-08-27 16:09:50,233 - werkzeug - INFO -  * Debugger PIN: 199-600-441
2025-08-27 16:10:23,391 - werkzeug - INFO - 127.0.0.1 - - [27/Aug/2025 16:10:23] "[32mGET / HTTP/1.1[0m" 302 -
2025-08-27 16:10:23,446 - werkzeug - INFO - 127.0.0.1 - - [27/Aug/2025 16:10:23] "GET /student HTTP/1.1" 200 -
2025-08-27 16:10:27,531 - cryptolab.auth - INFO - Auth Event: {'username': 'student1', 'event_type': 'LOGOUT', 'success': True, 'details': 'User logged out from student role', 'request_ip': '127.0.0.1', 'user_agent': 'Mozilla/5.0 (Windows NT 10.0; Win64; x64; rv:142.0) Gecko/20100101 Firefox/142.0', 'timestamp': '2025-08-27T16:10:27.531505'}
2025-08-27 16:10:27,533 - werkzeug - INFO - 127.0.0.1 - - [27/Aug/2025 16:10:27] "[32mGET /logout HTTP/1.1[0m" 302 -
2025-08-27 16:10:27,543 - werkzeug - INFO - 127.0.0.1 - - [27/Aug/2025 16:10:27] "GET /student-login HTTP/1.1" 200 -
2025-08-27 16:10:27,587 - werkzeug - INFO - 127.0.0.1 - - [27/Aug/2025 16:10:27] "GET /static/css/styles.css HTTP/1.1" 200 -
2025-08-27 16:10:44,447 - cryptolab.auth - INFO - Auth Event: {'username': 'student1', 'event_type': 'STUDENT_LOGIN_SUCCESS', 'success': True, 'details': 'Student Alice Johnson logged in', 'request_ip': '127.0.0.1', 'user_agent': 'Mozilla/5.0 (Windows NT 10.0; Win64; x64; rv:142.0) Gecko/20100101 Firefox/142.0', 'timestamp': '2025-08-27T16:10:44.447665'}
2025-08-27 16:10:44,448 - werkzeug - INFO - 127.0.0.1 - - [27/Aug/2025 16:10:44] "[32mPOST /student-login HTTP/1.1[0m" 302 -
2025-08-27 16:10:44,483 - werkzeug - INFO - 127.0.0.1 - - [27/Aug/2025 16:10:44] "GET /student HTTP/1.1" 200 -
2025-08-27 16:10:59,330 - werkzeug - INFO - 127.0.0.1 - - [27/Aug/2025 16:10:59] "[32mGET /student/assignments HTTP/1.1[0m" 302 -
2025-08-27 16:10:59,341 - werkzeug - INFO - 127.0.0.1 - - [27/Aug/2025 16:10:59] "GET /student HTTP/1.1" 200 -
2025-08-27 16:11:04,234 - werkzeug - INFO - 127.0.0.1 - - [27/Aug/2025 16:11:04] "[32mGET /student/assignments HTTP/1.1[0m" 302 -
2025-08-27 16:11:04,247 - werkzeug - INFO - 127.0.0.1 - - [27/Aug/2025 16:11:04] "GET /student HTTP/1.1" 200 -
2025-08-27 16:11:15,619 - werkzeug - INFO - 127.0.0.1 - - [27/Aug/2025 16:11:15] "[32mGET /student/assignments HTTP/1.1[0m" 302 -
2025-08-27 16:11:15,631 - werkzeug - INFO - 127.0.0.1 - - [27/Aug/2025 16:11:15] "GET /student HTTP/1.1" 200 -
2025-08-27 16:14:14,212 - werkzeug - INFO -  * Detected change in 'd:\\VirtualLab\\VLAB\\routes\\assignments.py', reloading
2025-08-27 16:14:14,527 - werkzeug - INFO -  * Restarting with stat
2025-08-27 16:14:16,715 - werkzeug - WARNING -  * Debugger is active!
2025-08-27 16:14:16,728 - werkzeug - INFO -  * Debugger PIN: 199-600-441
2025-08-27 16:14:32,287 - werkzeug - INFO - 127.0.0.1 - - [27/Aug/2025 16:14:32] "GET / HTTP/1.1" 200 -
2025-08-27 16:14:34,400 - cryptolab - ERROR - Error ERR_20250827_161434_1504973722848: {'error_id': 'ERR_20250827_161434_1504973722848', 'error_type': 'CLIENT_ERROR', 'error_class': 'NotFound', 'error_message': '404 Not Found: The requested URL was not found on the server. If you entered the URL manually please check your spelling and try again.', 'request_method': 'GET', 'request_url': 'http://localhost:5000/favicon.ico', 'request_ip': '127.0.0.1', 'user_agent': 'Mozilla/5.0 (Macintosh; Intel Mac OS X 10_15_7) AppleWebKit/537.36 (KHTML, like Gecko) Chrome/128.0.0.0 Safari/537.36', 'timestamp': '2025-08-27T16:14:34.388295', 'traceback': 'Traceback (most recent call last):\n  File "C:\\Users\\ravis\\AppData\\Local\\Programs\\Python\\Python313\\Lib\\site-packages\\flask\\app.py", line 880, in full_dispatch_request\n    rv = self.dispatch_request()\n  File "C:\\Users\\ravis\\AppData\\Local\\Programs\\Python\\Python313\\Lib\\site-packages\\flask\\app.py", line 854, in dispatch_request\n    self.raise_routing_exception(req)\n    ~~~~~~~~~~~~~~~~~~~~~~~~~~~~^^^^^\n  File "C:\\Users\\ravis\\AppData\\Local\\Programs\\Python\\Python313\\Lib\\site-packages\\flask\\app.py", line 463, in raise_routing_exception\n    raise request.routing_exception  # type: ignore[misc]\n    ^^^^^^^^^^^^^^^^^^^^^^^^^^^^^^^\n  File "C:\\Users\\ravis\\AppData\\Local\\Programs\\Python\\Python313\\Lib\\site-packages\\flask\\ctx.py", line 362, in match_request\n    result = self.url_adapter.match(return_rule=True)  # type: ignore\n  File "C:\\Users\\ravis\\AppData\\Local\\Programs\\Python\\Python313\\Lib\\site-packages\\werkzeug\\routing\\map.py", line 629, in match\n    raise NotFound() from None\nwerkzeug.exceptions.NotFound: 404 Not Found: The requested URL was not found on the server. If you entered the URL manually please check your spelling and try again.\n'}
2025-08-27 16:14:34,409 - werkzeug - INFO - 127.0.0.1 - - [27/Aug/2025 16:14:34] "[33mGET /favicon.ico HTTP/1.1[0m" 404 -
2025-08-27 16:14:52,373 - werkzeug - INFO - [31m[1mWARNING: This is a development server. Do not use it in a production deployment. Use a production WSGI server instead.[0m
 * Running on http://127.0.0.1:5000
2025-08-27 16:14:52,373 - werkzeug - INFO - [33mPress CTRL+C to quit[0m
2025-08-27 16:14:52,374 - werkzeug - INFO -  * Restarting with stat
2025-08-27 16:14:52,845 - werkzeug - WARNING -  * Debugger is active!
2025-08-27 16:14:52,851 - werkzeug - INFO -  * Debugger PIN: 199-600-441
2025-08-27 16:14:59,778 - werkzeug - INFO - 127.0.0.1 - - [27/Aug/2025 16:14:59] "GET /student HTTP/1.1" 200 -
2025-08-27 16:15:04,233 - werkzeug - INFO - 127.0.0.1 - - [27/Aug/2025 16:15:04] "[32mGET /student/assignments HTTP/1.1[0m" 302 -
2025-08-27 16:15:04,249 - werkzeug - INFO - 127.0.0.1 - - [27/Aug/2025 16:15:04] "GET /student HTTP/1.1" 200 -
2025-08-27 16:15:38,714 - werkzeug - INFO - 127.0.0.1 - - [27/Aug/2025 16:15:38] "[32mGET /student/assignments HTTP/1.1[0m" 302 -
2025-08-27 16:15:38,732 - werkzeug - INFO - 127.0.0.1 - - [27/Aug/2025 16:15:38] "GET /student HTTP/1.1" 200 -
2025-08-27 16:15:48,889 - werkzeug - INFO - 127.0.0.1 - - [27/Aug/2025 16:15:48] "[32mGET /student/assignments HTTP/1.1[0m" 302 -
2025-08-27 16:15:49,153 - werkzeug - INFO - 127.0.0.1 - - [27/Aug/2025 16:15:49] "GET /student HTTP/1.1" 200 -
2025-08-27 16:15:50,564 - cryptolab - ERROR - Error ERR_20250827_161550_1504974041984: {'error_id': 'ERR_20250827_161550_1504974041984', 'error_type': 'CLIENT_ERROR', 'error_class': 'NotFound', 'error_message': '404 Not Found: The requested URL was not found on the server. If you entered the URL manually please check your spelling and try again.', 'request_method': 'GET', 'request_url': 'http://127.0.0.1:5000/favicon.ico', 'request_ip': '127.0.0.1', 'user_agent': 'Mozilla/5.0 (Windows NT 10.0; Win64; x64; rv:142.0) Gecko/20100101 Firefox/142.0', 'timestamp': '2025-08-27T16:15:50.527673', 'traceback': 'Traceback (most recent call last):\n  File "C:\\Users\\ravis\\AppData\\Local\\Programs\\Python\\Python313\\Lib\\site-packages\\flask\\app.py", line 880, in full_dispatch_request\n    rv = self.dispatch_request()\n  File "C:\\Users\\ravis\\AppData\\Local\\Programs\\Python\\Python313\\Lib\\site-packages\\flask\\app.py", line 854, in dispatch_request\n    self.raise_routing_exception(req)\n    ~~~~~~~~~~~~~~~~~~~~~~~~~~~~^^^^^\n  File "C:\\Users\\ravis\\AppData\\Local\\Programs\\Python\\Python313\\Lib\\site-packages\\flask\\app.py", line 463, in raise_routing_exception\n    raise request.routing_exception  # type: ignore[misc]\n    ^^^^^^^^^^^^^^^^^^^^^^^^^^^^^^^\n  File "C:\\Users\\ravis\\AppData\\Local\\Programs\\Python\\Python313\\Lib\\site-packages\\flask\\ctx.py", line 362, in match_request\n    result = self.url_adapter.match(return_rule=True)  # type: ignore\n  File "C:\\Users\\ravis\\AppData\\Local\\Programs\\Python\\Python313\\Lib\\site-packages\\werkzeug\\routing\\map.py", line 629, in match\n    raise NotFound() from None\nwerkzeug.exceptions.NotFound: 404 Not Found: The requested URL was not found on the server. If you entered the URL manually please check your spelling and try again.\n'}
2025-08-27 16:15:50,571 - werkzeug - INFO - 127.0.0.1 - - [27/Aug/2025 16:15:50] "[33mGET /favicon.ico HTTP/1.1[0m" 404 -
2025-08-27 16:17:06,034 - werkzeug - INFO -  * Detected change in 'D:\\VirtualLab\\VLAB\\routes\\assignments.py', reloading
2025-08-27 16:17:06,193 - werkzeug - INFO -  * Restarting with stat
2025-08-27 16:17:06,429 - werkzeug - INFO -  * Detected change in 'd:\\VirtualLab\\VLAB\\routes\\assignments.py', reloading
2025-08-27 16:17:06,572 - werkzeug - INFO -  * Restarting with stat
2025-08-27 16:17:07,300 - werkzeug - WARNING -  * Debugger is active!
2025-08-27 16:17:07,317 - werkzeug - INFO -  * Debugger PIN: 199-600-441
2025-08-27 16:17:07,508 - werkzeug - WARNING -  * Debugger is active!
2025-08-27 16:17:07,520 - werkzeug - INFO -  * Debugger PIN: 199-600-441
2025-08-27 16:18:02,677 - werkzeug - INFO - 127.0.0.1 - - [27/Aug/2025 16:18:02] "GET / HTTP/1.1" 200 -
2025-08-27 16:18:04,823 - cryptolab - ERROR - Error ERR_20250827_161804_2181447193936: {'error_id': 'ERR_20250827_161804_2181447193936', 'error_type': 'CLIENT_ERROR', 'error_class': 'NotFound', 'error_message': '404 Not Found: The requested URL was not found on the server. If you entered the URL manually please check your spelling and try again.', 'request_method': 'GET', 'request_url': 'http://localhost:5000/favicon.ico', 'request_ip': '127.0.0.1', 'user_agent': 'Mozilla/5.0 (Macintosh; Intel Mac OS X 10_15_7) AppleWebKit/537.36 (KHTML, like Gecko) Chrome/128.0.0.0 Safari/537.36', 'timestamp': '2025-08-27T16:18:04.816143', 'traceback': 'Traceback (most recent call last):\n  File "C:\\Users\\ravis\\AppData\\Local\\Programs\\Python\\Python313\\Lib\\site-packages\\flask\\app.py", line 880, in full_dispatch_request\n    rv = self.dispatch_request()\n  File "C:\\Users\\ravis\\AppData\\Local\\Programs\\Python\\Python313\\Lib\\site-packages\\flask\\app.py", line 854, in dispatch_request\n    self.raise_routing_exception(req)\n    ~~~~~~~~~~~~~~~~~~~~~~~~~~~~^^^^^\n  File "C:\\Users\\ravis\\AppData\\Local\\Programs\\Python\\Python313\\Lib\\site-packages\\flask\\app.py", line 463, in raise_routing_exception\n    raise request.routing_exception  # type: ignore[misc]\n    ^^^^^^^^^^^^^^^^^^^^^^^^^^^^^^^\n  File "C:\\Users\\ravis\\AppData\\Local\\Programs\\Python\\Python313\\Lib\\site-packages\\flask\\ctx.py", line 362, in match_request\n    result = self.url_adapter.match(return_rule=True)  # type: ignore\n  File "C:\\Users\\ravis\\AppData\\Local\\Programs\\Python\\Python313\\Lib\\site-packages\\werkzeug\\routing\\map.py", line 629, in match\n    raise NotFound() from None\nwerkzeug.exceptions.NotFound: 404 Not Found: The requested URL was not found on the server. If you entered the URL manually please check your spelling and try again.\n'}
2025-08-27 16:18:04,830 - werkzeug - INFO - 127.0.0.1 - - [27/Aug/2025 16:18:04] "[33mGET /favicon.ico HTTP/1.1[0m" 404 -
2025-08-27 16:18:20,200 - werkzeug - INFO - 127.0.0.1 - - [27/Aug/2025 16:18:20] "GET /student-login HTTP/1.1" 200 -
2025-08-27 16:18:20,596 - werkzeug - INFO - 127.0.0.1 - - [27/Aug/2025 16:18:20] "GET /static/css/styles.css HTTP/1.1" 200 -
2025-08-27 16:20:14,717 - cryptolab.auth - WARNING - Auth Event: {'username': 'student1', 'event_type': 'STUDENT_LOGIN_INVALID_CREDENTIALS', 'success': False, 'details': 'Invalid credentials provided', 'request_ip': '127.0.0.1', 'user_agent': 'Mozilla/5.0 (Macintosh; Intel Mac OS X 10_15_7) AppleWebKit/537.36 (KHTML, like Gecko) Chrome/128.0.0.0 Safari/537.36', 'timestamp': '2025-08-27T16:20:14.717426'}
2025-08-27 16:20:14,719 - werkzeug - INFO - 127.0.0.1 - - [27/Aug/2025 16:20:14] "POST /student-login HTTP/1.1" 200 -
2025-08-27 16:20:14,994 - werkzeug - INFO - 127.0.0.1 - - [27/Aug/2025 16:20:14] "[36mGET /static/css/styles.css HTTP/1.1[0m" 304 -
2025-08-27 16:20:52,142 - werkzeug - INFO - 127.0.0.1 - - [27/Aug/2025 16:20:52] "GET /student-login HTTP/1.1" 200 -
2025-08-27 16:20:52,432 - werkzeug - INFO - 127.0.0.1 - - [27/Aug/2025 16:20:52] "GET /static/css/styles.css HTTP/1.1" 200 -
2025-08-27 16:20:53,312 - cryptolab - ERROR - Error ERR_20250827_162053_2181447515760: {'error_id': 'ERR_20250827_162053_2181447515760', 'error_type': 'CLIENT_ERROR', 'error_class': 'NotFound', 'error_message': '404 Not Found: The requested URL was not found on the server. If you entered the URL manually please check your spelling and try again.', 'request_method': 'GET', 'request_url': 'http://localhost:5000/favicon.ico', 'request_ip': '127.0.0.1', 'user_agent': 'Mozilla/5.0 (Macintosh; Intel Mac OS X 10_15_7) AppleWebKit/537.36 (KHTML, like Gecko) Chrome/128.0.0.0 Safari/537.36', 'timestamp': '2025-08-27T16:20:53.309618', 'traceback': 'Traceback (most recent call last):\n  File "C:\\Users\\ravis\\AppData\\Local\\Programs\\Python\\Python313\\Lib\\site-packages\\flask\\app.py", line 880, in full_dispatch_request\n    rv = self.dispatch_request()\n  File "C:\\Users\\ravis\\AppData\\Local\\Programs\\Python\\Python313\\Lib\\site-packages\\flask\\app.py", line 854, in dispatch_request\n    self.raise_routing_exception(req)\n    ~~~~~~~~~~~~~~~~~~~~~~~~~~~~^^^^^\n  File "C:\\Users\\ravis\\AppData\\Local\\Programs\\Python\\Python313\\Lib\\site-packages\\flask\\app.py", line 463, in raise_routing_exception\n    raise request.routing_exception  # type: ignore[misc]\n    ^^^^^^^^^^^^^^^^^^^^^^^^^^^^^^^\n  File "C:\\Users\\ravis\\AppData\\Local\\Programs\\Python\\Python313\\Lib\\site-packages\\flask\\ctx.py", line 362, in match_request\n    result = self.url_adapter.match(return_rule=True)  # type: ignore\n  File "C:\\Users\\ravis\\AppData\\Local\\Programs\\Python\\Python313\\Lib\\site-packages\\werkzeug\\routing\\map.py", line 629, in match\n    raise NotFound() from None\nwerkzeug.exceptions.NotFound: 404 Not Found: The requested URL was not found on the server. If you entered the URL manually please check your spelling and try again.\n'}
2025-08-27 16:20:53,327 - werkzeug - INFO - 127.0.0.1 - - [27/Aug/2025 16:20:53] "[33mGET /favicon.ico HTTP/1.1[0m" 404 -
2025-08-27 16:22:08,524 - werkzeug - INFO - 127.0.0.1 - - [27/Aug/2025 16:22:08] "GET /faculty-login HTTP/1.1" 200 -
2025-08-27 16:22:08,799 - werkzeug - INFO - 127.0.0.1 - - [27/Aug/2025 16:22:08] "GET /static/css/styles.css HTTP/1.1" 200 -
2025-08-27 16:22:10,462 - cryptolab - ERROR - Error ERR_20250827_162210_2181447763456: {'error_id': 'ERR_20250827_162210_2181447763456', 'error_type': 'CLIENT_ERROR', 'error_class': 'NotFound', 'error_message': '404 Not Found: The requested URL was not found on the server. If you entered the URL manually please check your spelling and try again.', 'request_method': 'GET', 'request_url': 'http://localhost:5000/favicon.ico', 'request_ip': '127.0.0.1', 'user_agent': 'Mozilla/5.0 (Macintosh; Intel Mac OS X 10_15_7) AppleWebKit/537.36 (KHTML, like Gecko) Chrome/128.0.0.0 Safari/537.36', 'timestamp': '2025-08-27T16:22:10.460832', 'traceback': 'Traceback (most recent call last):\n  File "C:\\Users\\ravis\\AppData\\Local\\Programs\\Python\\Python313\\Lib\\site-packages\\flask\\app.py", line 880, in full_dispatch_request\n    rv = self.dispatch_request()\n  File "C:\\Users\\ravis\\AppData\\Local\\Programs\\Python\\Python313\\Lib\\site-packages\\flask\\app.py", line 854, in dispatch_request\n    self.raise_routing_exception(req)\n    ~~~~~~~~~~~~~~~~~~~~~~~~~~~~^^^^^\n  File "C:\\Users\\ravis\\AppData\\Local\\Programs\\Python\\Python313\\Lib\\site-packages\\flask\\app.py", line 463, in raise_routing_exception\n    raise request.routing_exception  # type: ignore[misc]\n    ^^^^^^^^^^^^^^^^^^^^^^^^^^^^^^^\n  File "C:\\Users\\ravis\\AppData\\Local\\Programs\\Python\\Python313\\Lib\\site-packages\\flask\\ctx.py", line 362, in match_request\n    result = self.url_adapter.match(return_rule=True)  # type: ignore\n  File "C:\\Users\\ravis\\AppData\\Local\\Programs\\Python\\Python313\\Lib\\site-packages\\werkzeug\\routing\\map.py", line 629, in match\n    raise NotFound() from None\nwerkzeug.exceptions.NotFound: 404 Not Found: The requested URL was not found on the server. If you entered the URL manually please check your spelling and try again.\n'}
2025-08-27 16:22:10,463 - werkzeug - INFO - 127.0.0.1 - - [27/Aug/2025 16:22:10] "[33mGET /favicon.ico HTTP/1.1[0m" 404 -
2025-08-27 16:24:40,171 - werkzeug - INFO - 127.0.0.1 - - [27/Aug/2025 16:24:40] "GET /student/assignments HTTP/1.1" 200 -
2025-08-27 16:37:15,603 - werkzeug - INFO - [31m[1mWARNING: This is a development server. Do not use it in a production deployment. Use a production WSGI server instead.[0m
 * Running on http://127.0.0.1:5000
2025-08-27 16:37:15,604 - werkzeug - INFO - [33mPress CTRL+C to quit[0m
2025-08-27 16:37:15,607 - werkzeug - INFO -  * Restarting with stat
2025-08-27 16:37:16,541 - werkzeug - WARNING -  * Debugger is active!
2025-08-27 16:37:16,558 - werkzeug - INFO -  * Debugger PIN: 199-600-441
2025-08-27 16:37:22,807 - cryptolab - ERROR - Error ERR_20250827_163722_2466655245424: {'error_id': 'ERR_20250827_163722_2466655245424', 'error_type': 'CLIENT_ERROR', 'error_class': 'NotFound', 'error_message': '404 Not Found: The requested URL was not found on the server. If you entered the URL manually please check your spelling and try again.', 'request_method': 'GET', 'request_url': 'http://127.0.0.1:5000/favicon.ico', 'request_ip': '127.0.0.1', 'user_agent': 'Mozilla/5.0 (Windows NT 10.0; Win64; x64; rv:142.0) Gecko/20100101 Firefox/142.0', 'timestamp': '2025-08-27T16:37:22.799872', 'traceback': 'Traceback (most recent call last):\n  File "C:\\Users\\ravis\\AppData\\Local\\Programs\\Python\\Python313\\Lib\\site-packages\\flask\\app.py", line 880, in full_dispatch_request\n    rv = self.dispatch_request()\n  File "C:\\Users\\ravis\\AppData\\Local\\Programs\\Python\\Python313\\Lib\\site-packages\\flask\\app.py", line 854, in dispatch_request\n    self.raise_routing_exception(req)\n    ~~~~~~~~~~~~~~~~~~~~~~~~~~~~^^^^^\n  File "C:\\Users\\ravis\\AppData\\Local\\Programs\\Python\\Python313\\Lib\\site-packages\\flask\\app.py", line 463, in raise_routing_exception\n    raise request.routing_exception  # type: ignore[misc]\n    ^^^^^^^^^^^^^^^^^^^^^^^^^^^^^^^\n  File "C:\\Users\\ravis\\AppData\\Local\\Programs\\Python\\Python313\\Lib\\site-packages\\flask\\ctx.py", line 362, in match_request\n    result = self.url_adapter.match(return_rule=True)  # type: ignore\n  File "C:\\Users\\ravis\\AppData\\Local\\Programs\\Python\\Python313\\Lib\\site-packages\\werkzeug\\routing\\map.py", line 629, in match\n    raise NotFound() from None\nwerkzeug.exceptions.NotFound: 404 Not Found: The requested URL was not found on the server. If you entered the URL manually please check your spelling and try again.\n'}
2025-08-27 16:37:22,822 - werkzeug - INFO - 127.0.0.1 - - [27/Aug/2025 16:37:22] "[33mGET /favicon.ico HTTP/1.1[0m" 404 -
2025-08-27 16:37:29,919 - werkzeug - INFO - 127.0.0.1 - - [27/Aug/2025 16:37:29] "GET /student HTTP/1.1" 200 -
2025-08-27 16:37:33,287 - werkzeug - INFO - 127.0.0.1 - - [27/Aug/2025 16:37:33] "GET /student/assignments HTTP/1.1" 200 -
2025-08-27 16:38:10,043 - werkzeug - INFO - 127.0.0.1 - - [27/Aug/2025 16:38:10] "GET /student/assignments HTTP/1.1" 200 -
2025-08-27 16:38:18,393 - werkzeug - INFO - [31m[1mWARNING: This is a development server. Do not use it in a production deployment. Use a production WSGI server instead.[0m
 * Running on http://127.0.0.1:5000
2025-08-27 16:38:18,393 - werkzeug - INFO - [33mPress CTRL+C to quit[0m
2025-08-27 16:38:18,396 - werkzeug - INFO -  * Restarting with stat
2025-08-27 16:38:19,430 - werkzeug - WARNING -  * Debugger is active!
2025-08-27 16:38:19,440 - werkzeug - INFO -  * Debugger PIN: 199-600-441
2025-08-27 16:38:38,286 - werkzeug - INFO - 127.0.0.1 - - [27/Aug/2025 16:38:38] "GET /student-login HTTP/1.1" 200 -
2025-08-27 16:38:38,711 - werkzeug - INFO - 127.0.0.1 - - [27/Aug/2025 16:38:38] "GET /static/css/styles.css HTTP/1.1" 200 -
2025-08-27 16:38:39,513 - cryptolab - ERROR - Error ERR_20250827_163839_2466656027152: {'error_id': 'ERR_20250827_163839_2466656027152', 'error_type': 'CLIENT_ERROR', 'error_class': 'NotFound', 'error_message': '404 Not Found: The requested URL was not found on the server. If you entered the URL manually please check your spelling and try again.', 'request_method': 'GET', 'request_url': 'http://localhost:5000/favicon.ico', 'request_ip': '127.0.0.1', 'user_agent': 'Mozilla/5.0 (Macintosh; Intel Mac OS X 10_15_7) AppleWebKit/537.36 (KHTML, like Gecko) Chrome/128.0.0.0 Safari/537.36', 'timestamp': '2025-08-27T16:38:39.511144', 'traceback': 'Traceback (most recent call last):\n  File "C:\\Users\\ravis\\AppData\\Local\\Programs\\Python\\Python313\\Lib\\site-packages\\flask\\app.py", line 880, in full_dispatch_request\n    rv = self.dispatch_request()\n  File "C:\\Users\\ravis\\AppData\\Local\\Programs\\Python\\Python313\\Lib\\site-packages\\flask\\app.py", line 854, in dispatch_request\n    self.raise_routing_exception(req)\n    ~~~~~~~~~~~~~~~~~~~~~~~~~~~~^^^^^\n  File "C:\\Users\\ravis\\AppData\\Local\\Programs\\Python\\Python313\\Lib\\site-packages\\flask\\app.py", line 463, in raise_routing_exception\n    raise request.routing_exception  # type: ignore[misc]\n    ^^^^^^^^^^^^^^^^^^^^^^^^^^^^^^^\n  File "C:\\Users\\ravis\\AppData\\Local\\Programs\\Python\\Python313\\Lib\\site-packages\\flask\\ctx.py", line 362, in match_request\n    result = self.url_adapter.match(return_rule=True)  # type: ignore\n  File "C:\\Users\\ravis\\AppData\\Local\\Programs\\Python\\Python313\\Lib\\site-packages\\werkzeug\\routing\\map.py", line 629, in match\n    raise NotFound() from None\nwerkzeug.exceptions.NotFound: 404 Not Found: The requested URL was not found on the server. If you entered the URL manually please check your spelling and try again.\n'}
2025-08-27 16:38:39,515 - werkzeug - INFO - 127.0.0.1 - - [27/Aug/2025 16:38:39] "[33mGET /favicon.ico HTTP/1.1[0m" 404 -
2025-08-27 16:44:49,456 - werkzeug - INFO - [31m[1mWARNING: This is a development server. Do not use it in a production deployment. Use a production WSGI server instead.[0m
 * Running on http://127.0.0.1:5000
2025-08-27 16:44:49,457 - werkzeug - INFO - [33mPress CTRL+C to quit[0m
2025-08-27 16:44:49,461 - werkzeug - INFO -  * Restarting with stat
2025-08-27 16:44:50,395 - werkzeug - WARNING -  * Debugger is active!
2025-08-27 16:44:50,410 - werkzeug - INFO -  * Debugger PIN: 199-600-441
2025-08-27 16:45:30,635 - werkzeug - INFO - 127.0.0.1 - - [27/Aug/2025 16:45:30] "GET /student-login HTTP/1.1" 200 -
2025-08-27 16:45:31,024 - werkzeug - INFO - 127.0.0.1 - - [27/Aug/2025 16:45:31] "GET /static/css/styles.css HTTP/1.1" 200 -
2025-08-27 16:45:32,634 - cryptolab - ERROR - Error ERR_20250827_164532_2638232833056: {'error_id': 'ERR_20250827_164532_2638232833056', 'error_type': 'CLIENT_ERROR', 'error_class': 'NotFound', 'error_message': '404 Not Found: The requested URL was not found on the server. If you entered the URL manually please check your spelling and try again.', 'request_method': 'GET', 'request_url': 'http://localhost:5000/favicon.ico', 'request_ip': '127.0.0.1', 'user_agent': 'Mozilla/5.0 (Macintosh; Intel Mac OS X 10_15_7) AppleWebKit/537.36 (KHTML, like Gecko) Chrome/128.0.0.0 Safari/537.36', 'timestamp': '2025-08-27T16:45:32.627179', 'traceback': 'Traceback (most recent call last):\n  File "C:\\Users\\ravis\\AppData\\Local\\Programs\\Python\\Python313\\Lib\\site-packages\\flask\\app.py", line 880, in full_dispatch_request\n    rv = self.dispatch_request()\n  File "C:\\Users\\ravis\\AppData\\Local\\Programs\\Python\\Python313\\Lib\\site-packages\\flask\\app.py", line 854, in dispatch_request\n    self.raise_routing_exception(req)\n    ~~~~~~~~~~~~~~~~~~~~~~~~~~~~^^^^^\n  File "C:\\Users\\ravis\\AppData\\Local\\Programs\\Python\\Python313\\Lib\\site-packages\\flask\\app.py", line 463, in raise_routing_exception\n    raise request.routing_exception  # type: ignore[misc]\n    ^^^^^^^^^^^^^^^^^^^^^^^^^^^^^^^\n  File "C:\\Users\\ravis\\AppData\\Local\\Programs\\Python\\Python313\\Lib\\site-packages\\flask\\ctx.py", line 362, in match_request\n    result = self.url_adapter.match(return_rule=True)  # type: ignore\n  File "C:\\Users\\ravis\\AppData\\Local\\Programs\\Python\\Python313\\Lib\\site-packages\\werkzeug\\routing\\map.py", line 629, in match\n    raise NotFound() from None\nwerkzeug.exceptions.NotFound: 404 Not Found: The requested URL was not found on the server. If you entered the URL manually please check your spelling and try again.\n'}
2025-08-27 16:45:32,640 - werkzeug - INFO - 127.0.0.1 - - [27/Aug/2025 16:45:32] "[33mGET /favicon.ico HTTP/1.1[0m" 404 -
2025-08-27 16:54:50,801 - werkzeug - INFO - 127.0.0.1 - - [27/Aug/2025 16:54:50] "GET /student/assignments HTTP/1.1" 200 -
2025-08-27 16:55:01,163 - werkzeug - INFO - 127.0.0.1 - - [27/Aug/2025 16:55:01] "GET /student HTTP/1.1" 200 -
2025-08-27 16:55:09,596 - werkzeug - INFO - 127.0.0.1 - - [27/Aug/2025 16:55:09] "GET /student/assignments HTTP/1.1" 200 -
2025-08-27 16:55:17,800 - werkzeug - INFO - 127.0.0.1 - - [27/Aug/2025 16:55:17] "GET /mono-alphabetic HTTP/1.1" 200 -
2025-08-27 16:55:20,860 - werkzeug - INFO - 127.0.0.1 - - [27/Aug/2025 16:55:20] "GET /mono-alphabetic/assignment HTTP/1.1" 200 -
2025-08-27 16:55:23,594 - werkzeug - INFO - 127.0.0.1 - - [27/Aug/2025 16:55:23] "GET /mono-alphabetic/assignment HTTP/1.1" 200 -
2025-08-27 16:55:33,444 - werkzeug - INFO - 127.0.0.1 - - [27/Aug/2025 16:55:33] "GET /mono-alphabetic/reference HTTP/1.1" 200 -
2025-08-27 16:55:35,560 - werkzeug - INFO - 127.0.0.1 - - [27/Aug/2025 16:55:35] "GET /mono-alphabetic/feedback HTTP/1.1" 200 -
2025-08-27 16:55:37,501 - werkzeug - INFO - 127.0.0.1 - - [27/Aug/2025 16:55:37] "GET /mono-alphabetic/aim HTTP/1.1" 200 -
2025-08-27 16:55:40,319 - werkzeug - INFO - 127.0.0.1 - - [27/Aug/2025 16:55:40] "GET /mono-alphabetic/assignment HTTP/1.1" 200 -
2025-08-27 16:55:41,610 - werkzeug - INFO - 127.0.0.1 - - [27/Aug/2025 16:55:41] "GET /mono-alphabetic HTTP/1.1" 200 -
2025-08-27 16:55:43,720 - werkzeug - INFO - 127.0.0.1 - - [27/Aug/2025 16:55:43] "GET /student HTTP/1.1" 200 -
2025-08-27 16:55:46,136 - werkzeug - INFO - 127.0.0.1 - - [27/Aug/2025 16:55:46] "GET /student/assignments HTTP/1.1" 200 -
2025-08-27 16:56:55,316 - werkzeug - INFO -  * Detected change in 'd:\\VirtualLab\\VLAB\\routes\\assignments.py', reloading
2025-08-27 16:56:55,566 - werkzeug - INFO -  * Restarting with stat
2025-08-27 16:56:56,287 - werkzeug - WARNING -  * Debugger is active!
2025-08-27 16:56:56,295 - werkzeug - INFO -  * Debugger PIN: 199-600-441
2025-08-27 16:58:49,505 - werkzeug - INFO - 127.0.0.1 - - [27/Aug/2025 16:58:49] "[32mHEAD /assignments/a6eb45e2-f6f0-44db-adf7-947587418154 HTTP/1.1[0m" 302 -
2025-08-27 16:59:10,355 - werkzeug - INFO - 127.0.0.1 - - [27/Aug/2025 16:59:10] "GET /student/assignments HTTP/1.1" 200 -
2025-08-27 16:59:10,856 - cryptolab - ERROR - Error ERR_20250827_165910_1912258728848: {'error_id': 'ERR_20250827_165910_1912258728848', 'error_type': 'CLIENT_ERROR', 'error_class': 'NotFound', 'error_message': '404 Not Found: The requested URL was not found on the server. If you entered the URL manually please check your spelling and try again.', 'request_method': 'GET', 'request_url': 'http://127.0.0.1:5000/favicon.ico', 'request_ip': '127.0.0.1', 'user_agent': 'Mozilla/5.0 (Windows NT 10.0; Win64; x64; rv:142.0) Gecko/20100101 Firefox/142.0', 'timestamp': '2025-08-27T16:59:10.849285', 'traceback': 'Traceback (most recent call last):\n  File "C:\\Users\\ravis\\AppData\\Local\\Programs\\Python\\Python313\\Lib\\site-packages\\flask\\app.py", line 880, in full_dispatch_request\n    rv = self.dispatch_request()\n  File "C:\\Users\\ravis\\AppData\\Local\\Programs\\Python\\Python313\\Lib\\site-packages\\flask\\app.py", line 854, in dispatch_request\n    self.raise_routing_exception(req)\n    ~~~~~~~~~~~~~~~~~~~~~~~~~~~~^^^^^\n  File "C:\\Users\\ravis\\AppData\\Local\\Programs\\Python\\Python313\\Lib\\site-packages\\flask\\app.py", line 463, in raise_routing_exception\n    raise request.routing_exception  # type: ignore[misc]\n    ^^^^^^^^^^^^^^^^^^^^^^^^^^^^^^^\n  File "C:\\Users\\ravis\\AppData\\Local\\Programs\\Python\\Python313\\Lib\\site-packages\\flask\\ctx.py", line 362, in match_request\n    result = self.url_adapter.match(return_rule=True)  # type: ignore\n  File "C:\\Users\\ravis\\AppData\\Local\\Programs\\Python\\Python313\\Lib\\site-packages\\werkzeug\\routing\\map.py", line 629, in match\n    raise NotFound() from None\nwerkzeug.exceptions.NotFound: 404 Not Found: The requested URL was not found on the server. If you entered the URL manually please check your spelling and try again.\n'}
2025-08-27 16:59:10,863 - werkzeug - INFO - 127.0.0.1 - - [27/Aug/2025 16:59:10] "[33mGET /favicon.ico HTTP/1.1[0m" 404 -
2025-08-27 16:59:13,396 - werkzeug - INFO - 127.0.0.1 - - [27/Aug/2025 16:59:13] "GET /student/assignments HTTP/1.1" 200 -
2025-08-27 16:59:26,319 - werkzeug - INFO - [31m[1mWARNING: This is a development server. Do not use it in a production deployment. Use a production WSGI server instead.[0m
 * Running on http://127.0.0.1:5000
2025-08-27 16:59:26,319 - werkzeug - INFO - [33mPress CTRL+C to quit[0m
2025-08-27 16:59:26,321 - werkzeug - INFO -  * Restarting with stat
2025-08-27 16:59:26,747 - werkzeug - WARNING -  * Debugger is active!
2025-08-27 16:59:26,754 - werkzeug - INFO -  * Debugger PIN: 199-600-441
2025-08-27 16:59:35,412 - werkzeug - INFO - 127.0.0.1 - - [27/Aug/2025 16:59:35] "[32mGET / HTTP/1.1[0m" 302 -
2025-08-27 16:59:35,445 - werkzeug - INFO - 127.0.0.1 - - [27/Aug/2025 16:59:35] "GET /student HTTP/1.1" 200 -
2025-08-27 16:59:40,943 - cryptolab.auth - INFO - Auth Event: {'username': 'student1', 'event_type': 'LOGOUT', 'success': True, 'details': 'User logged out from student role', 'request_ip': '127.0.0.1', 'user_agent': 'Mozilla/5.0 (Windows NT 10.0; Win64; x64; rv:142.0) Gecko/20100101 Firefox/142.0', 'timestamp': '2025-08-27T16:59:40.943614'}
2025-08-27 16:59:40,945 - werkzeug - INFO - 127.0.0.1 - - [27/Aug/2025 16:59:40] "[32mGET /logout HTTP/1.1[0m" 302 -
2025-08-27 16:59:40,970 - werkzeug - INFO - 127.0.0.1 - - [27/Aug/2025 16:59:40] "GET /student-login HTTP/1.1" 200 -
2025-08-27 16:59:41,139 - werkzeug - INFO - 127.0.0.1 - - [27/Aug/2025 16:59:41] "[36mGET /static/css/styles.css HTTP/1.1[0m" 304 -
2025-08-27 16:59:45,242 - cryptolab.auth - INFO - Auth Event: {'username': 'student1', 'event_type': 'STUDENT_LOGIN_SUCCESS', 'success': True, 'details': 'Student Alice Johnson logged in', 'request_ip': '127.0.0.1', 'user_agent': 'Mozilla/5.0 (Windows NT 10.0; Win64; x64; rv:142.0) Gecko/20100101 Firefox/142.0', 'timestamp': '2025-08-27T16:59:45.242098'}
2025-08-27 16:59:45,243 - werkzeug - INFO - 127.0.0.1 - - [27/Aug/2025 16:59:45] "[32mPOST /student-login HTTP/1.1[0m" 302 -
2025-08-27 16:59:45,260 - werkzeug - INFO - 127.0.0.1 - - [27/Aug/2025 16:59:45] "GET /student HTTP/1.1" 200 -
2025-08-27 16:59:51,482 - werkzeug - INFO - 127.0.0.1 - - [27/Aug/2025 16:59:51] "GET /student/assignments HTTP/1.1" 200 -
2025-08-27 17:06:09,417 - werkzeug - INFO - 127.0.0.1 - - [27/Aug/2025 17:06:09] "GET / HTTP/1.1" 200 -
2025-08-27 17:06:11,280 - cryptolab - ERROR - Error ERR_20250827_170611_1912258728848: {'error_id': 'ERR_20250827_170611_1912258728848', 'error_type': 'CLIENT_ERROR', 'error_class': 'NotFound', 'error_message': '404 Not Found: The requested URL was not found on the server. If you entered the URL manually please check your spelling and try again.', 'request_method': 'GET', 'request_url': 'http://localhost:5000/favicon.ico', 'request_ip': '127.0.0.1', 'user_agent': 'Mozilla/5.0 (Macintosh; Intel Mac OS X 10_15_7) AppleWebKit/537.36 (KHTML, like Gecko) Chrome/128.0.0.0 Safari/537.36', 'timestamp': '2025-08-27T17:06:11.278894', 'traceback': 'Traceback (most recent call last):\n  File "C:\\Users\\ravis\\AppData\\Local\\Programs\\Python\\Python313\\Lib\\site-packages\\flask\\app.py", line 880, in full_dispatch_request\n    rv = self.dispatch_request()\n  File "C:\\Users\\ravis\\AppData\\Local\\Programs\\Python\\Python313\\Lib\\site-packages\\flask\\app.py", line 854, in dispatch_request\n    self.raise_routing_exception(req)\n    ~~~~~~~~~~~~~~~~~~~~~~~~~~~~^^^^^\n  File "C:\\Users\\ravis\\AppData\\Local\\Programs\\Python\\Python313\\Lib\\site-packages\\flask\\app.py", line 463, in raise_routing_exception\n    raise request.routing_exception  # type: ignore[misc]\n    ^^^^^^^^^^^^^^^^^^^^^^^^^^^^^^^\n  File "C:\\Users\\ravis\\AppData\\Local\\Programs\\Python\\Python313\\Lib\\site-packages\\flask\\ctx.py", line 362, in match_request\n    result = self.url_adapter.match(return_rule=True)  # type: ignore\n  File "C:\\Users\\ravis\\AppData\\Local\\Programs\\Python\\Python313\\Lib\\site-packages\\werkzeug\\routing\\map.py", line 629, in match\n    raise NotFound() from None\nwerkzeug.exceptions.NotFound: 404 Not Found: The requested URL was not found on the server. If you entered the URL manually please check your spelling and try again.\n'}
2025-08-27 17:06:11,282 - werkzeug - INFO - 127.0.0.1 - - [27/Aug/2025 17:06:11] "[33mGET /favicon.ico HTTP/1.1[0m" 404 -
2025-08-27 17:06:26,920 - werkzeug - INFO - 127.0.0.1 - - [27/Aug/2025 17:06:26] "GET /student-login HTTP/1.1" 200 -
2025-08-27 17:06:27,202 - werkzeug - INFO - 127.0.0.1 - - [27/Aug/2025 17:06:27] "GET /static/css/styles.css HTTP/1.1" 200 -
2025-08-27 17:07:33,706 - cryptolab.auth - INFO - Auth Event: {'username': 'student1', 'event_type': 'STUDENT_LOGIN_SUCCESS', 'success': True, 'details': 'Student Alice Johnson logged in', 'request_ip': '127.0.0.1', 'user_agent': 'Mozilla/5.0 (Macintosh; Intel Mac OS X 10_15_7) AppleWebKit/537.36 (KHTML, like Gecko) Chrome/128.0.0.0 Safari/537.36', 'timestamp': '2025-08-27T17:07:33.706063'}
2025-08-27 17:07:33,707 - werkzeug - INFO - 127.0.0.1 - - [27/Aug/2025 17:07:33] "[32mPOST /student-login HTTP/1.1[0m" 302 -
2025-08-27 17:07:33,988 - werkzeug - INFO - 127.0.0.1 - - [27/Aug/2025 17:07:33] "GET /student HTTP/1.1" 200 -
2025-08-27 17:09:00,623 - werkzeug - INFO - 127.0.0.1 - - [27/Aug/2025 17:09:00] "GET / HTTP/1.1" 200 -
2025-08-27 17:09:02,567 - cryptolab - ERROR - Error ERR_20250827_170902_1912259365024: {'error_id': 'ERR_20250827_170902_1912259365024', 'error_type': 'CLIENT_ERROR', 'error_class': 'NotFound', 'error_message': '404 Not Found: The requested URL was not found on the server. If you entered the URL manually please check your spelling and try again.', 'request_method': 'GET', 'request_url': 'http://localhost:5000/favicon.ico', 'request_ip': '127.0.0.1', 'user_agent': 'Mozilla/5.0 (Macintosh; Intel Mac OS X 10_15_7) AppleWebKit/537.36 (KHTML, like Gecko) Chrome/128.0.0.0 Safari/537.36', 'timestamp': '2025-08-27T17:09:02.565238', 'traceback': 'Traceback (most recent call last):\n  File "C:\\Users\\ravis\\AppData\\Local\\Programs\\Python\\Python313\\Lib\\site-packages\\flask\\app.py", line 880, in full_dispatch_request\n    rv = self.dispatch_request()\n  File "C:\\Users\\ravis\\AppData\\Local\\Programs\\Python\\Python313\\Lib\\site-packages\\flask\\app.py", line 854, in dispatch_request\n    self.raise_routing_exception(req)\n    ~~~~~~~~~~~~~~~~~~~~~~~~~~~~^^^^^\n  File "C:\\Users\\ravis\\AppData\\Local\\Programs\\Python\\Python313\\Lib\\site-packages\\flask\\app.py", line 463, in raise_routing_exception\n    raise request.routing_exception  # type: ignore[misc]\n    ^^^^^^^^^^^^^^^^^^^^^^^^^^^^^^^\n  File "C:\\Users\\ravis\\AppData\\Local\\Programs\\Python\\Python313\\Lib\\site-packages\\flask\\ctx.py", line 362, in match_request\n    result = self.url_adapter.match(return_rule=True)  # type: ignore\n  File "C:\\Users\\ravis\\AppData\\Local\\Programs\\Python\\Python313\\Lib\\site-packages\\werkzeug\\routing\\map.py", line 629, in match\n    raise NotFound() from None\nwerkzeug.exceptions.NotFound: 404 Not Found: The requested URL was not found on the server. If you entered the URL manually please check your spelling and try again.\n'}
2025-08-27 17:09:02,567 - werkzeug - INFO - 127.0.0.1 - - [27/Aug/2025 17:09:02] "[33mGET /favicon.ico HTTP/1.1[0m" 404 -
2025-08-27 17:09:10,734 - werkzeug - INFO - 127.0.0.1 - - [27/Aug/2025 17:09:10] "GET /student-login HTTP/1.1" 200 -
2025-08-27 17:09:11,017 - werkzeug - INFO - 127.0.0.1 - - [27/Aug/2025 17:09:11] "GET /static/css/styles.css HTTP/1.1" 200 -
2025-08-27 17:11:18,723 - werkzeug - INFO - 127.0.0.1 - - [27/Aug/2025 17:11:18] "GET / HTTP/1.1" 200 -
2025-08-27 17:11:20,884 - cryptolab - ERROR - Error ERR_20250827_171120_1912259363904: {'error_id': 'ERR_20250827_171120_1912259363904', 'error_type': 'CLIENT_ERROR', 'error_class': 'NotFound', 'error_message': '404 Not Found: The requested URL was not found on the server. If you entered the URL manually please check your spelling and try again.', 'request_method': 'GET', 'request_url': 'http://localhost:5000/favicon.ico', 'request_ip': '127.0.0.1', 'user_agent': 'Mozilla/5.0 (Macintosh; Intel Mac OS X 10_15_7) AppleWebKit/537.36 (KHTML, like Gecko) Chrome/128.0.0.0 Safari/537.36', 'timestamp': '2025-08-27T17:11:20.868408', 'traceback': 'Traceback (most recent call last):\n  File "C:\\Users\\ravis\\AppData\\Local\\Programs\\Python\\Python313\\Lib\\site-packages\\flask\\app.py", line 880, in full_dispatch_request\n    rv = self.dispatch_request()\n  File "C:\\Users\\ravis\\AppData\\Local\\Programs\\Python\\Python313\\Lib\\site-packages\\flask\\app.py", line 854, in dispatch_request\n    self.raise_routing_exception(req)\n    ~~~~~~~~~~~~~~~~~~~~~~~~~~~~^^^^^\n  File "C:\\Users\\ravis\\AppData\\Local\\Programs\\Python\\Python313\\Lib\\site-packages\\flask\\app.py", line 463, in raise_routing_exception\n    raise request.routing_exception  # type: ignore[misc]\n    ^^^^^^^^^^^^^^^^^^^^^^^^^^^^^^^\n  File "C:\\Users\\ravis\\AppData\\Local\\Programs\\Python\\Python313\\Lib\\site-packages\\flask\\ctx.py", line 362, in match_request\n    result = self.url_adapter.match(return_rule=True)  # type: ignore\n  File "C:\\Users\\ravis\\AppData\\Local\\Programs\\Python\\Python313\\Lib\\site-packages\\werkzeug\\routing\\map.py", line 629, in match\n    raise NotFound() from None\nwerkzeug.exceptions.NotFound: 404 Not Found: The requested URL was not found on the server. If you entered the URL manually please check your spelling and try again.\n'}
2025-08-27 17:11:20,886 - werkzeug - INFO - 127.0.0.1 - - [27/Aug/2025 17:11:20] "[33mGET /favicon.ico HTTP/1.1[0m" 404 -
2025-08-27 17:12:08,613 - werkzeug - INFO - 127.0.0.1 - - [27/Aug/2025 17:12:08] "GET /student-login HTTP/1.1" 200 -
2025-08-27 17:12:08,878 - werkzeug - INFO - 127.0.0.1 - - [27/Aug/2025 17:12:08] "GET /static/css/styles.css HTTP/1.1" 200 -
2025-08-27 17:14:08,463 - werkzeug - INFO - 127.0.0.1 - - [27/Aug/2025 17:14:08] "GET / HTTP/1.1" 200 -
2025-08-27 17:14:09,687 - cryptolab - ERROR - Error ERR_20250827_171409_1912259367600: {'error_id': 'ERR_20250827_171409_1912259367600', 'error_type': 'CLIENT_ERROR', 'error_class': 'NotFound', 'error_message': '404 Not Found: The requested URL was not found on the server. If you entered the URL manually please check your spelling and try again.', 'request_method': 'GET', 'request_url': 'http://localhost:5000/favicon.ico', 'request_ip': '127.0.0.1', 'user_agent': 'Mozilla/5.0 (Macintosh; Intel Mac OS X 10_15_7) AppleWebKit/537.36 (KHTML, like Gecko) Chrome/128.0.0.0 Safari/537.36', 'timestamp': '2025-08-27T17:14:09.685672', 'traceback': 'Traceback (most recent call last):\n  File "C:\\Users\\ravis\\AppData\\Local\\Programs\\Python\\Python313\\Lib\\site-packages\\flask\\app.py", line 880, in full_dispatch_request\n    rv = self.dispatch_request()\n  File "C:\\Users\\ravis\\AppData\\Local\\Programs\\Python\\Python313\\Lib\\site-packages\\flask\\app.py", line 854, in dispatch_request\n    self.raise_routing_exception(req)\n    ~~~~~~~~~~~~~~~~~~~~~~~~~~~~^^^^^\n  File "C:\\Users\\ravis\\AppData\\Local\\Programs\\Python\\Python313\\Lib\\site-packages\\flask\\app.py", line 463, in raise_routing_exception\n    raise request.routing_exception  # type: ignore[misc]\n    ^^^^^^^^^^^^^^^^^^^^^^^^^^^^^^^\n  File "C:\\Users\\ravis\\AppData\\Local\\Programs\\Python\\Python313\\Lib\\site-packages\\flask\\ctx.py", line 362, in match_request\n    result = self.url_adapter.match(return_rule=True)  # type: ignore\n  File "C:\\Users\\ravis\\AppData\\Local\\Programs\\Python\\Python313\\Lib\\site-packages\\werkzeug\\routing\\map.py", line 629, in match\n    raise NotFound() from None\nwerkzeug.exceptions.NotFound: 404 Not Found: The requested URL was not found on the server. If you entered the URL manually please check your spelling and try again.\n'}
2025-08-27 17:14:09,688 - werkzeug - INFO - 127.0.0.1 - - [27/Aug/2025 17:14:09] "[33mGET /favicon.ico HTTP/1.1[0m" 404 -
2025-08-27 17:14:20,291 - werkzeug - INFO - 127.0.0.1 - - [27/Aug/2025 17:14:20] "GET /student-login HTTP/1.1" 200 -
2025-08-27 17:14:20,557 - werkzeug - INFO - 127.0.0.1 - - [27/Aug/2025 17:14:20] "GET /static/css/styles.css HTTP/1.1" 200 -
2025-08-27 17:17:29,338 - werkzeug - INFO - 127.0.0.1 - - [27/Aug/2025 17:17:29] "GET / HTTP/1.1" 200 -
2025-08-27 17:17:31,372 - cryptolab - ERROR - Error ERR_20250827_171731_1912259369168: {'error_id': 'ERR_20250827_171731_1912259369168', 'error_type': 'CLIENT_ERROR', 'error_class': 'NotFound', 'error_message': '404 Not Found: The requested URL was not found on the server. If you entered the URL manually please check your spelling and try again.', 'request_method': 'GET', 'request_url': 'http://localhost:5000/favicon.ico', 'request_ip': '127.0.0.1', 'user_agent': 'Mozilla/5.0 (Macintosh; Intel Mac OS X 10_15_7) AppleWebKit/537.36 (KHTML, like Gecko) Chrome/128.0.0.0 Safari/537.36', 'timestamp': '2025-08-27T17:17:31.370833', 'traceback': 'Traceback (most recent call last):\n  File "C:\\Users\\ravis\\AppData\\Local\\Programs\\Python\\Python313\\Lib\\site-packages\\flask\\app.py", line 880, in full_dispatch_request\n    rv = self.dispatch_request()\n  File "C:\\Users\\ravis\\AppData\\Local\\Programs\\Python\\Python313\\Lib\\site-packages\\flask\\app.py", line 854, in dispatch_request\n    self.raise_routing_exception(req)\n    ~~~~~~~~~~~~~~~~~~~~~~~~~~~~^^^^^\n  File "C:\\Users\\ravis\\AppData\\Local\\Programs\\Python\\Python313\\Lib\\site-packages\\flask\\app.py", line 463, in raise_routing_exception\n    raise request.routing_exception  # type: ignore[misc]\n    ^^^^^^^^^^^^^^^^^^^^^^^^^^^^^^^\n  File "C:\\Users\\ravis\\AppData\\Local\\Programs\\Python\\Python313\\Lib\\site-packages\\flask\\ctx.py", line 362, in match_request\n    result = self.url_adapter.match(return_rule=True)  # type: ignore\n  File "C:\\Users\\ravis\\AppData\\Local\\Programs\\Python\\Python313\\Lib\\site-packages\\werkzeug\\routing\\map.py", line 629, in match\n    raise NotFound() from None\nwerkzeug.exceptions.NotFound: 404 Not Found: The requested URL was not found on the server. If you entered the URL manually please check your spelling and try again.\n'}
2025-08-27 17:17:31,373 - werkzeug - INFO - 127.0.0.1 - - [27/Aug/2025 17:17:31] "[33mGET /favicon.ico HTTP/1.1[0m" 404 -
2025-08-27 17:30:25,544 - werkzeug - INFO - [31m[1mWARNING: This is a development server. Do not use it in a production deployment. Use a production WSGI server instead.[0m
 * Running on http://127.0.0.1:5000
2025-08-27 17:30:25,544 - werkzeug - INFO - [33mPress CTRL+C to quit[0m
2025-08-27 17:30:25,546 - werkzeug - INFO -  * Restarting with stat
2025-08-27 17:30:25,987 - werkzeug - WARNING -  * Debugger is active!
2025-08-27 17:30:25,994 - werkzeug - INFO -  * Debugger PIN: 199-600-441
2025-08-27 17:30:33,221 - werkzeug - INFO - 127.0.0.1 - - [27/Aug/2025 17:30:33] "[32mGET / HTTP/1.1[0m" 302 -
2025-08-27 17:30:33,296 - werkzeug - INFO - 127.0.0.1 - - [27/Aug/2025 17:30:33] "GET /student HTTP/1.1" 200 -
2025-08-27 17:30:39,319 - werkzeug - INFO - 127.0.0.1 - - [27/Aug/2025 17:30:39] "GET /student/assignments HTTP/1.1" 200 -
2025-08-27 17:30:50,266 - werkzeug - INFO - 127.0.0.1 - - [27/Aug/2025 17:30:50] "GET /student HTTP/1.1" 200 -
2025-08-27 17:30:54,088 - cryptolab.auth - INFO - Auth Event: {'username': 'student1', 'event_type': 'LOGOUT', 'success': True, 'details': 'User logged out from student role', 'request_ip': '127.0.0.1', 'user_agent': 'Mozilla/5.0 (Windows NT 10.0; Win64; x64; rv:142.0) Gecko/20100101 Firefox/142.0', 'timestamp': '2025-08-27T17:30:54.088568'}
2025-08-27 17:30:54,090 - werkzeug - INFO - 127.0.0.1 - - [27/Aug/2025 17:30:54] "[32mGET /logout HTTP/1.1[0m" 302 -
2025-08-27 17:30:54,103 - werkzeug - INFO - 127.0.0.1 - - [27/Aug/2025 17:30:54] "GET /student-login HTTP/1.1" 200 -
2025-08-27 17:30:54,165 - werkzeug - INFO - 127.0.0.1 - - [27/Aug/2025 17:30:54] "GET /static/css/styles.css HTTP/1.1" 200 -
2025-08-27 17:30:59,369 - werkzeug - INFO - 127.0.0.1 - - [27/Aug/2025 17:30:59] "GET /faculty-login HTTP/1.1" 200 -
2025-08-27 17:30:59,437 - werkzeug - INFO - 127.0.0.1 - - [27/Aug/2025 17:30:59] "[36mGET /static/css/styles.css HTTP/1.1[0m" 304 -
2025-08-27 17:31:03,158 - cryptolab.auth - INFO - Auth Event: {'username': 'ravishyam121', 'event_type': 'FACULTY_LOGIN_SUCCESS', 'success': True, 'details': 'Faculty Ravi Shyam logged in', 'request_ip': '127.0.0.1', 'user_agent': 'Mozilla/5.0 (Windows NT 10.0; Win64; x64; rv:142.0) Gecko/20100101 Firefox/142.0', 'timestamp': '2025-08-27T17:31:03.158286'}
2025-08-27 17:31:03,160 - werkzeug - INFO - 127.0.0.1 - - [27/Aug/2025 17:31:03] "[32mPOST /faculty-login HTTP/1.1[0m" 302 -
2025-08-27 17:31:03,200 - werkzeug - INFO - 127.0.0.1 - - [27/Aug/2025 17:31:03] "GET /faculty HTTP/1.1" 200 -
2025-08-27 17:31:48,119 - werkzeug - INFO - 127.0.0.1 - - [27/Aug/2025 17:31:48] "GET /faculty/assignments/create HTTP/1.1" 200 -
2025-08-27 17:31:50,621 - werkzeug - INFO - 127.0.0.1 - - [27/Aug/2025 17:31:50] "[32mGET /faculty/assignments HTTP/1.1[0m" 302 -
2025-08-27 17:31:50,634 - werkzeug - INFO - 127.0.0.1 - - [27/Aug/2025 17:31:50] "GET /faculty HTTP/1.1" 200 -
2025-08-27 17:32:01,996 - werkzeug - INFO - 127.0.0.1 - - [27/Aug/2025 17:32:01] "GET /faculty HTTP/1.1" 200 -
2025-08-27 17:32:04,100 - werkzeug - INFO - 127.0.0.1 - - [27/Aug/2025 17:32:04] "GET /faculty/assignments/create HTTP/1.1" 200 -
2025-08-27 17:51:14,334 - werkzeug - INFO -  * Detected change in 'd:\\VirtualLab\\VLAB\\routes\\assignments.py', reloading
2025-08-27 17:51:14,844 - werkzeug - INFO -  * Restarting with stat
2025-08-27 17:51:37,681 - werkzeug - INFO - [31m[1mWARNING: This is a development server. Do not use it in a production deployment. Use a production WSGI server instead.[0m
 * Running on http://127.0.0.1:5000
2025-08-27 17:51:37,681 - werkzeug - INFO - [33mPress CTRL+C to quit[0m
2025-08-27 17:51:37,684 - werkzeug - INFO -  * Restarting with stat
2025-08-27 17:51:38,648 - werkzeug - WARNING -  * Debugger is active!
2025-08-27 17:51:38,662 - werkzeug - INFO -  * Debugger PIN: 199-600-441
2025-08-27 17:52:45,475 - werkzeug - INFO - 127.0.0.1 - - [27/Aug/2025 17:52:45] "[32mGET / HTTP/1.1[0m" 302 -
2025-08-27 17:52:45,617 - werkzeug - INFO - 127.0.0.1 - - [27/Aug/2025 17:52:45] "GET /faculty HTTP/1.1" 200 -
2025-08-27 17:52:46,515 - werkzeug - INFO - 127.0.0.1 - - [27/Aug/2025 17:52:46] "GET /api/assignments/stats HTTP/1.1" 200 -
2025-08-27 17:52:46,595 - werkzeug - INFO - 127.0.0.1 - - [27/Aug/2025 17:52:46] "GET /api/faculty/submissions/recent HTTP/1.1" 200 -
2025-08-27 17:53:17,197 - werkzeug - INFO - 127.0.0.1 - - [27/Aug/2025 17:53:17] "[32mGET /faculty/assignments HTTP/1.1[0m" 302 -
2025-08-27 17:53:17,224 - werkzeug - INFO - 127.0.0.1 - - [27/Aug/2025 17:53:17] "GET /faculty HTTP/1.1" 200 -
2025-08-27 17:53:17,971 - werkzeug - INFO - 127.0.0.1 - - [27/Aug/2025 17:53:17] "GET /api/assignments/stats HTTP/1.1" 200 -
2025-08-27 17:53:18,015 - werkzeug - INFO - 127.0.0.1 - - [27/Aug/2025 17:53:18] "GET /api/faculty/submissions/recent HTTP/1.1" 200 -
2025-08-27 17:53:35,612 - werkzeug - INFO - 127.0.0.1 - - [27/Aug/2025 17:53:35] "GET /api/assignments/stats HTTP/1.1" 200 -
2025-08-27 17:53:35,632 - werkzeug - INFO - 127.0.0.1 - - [27/Aug/2025 17:53:35] "GET /api/faculty/submissions/recent HTTP/1.1" 200 -
2025-08-27 17:53:45,207 - cryptolab.auth - INFO - Auth Event: {'username': 'ravishyam121', 'event_type': 'LOGOUT', 'success': True, 'details': 'User logged out from faculty role', 'request_ip': '127.0.0.1', 'user_agent': 'Mozilla/5.0 (Windows NT 10.0; Win64; x64; rv:142.0) Gecko/20100101 Firefox/142.0', 'timestamp': '2025-08-27T17:53:45.207412'}
2025-08-27 17:53:45,210 - werkzeug - INFO - 127.0.0.1 - - [27/Aug/2025 17:53:45] "[32mGET /logout HTTP/1.1[0m" 302 -
2025-08-27 17:53:45,245 - werkzeug - INFO - 127.0.0.1 - - [27/Aug/2025 17:53:45] "GET /faculty-login HTTP/1.1" 200 -
2025-08-27 17:53:45,568 - werkzeug - INFO - 127.0.0.1 - - [27/Aug/2025 17:53:45] "GET /static/css/styles.css HTTP/1.1" 200 -
2025-08-27 17:53:49,423 - werkzeug - INFO - 127.0.0.1 - - [27/Aug/2025 17:53:49] "GET /student-login HTTP/1.1" 200 -
2025-08-27 17:53:49,559 - werkzeug - INFO - 127.0.0.1 - - [27/Aug/2025 17:53:49] "GET /static/css/styles.css HTTP/1.1" 200 -
2025-08-27 17:53:58,109 - cryptolab.auth - INFO - Auth Event: {'username': 'student1', 'event_type': 'STUDENT_LOGIN_SUCCESS', 'success': True, 'details': 'Student Alice Johnson logged in', 'request_ip': '127.0.0.1', 'user_agent': 'Mozilla/5.0 (Windows NT 10.0; Win64; x64; rv:142.0) Gecko/20100101 Firefox/142.0', 'timestamp': '2025-08-27T17:53:58.109389'}
2025-08-27 17:53:58,111 - werkzeug - INFO - 127.0.0.1 - - [27/Aug/2025 17:53:58] "[32mPOST /student-login HTTP/1.1[0m" 302 -
2025-08-27 17:53:58,171 - werkzeug - INFO - 127.0.0.1 - - [27/Aug/2025 17:53:58] "GET /student HTTP/1.1" 200 -
2025-08-27 17:54:01,622 - werkzeug - INFO - 127.0.0.1 - - [27/Aug/2025 17:54:01] "GET /student/assignments HTTP/1.1" 200 -
2025-08-27 18:05:51,027 - werkzeug - INFO - [31m[1mWARNING: This is a development server. Do not use it in a production deployment. Use a production WSGI server instead.[0m
 * Running on http://127.0.0.1:5000
2025-08-27 18:05:51,028 - werkzeug - INFO - [33mPress CTRL+C to quit[0m
2025-08-27 18:05:51,031 - werkzeug - INFO -  * Restarting with stat
2025-08-27 18:05:51,941 - werkzeug - WARNING -  * Debugger is active!
2025-08-27 18:05:51,950 - werkzeug - INFO -  * Debugger PIN: 199-600-441
2025-08-27 18:06:02,006 - werkzeug - INFO - 127.0.0.1 - - [27/Aug/2025 18:06:02] "[32mGET / HTTP/1.1[0m" 302 -
2025-08-27 18:06:02,119 - werkzeug - INFO - 127.0.0.1 - - [27/Aug/2025 18:06:02] "GET /student HTTP/1.1" 200 -
2025-08-27 18:06:12,356 - werkzeug - INFO - 127.0.0.1 - - [27/Aug/2025 18:06:12] "GET /student/assignments HTTP/1.1" 200 -
2025-08-27 18:06:52,435 - werkzeug - INFO - 127.0.0.1 - - [27/Aug/2025 18:06:52] "GET /assignments/a6eb45e2-f6f0-44db-adf7-947587418154 HTTP/1.1" 200 -
2025-08-27 18:07:21,368 - werkzeug - INFO - 127.0.0.1 - - [27/Aug/2025 18:07:21] "GET /student/assignments HTTP/1.1" 200 -
2025-08-27 18:07:22,209 - cryptolab - ERROR - Error ERR_20250827_180722_2031158771536: {'error_id': 'ERR_20250827_180722_2031158771536', 'error_type': 'CLIENT_ERROR', 'error_class': 'NotFound', 'error_message': '404 Not Found: The requested URL was not found on the server. If you entered the URL manually please check your spelling and try again.', 'request_method': 'GET', 'request_url': 'http://127.0.0.1:5000/favicon.ico', 'request_ip': '127.0.0.1', 'user_agent': 'Mozilla/5.0 (Windows NT 10.0; Win64; x64; rv:142.0) Gecko/20100101 Firefox/142.0', 'timestamp': '2025-08-27T18:07:22.192158', 'traceback': 'Traceback (most recent call last):\n  File "C:\\Users\\ravis\\AppData\\Local\\Programs\\Python\\Python313\\Lib\\site-packages\\flask\\app.py", line 880, in full_dispatch_request\n    rv = self.dispatch_request()\n  File "C:\\Users\\ravis\\AppData\\Local\\Programs\\Python\\Python313\\Lib\\site-packages\\flask\\app.py", line 854, in dispatch_request\n    self.raise_routing_exception(req)\n    ~~~~~~~~~~~~~~~~~~~~~~~~~~~~^^^^^\n  File "C:\\Users\\ravis\\AppData\\Local\\Programs\\Python\\Python313\\Lib\\site-packages\\flask\\app.py", line 463, in raise_routing_exception\n    raise request.routing_exception  # type: ignore[misc]\n    ^^^^^^^^^^^^^^^^^^^^^^^^^^^^^^^\n  File "C:\\Users\\ravis\\AppData\\Local\\Programs\\Python\\Python313\\Lib\\site-packages\\flask\\ctx.py", line 362, in match_request\n    result = self.url_adapter.match(return_rule=True)  # type: ignore\n  File "C:\\Users\\ravis\\AppData\\Local\\Programs\\Python\\Python313\\Lib\\site-packages\\werkzeug\\routing\\map.py", line 629, in match\n    raise NotFound() from None\nwerkzeug.exceptions.NotFound: 404 Not Found: The requested URL was not found on the server. If you entered the URL manually please check your spelling and try again.\n'}
2025-08-27 18:07:22,219 - werkzeug - INFO - 127.0.0.1 - - [27/Aug/2025 18:07:22] "[33mGET /favicon.ico HTTP/1.1[0m" 404 -
2025-08-27 18:07:26,626 - cryptolab - ERROR - Error ERR_20250827_180726_2031159401104: {'error_id': 'ERR_20250827_180726_2031159401104', 'error_type': 'SERVER_ERROR', 'error_class': 'BuildError', 'error_message': "Could not build url for endpoint 'assignments.view_assignment' with values ['assignment_id']. Did you mean 'assignments.faculty_view_assignment' instead?", 'request_method': 'GET', 'request_url': 'http://127.0.0.1:5000/assignments/a6eb45e2-f6f0-44db-adf7-947587418154/submit', 'request_ip': '127.0.0.1', 'user_agent': 'Mozilla/5.0 (Windows NT 10.0; Win64; x64; rv:142.0) Gecko/20100101 Firefox/142.0', 'timestamp': '2025-08-27T18:07:26.486210', 'traceback': 'Traceback (most recent call last):\n  File "D:\\VirtualLab\\VLAB\\routes\\assignments.py", line 305, in submit_assignment\n    return render_template(\'assignments/submit_assignment.html\',\n                         assignment=assignment,\n                         submission=existing_submission,\n                         user=user)\n  File "C:\\Users\\ravis\\AppData\\Local\\Programs\\Python\\Python313\\Lib\\site-packages\\flask\\templating.py", line 150, in render_template\n    return _render(app, template, context)\n  File "C:\\Users\\ravis\\AppData\\Local\\Programs\\Python\\Python313\\Lib\\site-packages\\flask\\templating.py", line 131, in _render\n    rv = template.render(context)\n  File "C:\\Users\\ravis\\AppData\\Local\\Programs\\Python\\Python313\\Lib\\site-packages\\jinja2\\environment.py", line 1304, in render\n    self.environment.handle_exception()\n    ~~~~~~~~~~~~~~~~~~~~~~~~~~~~~~~~~^^\n  File "C:\\Users\\ravis\\AppData\\Local\\Programs\\Python\\Python313\\Lib\\site-packages\\jinja2\\environment.py", line 939, in handle_exception\n    raise rewrite_traceback_stack(source=source)\n  File "D:\\VirtualLab\\VLAB\\templates\\assignments\\submit_assignment.html", line 1, in top-level template code\n    {% extends "base.html" %}\n  File "D:\\VirtualLab\\VLAB\\templates\\base.html", line 204, in top-level template code\n    {% block content %}{% endblock %}\n    ^^^^^^^^^^^^^^^^^\n  File "D:\\VirtualLab\\VLAB\\templates\\assignments\\submit_assignment.html", line 15, in block \'content\'\n    <a href="{{ url_for(\'assignments.view_assignment\', assignment_id=assignment.id) }}"\n    ^^^^^^^^^\n  File "C:\\Users\\ravis\\AppData\\Local\\Programs\\Python\\Python313\\Lib\\site-packages\\flask\\app.py", line 1084, in url_for\n    return self.handle_url_build_error(error, endpoint, values)\n           ~~~~~~~~~~~~~~~~~~~~~~~~~~~^^^^^^^^^^^^^^^^^^^^^^^^^\n  File "C:\\Users\\ravis\\AppData\\Local\\Programs\\Python\\Python313\\Lib\\site-packages\\flask\\app.py", line 1073, in url_for\n    rv = url_adapter.build(  # type: ignore[union-attr]\n        endpoint,\n    ...<3 lines>...\n        force_external=_external,\n    )\n  File "C:\\Users\\ravis\\AppData\\Local\\Programs\\Python\\Python313\\Lib\\site-packages\\werkzeug\\routing\\map.py", line 924, in build\n    raise BuildError(endpoint, values, method, self)\nwerkzeug.routing.exceptions.BuildError: Could not build url for endpoint \'assignments.view_assignment\' with values [\'assignment_id\']. Did you mean \'assignments.faculty_view_assignment\' instead?\n\nDuring handling of the above exception, another exception occurred:\n\nTraceback (most recent call last):\n  File "C:\\Users\\ravis\\AppData\\Local\\Programs\\Python\\Python313\\Lib\\site-packages\\flask\\app.py", line 880, in full_dispatch_request\n    rv = self.dispatch_request()\n  File "C:\\Users\\ravis\\AppData\\Local\\Programs\\Python\\Python313\\Lib\\site-packages\\flask\\app.py", line 865, in dispatch_request\n    return self.ensure_sync(self.view_functions[rule.endpoint])(**view_args)  # type: ignore[no-any-return]\n           ~~~~~~~~~~~~~~~~~~~~~~~~~~~~~~~~~~~~~~~~~~~~~~~~~~~~^^^^^^^^^^^^^\n  File "D:\\VirtualLab\\VLAB\\auth.py", line 58, in decorated_function\n    return f(*args, **kwargs)\n  File "D:\\VirtualLab\\VLAB\\routes\\assignments.py", line 315, in submit_assignment\n    return redirect(url_for(\'assignments.view_assignment\', assignment_id=assignment_id))\n                    ~~~~~~~^^^^^^^^^^^^^^^^^^^^^^^^^^^^^^^^^^^^^^^^^^^^^^^^^^^^^^^^^^^^\n  File "C:\\Users\\ravis\\AppData\\Local\\Programs\\Python\\Python313\\Lib\\site-packages\\flask\\helpers.py", line 220, in url_for\n    return current_app.url_for(\n           ~~~~~~~~~~~~~~~~~~~^\n        endpoint,\n        ^^^^^^^^^\n    ...<4 lines>...\n        **values,\n        ^^^^^^^^^\n    )\n    ^\n  File "C:\\Users\\ravis\\AppData\\Local\\Programs\\Python\\Python313\\Lib\\site-packages\\flask\\app.py", line 1084, in url_for\n    return self.handle_url_build_error(error, endpoint, values)\n           ~~~~~~~~~~~~~~~~~~~~~~~~~~~^^^^^^^^^^^^^^^^^^^^^^^^^\n  File "C:\\Users\\ravis\\AppData\\Local\\Programs\\Python\\Python313\\Lib\\site-packages\\flask\\app.py", line 1073, in url_for\n    rv = url_adapter.build(  # type: ignore[union-attr]\n        endpoint,\n    ...<3 lines>...\n        force_external=_external,\n    )\n  File "C:\\Users\\ravis\\AppData\\Local\\Programs\\Python\\Python313\\Lib\\site-packages\\werkzeug\\routing\\map.py", line 924, in build\n    raise BuildError(endpoint, values, method, self)\nwerkzeug.routing.exceptions.BuildError: Could not build url for endpoint \'assignments.view_assignment\' with values [\'assignment_id\']. Did you mean \'assignments.faculty_view_assignment\' instead?\n'}
2025-08-27 18:07:26,636 - werkzeug - INFO - 127.0.0.1 - - [27/Aug/2025 18:07:26] "[35m[1mGET /assignments/a6eb45e2-f6f0-44db-adf7-947587418154/submit HTTP/1.1[0m" 500 -
2025-08-27 18:07:27,163 - cryptolab - ERROR - Error ERR_20250827_180727_2031159876576: {'error_id': 'ERR_20250827_180727_2031159876576', 'error_type': 'CLIENT_ERROR', 'error_class': 'NotFound', 'error_message': '404 Not Found: The requested URL was not found on the server. If you entered the URL manually please check your spelling and try again.', 'request_method': 'GET', 'request_url': 'http://127.0.0.1:5000/favicon.ico', 'request_ip': '127.0.0.1', 'user_agent': 'Mozilla/5.0 (Windows NT 10.0; Win64; x64; rv:142.0) Gecko/20100101 Firefox/142.0', 'timestamp': '2025-08-27T18:07:27.160021', 'traceback': 'Traceback (most recent call last):\n  File "C:\\Users\\ravis\\AppData\\Local\\Programs\\Python\\Python313\\Lib\\site-packages\\flask\\app.py", line 880, in full_dispatch_request\n    rv = self.dispatch_request()\n  File "C:\\Users\\ravis\\AppData\\Local\\Programs\\Python\\Python313\\Lib\\site-packages\\flask\\app.py", line 854, in dispatch_request\n    self.raise_routing_exception(req)\n    ~~~~~~~~~~~~~~~~~~~~~~~~~~~~^^^^^\n  File "C:\\Users\\ravis\\AppData\\Local\\Programs\\Python\\Python313\\Lib\\site-packages\\flask\\app.py", line 463, in raise_routing_exception\n    raise request.routing_exception  # type: ignore[misc]\n    ^^^^^^^^^^^^^^^^^^^^^^^^^^^^^^^\n  File "C:\\Users\\ravis\\AppData\\Local\\Programs\\Python\\Python313\\Lib\\site-packages\\flask\\ctx.py", line 362, in match_request\n    result = self.url_adapter.match(return_rule=True)  # type: ignore\n  File "C:\\Users\\ravis\\AppData\\Local\\Programs\\Python\\Python313\\Lib\\site-packages\\werkzeug\\routing\\map.py", line 629, in match\n    raise NotFound() from None\nwerkzeug.exceptions.NotFound: 404 Not Found: The requested URL was not found on the server. If you entered the URL manually please check your spelling and try again.\n'}
2025-08-27 18:07:27,165 - werkzeug - INFO - 127.0.0.1 - - [27/Aug/2025 18:07:27] "[33mGET /favicon.ico HTTP/1.1[0m" 404 -
2025-08-27 18:07:32,189 - cryptolab - ERROR - Error ERR_20250827_180732_2031159401776: {'error_id': 'ERR_20250827_180732_2031159401776', 'error_type': 'SERVER_ERROR', 'error_class': 'BuildError', 'error_message': "Could not build url for endpoint 'assignments.view_assignment' with values ['assignment_id']. Did you mean 'assignments.faculty_view_assignment' instead?", 'request_method': 'GET', 'request_url': 'http://127.0.0.1:5000/assignments/a6eb45e2-f6f0-44db-adf7-947587418154/submit', 'request_ip': '127.0.0.1', 'user_agent': 'Mozilla/5.0 (Windows NT 10.0; Win64; x64; rv:142.0) Gecko/20100101 Firefox/142.0', 'timestamp': '2025-08-27T18:07:32.173963', 'traceback': 'Traceback (most recent call last):\n  File "D:\\VirtualLab\\VLAB\\routes\\assignments.py", line 305, in submit_assignment\n    return render_template(\'assignments/submit_assignment.html\',\n                         assignment=assignment,\n                         submission=existing_submission,\n                         user=user)\n  File "C:\\Users\\ravis\\AppData\\Local\\Programs\\Python\\Python313\\Lib\\site-packages\\flask\\templating.py", line 150, in render_template\n    return _render(app, template, context)\n  File "C:\\Users\\ravis\\AppData\\Local\\Programs\\Python\\Python313\\Lib\\site-packages\\flask\\templating.py", line 131, in _render\n    rv = template.render(context)\n  File "C:\\Users\\ravis\\AppData\\Local\\Programs\\Python\\Python313\\Lib\\site-packages\\jinja2\\environment.py", line 1304, in render\n    self.environment.handle_exception()\n    ~~~~~~~~~~~~~~~~~~~~~~~~~~~~~~~~~^^\n  File "C:\\Users\\ravis\\AppData\\Local\\Programs\\Python\\Python313\\Lib\\site-packages\\jinja2\\environment.py", line 939, in handle_exception\n    raise rewrite_traceback_stack(source=source)\n  File "D:\\VirtualLab\\VLAB\\templates\\assignments\\submit_assignment.html", line 1, in top-level template code\n    {% extends "base.html" %}\n  File "D:\\VirtualLab\\VLAB\\templates\\base.html", line 204, in top-level template code\n    {% block content %}{% endblock %}\n    ^^^^^^^^^^^^^^^^^\n  File "D:\\VirtualLab\\VLAB\\templates\\assignments\\submit_assignment.html", line 15, in block \'content\'\n    <a href="{{ url_for(\'assignments.view_assignment\', assignment_id=assignment.id) }}"\n    ^^^^^^^^^\n  File "C:\\Users\\ravis\\AppData\\Local\\Programs\\Python\\Python313\\Lib\\site-packages\\flask\\app.py", line 1084, in url_for\n    return self.handle_url_build_error(error, endpoint, values)\n           ~~~~~~~~~~~~~~~~~~~~~~~~~~~^^^^^^^^^^^^^^^^^^^^^^^^^\n  File "C:\\Users\\ravis\\AppData\\Local\\Programs\\Python\\Python313\\Lib\\site-packages\\flask\\app.py", line 1073, in url_for\n    rv = url_adapter.build(  # type: ignore[union-attr]\n        endpoint,\n    ...<3 lines>...\n        force_external=_external,\n    )\n  File "C:\\Users\\ravis\\AppData\\Local\\Programs\\Python\\Python313\\Lib\\site-packages\\werkzeug\\routing\\map.py", line 924, in build\n    raise BuildError(endpoint, values, method, self)\nwerkzeug.routing.exceptions.BuildError: Could not build url for endpoint \'assignments.view_assignment\' with values [\'assignment_id\']. Did you mean \'assignments.faculty_view_assignment\' instead?\n\nDuring handling of the above exception, another exception occurred:\n\nTraceback (most recent call last):\n  File "C:\\Users\\ravis\\AppData\\Local\\Programs\\Python\\Python313\\Lib\\site-packages\\flask\\app.py", line 880, in full_dispatch_request\n    rv = self.dispatch_request()\n  File "C:\\Users\\ravis\\AppData\\Local\\Programs\\Python\\Python313\\Lib\\site-packages\\flask\\app.py", line 865, in dispatch_request\n    return self.ensure_sync(self.view_functions[rule.endpoint])(**view_args)  # type: ignore[no-any-return]\n           ~~~~~~~~~~~~~~~~~~~~~~~~~~~~~~~~~~~~~~~~~~~~~~~~~~~~^^^^^^^^^^^^^\n  File "D:\\VirtualLab\\VLAB\\auth.py", line 58, in decorated_function\n    return f(*args, **kwargs)\n  File "D:\\VirtualLab\\VLAB\\routes\\assignments.py", line 315, in submit_assignment\n    return redirect(url_for(\'assignments.view_assignment\', assignment_id=assignment_id))\n                    ~~~~~~~^^^^^^^^^^^^^^^^^^^^^^^^^^^^^^^^^^^^^^^^^^^^^^^^^^^^^^^^^^^^\n  File "C:\\Users\\ravis\\AppData\\Local\\Programs\\Python\\Python313\\Lib\\site-packages\\flask\\helpers.py", line 220, in url_for\n    return current_app.url_for(\n           ~~~~~~~~~~~~~~~~~~~^\n        endpoint,\n        ^^^^^^^^^\n    ...<4 lines>...\n        **values,\n        ^^^^^^^^^\n    )\n    ^\n  File "C:\\Users\\ravis\\AppData\\Local\\Programs\\Python\\Python313\\Lib\\site-packages\\flask\\app.py", line 1084, in url_for\n    return self.handle_url_build_error(error, endpoint, values)\n           ~~~~~~~~~~~~~~~~~~~~~~~~~~~^^^^^^^^^^^^^^^^^^^^^^^^^\n  File "C:\\Users\\ravis\\AppData\\Local\\Programs\\Python\\Python313\\Lib\\site-packages\\flask\\app.py", line 1073, in url_for\n    rv = url_adapter.build(  # type: ignore[union-attr]\n        endpoint,\n    ...<3 lines>...\n        force_external=_external,\n    )\n  File "C:\\Users\\ravis\\AppData\\Local\\Programs\\Python\\Python313\\Lib\\site-packages\\werkzeug\\routing\\map.py", line 924, in build\n    raise BuildError(endpoint, values, method, self)\nwerkzeug.routing.exceptions.BuildError: Could not build url for endpoint \'assignments.view_assignment\' with values [\'assignment_id\']. Did you mean \'assignments.faculty_view_assignment\' instead?\n'}
2025-08-27 18:07:32,192 - werkzeug - INFO - 127.0.0.1 - - [27/Aug/2025 18:07:32] "[35m[1mGET /assignments/a6eb45e2-f6f0-44db-adf7-947587418154/submit HTTP/1.1[0m" 500 -
2025-08-27 18:07:33,809 - werkzeug - INFO - 127.0.0.1 - - [27/Aug/2025 18:07:33] "[32mGET / HTTP/1.1[0m" 302 -
2025-08-27 18:07:33,838 - werkzeug - INFO - 127.0.0.1 - - [27/Aug/2025 18:07:33] "GET /student HTTP/1.1" 200 -
2025-08-27 18:07:34,460 - cryptolab - ERROR - Error ERR_20250827_180734_2031159981376: {'error_id': 'ERR_20250827_180734_2031159981376', 'error_type': 'CLIENT_ERROR', 'error_class': 'NotFound', 'error_message': '404 Not Found: The requested URL was not found on the server. If you entered the URL manually please check your spelling and try again.', 'request_method': 'GET', 'request_url': 'http://127.0.0.1:5000/favicon.ico', 'request_ip': '127.0.0.1', 'user_agent': 'Mozilla/5.0 (Windows NT 10.0; Win64; x64; rv:142.0) Gecko/20100101 Firefox/142.0', 'timestamp': '2025-08-27T18:07:34.457826', 'traceback': 'Traceback (most recent call last):\n  File "C:\\Users\\ravis\\AppData\\Local\\Programs\\Python\\Python313\\Lib\\site-packages\\flask\\app.py", line 880, in full_dispatch_request\n    rv = self.dispatch_request()\n  File "C:\\Users\\ravis\\AppData\\Local\\Programs\\Python\\Python313\\Lib\\site-packages\\flask\\app.py", line 854, in dispatch_request\n    self.raise_routing_exception(req)\n    ~~~~~~~~~~~~~~~~~~~~~~~~~~~~^^^^^\n  File "C:\\Users\\ravis\\AppData\\Local\\Programs\\Python\\Python313\\Lib\\site-packages\\flask\\app.py", line 463, in raise_routing_exception\n    raise request.routing_exception  # type: ignore[misc]\n    ^^^^^^^^^^^^^^^^^^^^^^^^^^^^^^^\n  File "C:\\Users\\ravis\\AppData\\Local\\Programs\\Python\\Python313\\Lib\\site-packages\\flask\\ctx.py", line 362, in match_request\n    result = self.url_adapter.match(return_rule=True)  # type: ignore\n  File "C:\\Users\\ravis\\AppData\\Local\\Programs\\Python\\Python313\\Lib\\site-packages\\werkzeug\\routing\\map.py", line 629, in match\n    raise NotFound() from None\nwerkzeug.exceptions.NotFound: 404 Not Found: The requested URL was not found on the server. If you entered the URL manually please check your spelling and try again.\n'}
2025-08-27 18:07:34,463 - werkzeug - INFO - 127.0.0.1 - - [27/Aug/2025 18:07:34] "[33mGET /favicon.ico HTTP/1.1[0m" 404 -
2025-08-27 18:07:37,988 - werkzeug - INFO - 127.0.0.1 - - [27/Aug/2025 18:07:37] "GET /student/assignments HTTP/1.1" 200 -
2025-08-27 18:07:41,792 - cryptolab - ERROR - Error ERR_20250827_180741_2031159980592: {'error_id': 'ERR_20250827_180741_2031159980592', 'error_type': 'SERVER_ERROR', 'error_class': 'BuildError', 'error_message': "Could not build url for endpoint 'assignments.view_assignment' with values ['assignment_id']. Did you mean 'assignments.faculty_view_assignment' instead?", 'request_method': 'GET', 'request_url': 'http://127.0.0.1:5000/assignments/7604206e-8992-4e19-842b-fa7fddb9361f/submit', 'request_ip': '127.0.0.1', 'user_agent': 'Mozilla/5.0 (Windows NT 10.0; Win64; x64; rv:142.0) Gecko/20100101 Firefox/142.0', 'timestamp': '2025-08-27T18:07:41.776977', 'traceback': 'Traceback (most recent call last):\n  File "D:\\VirtualLab\\VLAB\\routes\\assignments.py", line 305, in submit_assignment\n    return render_template(\'assignments/submit_assignment.html\',\n                         assignment=assignment,\n                         submission=existing_submission,\n                         user=user)\n  File "C:\\Users\\ravis\\AppData\\Local\\Programs\\Python\\Python313\\Lib\\site-packages\\flask\\templating.py", line 150, in render_template\n    return _render(app, template, context)\n  File "C:\\Users\\ravis\\AppData\\Local\\Programs\\Python\\Python313\\Lib\\site-packages\\flask\\templating.py", line 131, in _render\n    rv = template.render(context)\n  File "C:\\Users\\ravis\\AppData\\Local\\Programs\\Python\\Python313\\Lib\\site-packages\\jinja2\\environment.py", line 1304, in render\n    self.environment.handle_exception()\n    ~~~~~~~~~~~~~~~~~~~~~~~~~~~~~~~~~^^\n  File "C:\\Users\\ravis\\AppData\\Local\\Programs\\Python\\Python313\\Lib\\site-packages\\jinja2\\environment.py", line 939, in handle_exception\n    raise rewrite_traceback_stack(source=source)\n  File "D:\\VirtualLab\\VLAB\\templates\\assignments\\submit_assignment.html", line 1, in top-level template code\n    {% extends "base.html" %}\n  File "D:\\VirtualLab\\VLAB\\templates\\base.html", line 204, in top-level template code\n    {% block content %}{% endblock %}\n    ^^^^^^^^^^^^^^^^^\n  File "D:\\VirtualLab\\VLAB\\templates\\assignments\\submit_assignment.html", line 15, in block \'content\'\n    <a href="{{ url_for(\'assignments.view_assignment\', assignment_id=assignment.id) }}"\n    ^^^^^^^^^\n  File "C:\\Users\\ravis\\AppData\\Local\\Programs\\Python\\Python313\\Lib\\site-packages\\flask\\app.py", line 1084, in url_for\n    return self.handle_url_build_error(error, endpoint, values)\n           ~~~~~~~~~~~~~~~~~~~~~~~~~~~^^^^^^^^^^^^^^^^^^^^^^^^^\n  File "C:\\Users\\ravis\\AppData\\Local\\Programs\\Python\\Python313\\Lib\\site-packages\\flask\\app.py", line 1073, in url_for\n    rv = url_adapter.build(  # type: ignore[union-attr]\n        endpoint,\n    ...<3 lines>...\n        force_external=_external,\n    )\n  File "C:\\Users\\ravis\\AppData\\Local\\Programs\\Python\\Python313\\Lib\\site-packages\\werkzeug\\routing\\map.py", line 924, in build\n    raise BuildError(endpoint, values, method, self)\nwerkzeug.routing.exceptions.BuildError: Could not build url for endpoint \'assignments.view_assignment\' with values [\'assignment_id\']. Did you mean \'assignments.faculty_view_assignment\' instead?\n\nDuring handling of the above exception, another exception occurred:\n\nTraceback (most recent call last):\n  File "C:\\Users\\ravis\\AppData\\Local\\Programs\\Python\\Python313\\Lib\\site-packages\\flask\\app.py", line 880, in full_dispatch_request\n    rv = self.dispatch_request()\n  File "C:\\Users\\ravis\\AppData\\Local\\Programs\\Python\\Python313\\Lib\\site-packages\\flask\\app.py", line 865, in dispatch_request\n    return self.ensure_sync(self.view_functions[rule.endpoint])(**view_args)  # type: ignore[no-any-return]\n           ~~~~~~~~~~~~~~~~~~~~~~~~~~~~~~~~~~~~~~~~~~~~~~~~~~~~^^^^^^^^^^^^^\n  File "D:\\VirtualLab\\VLAB\\auth.py", line 58, in decorated_function\n    return f(*args, **kwargs)\n  File "D:\\VirtualLab\\VLAB\\routes\\assignments.py", line 315, in submit_assignment\n    return redirect(url_for(\'assignments.view_assignment\', assignment_id=assignment_id))\n                    ~~~~~~~^^^^^^^^^^^^^^^^^^^^^^^^^^^^^^^^^^^^^^^^^^^^^^^^^^^^^^^^^^^^\n  File "C:\\Users\\ravis\\AppData\\Local\\Programs\\Python\\Python313\\Lib\\site-packages\\flask\\helpers.py", line 220, in url_for\n    return current_app.url_for(\n           ~~~~~~~~~~~~~~~~~~~^\n        endpoint,\n        ^^^^^^^^^\n    ...<4 lines>...\n        **values,\n        ^^^^^^^^^\n    )\n    ^\n  File "C:\\Users\\ravis\\AppData\\Local\\Programs\\Python\\Python313\\Lib\\site-packages\\flask\\app.py", line 1084, in url_for\n    return self.handle_url_build_error(error, endpoint, values)\n           ~~~~~~~~~~~~~~~~~~~~~~~~~~~^^^^^^^^^^^^^^^^^^^^^^^^^\n  File "C:\\Users\\ravis\\AppData\\Local\\Programs\\Python\\Python313\\Lib\\site-packages\\flask\\app.py", line 1073, in url_for\n    rv = url_adapter.build(  # type: ignore[union-attr]\n        endpoint,\n    ...<3 lines>...\n        force_external=_external,\n    )\n  File "C:\\Users\\ravis\\AppData\\Local\\Programs\\Python\\Python313\\Lib\\site-packages\\werkzeug\\routing\\map.py", line 924, in build\n    raise BuildError(endpoint, values, method, self)\nwerkzeug.routing.exceptions.BuildError: Could not build url for endpoint \'assignments.view_assignment\' with values [\'assignment_id\']. Did you mean \'assignments.faculty_view_assignment\' instead?\n'}
2025-08-27 18:07:41,795 - werkzeug - INFO - 127.0.0.1 - - [27/Aug/2025 18:07:41] "[35m[1mGET /assignments/7604206e-8992-4e19-842b-fa7fddb9361f/submit HTTP/1.1[0m" 500 -
2025-08-27 18:07:47,322 - cryptolab - ERROR - Error ERR_20250827_180747_2031159983392: {'error_id': 'ERR_20250827_180747_2031159983392', 'error_type': 'SERVER_ERROR', 'error_class': 'BuildError', 'error_message': "Could not build url for endpoint 'assignments.view_assignment' with values ['assignment_id']. Did you mean 'assignments.faculty_view_assignment' instead?", 'request_method': 'GET', 'request_url': 'http://127.0.0.1:5000/assignments/7604206e-8992-4e19-842b-fa7fddb9361f/submit', 'request_ip': '127.0.0.1', 'user_agent': 'Mozilla/5.0 (Windows NT 10.0; Win64; x64; rv:142.0) Gecko/20100101 Firefox/142.0', 'timestamp': '2025-08-27T18:07:47.305227', 'traceback': 'Traceback (most recent call last):\n  File "D:\\VirtualLab\\VLAB\\routes\\assignments.py", line 305, in submit_assignment\n    return render_template(\'assignments/submit_assignment.html\',\n                         assignment=assignment,\n                         submission=existing_submission,\n                         user=user)\n  File "C:\\Users\\ravis\\AppData\\Local\\Programs\\Python\\Python313\\Lib\\site-packages\\flask\\templating.py", line 150, in render_template\n    return _render(app, template, context)\n  File "C:\\Users\\ravis\\AppData\\Local\\Programs\\Python\\Python313\\Lib\\site-packages\\flask\\templating.py", line 131, in _render\n    rv = template.render(context)\n  File "C:\\Users\\ravis\\AppData\\Local\\Programs\\Python\\Python313\\Lib\\site-packages\\jinja2\\environment.py", line 1304, in render\n    self.environment.handle_exception()\n    ~~~~~~~~~~~~~~~~~~~~~~~~~~~~~~~~~^^\n  File "C:\\Users\\ravis\\AppData\\Local\\Programs\\Python\\Python313\\Lib\\site-packages\\jinja2\\environment.py", line 939, in handle_exception\n    raise rewrite_traceback_stack(source=source)\n  File "D:\\VirtualLab\\VLAB\\templates\\assignments\\submit_assignment.html", line 1, in top-level template code\n    {% extends "base.html" %}\n  File "D:\\VirtualLab\\VLAB\\templates\\base.html", line 204, in top-level template code\n    {% block content %}{% endblock %}\n    ^^^^^^^^^^^^^^^^^\n  File "D:\\VirtualLab\\VLAB\\templates\\assignments\\submit_assignment.html", line 15, in block \'content\'\n    <a href="{{ url_for(\'assignments.view_assignment\', assignment_id=assignment.id) }}"\n    ^^^^^^^^^\n  File "C:\\Users\\ravis\\AppData\\Local\\Programs\\Python\\Python313\\Lib\\site-packages\\flask\\app.py", line 1084, in url_for\n    return self.handle_url_build_error(error, endpoint, values)\n           ~~~~~~~~~~~~~~~~~~~~~~~~~~~^^^^^^^^^^^^^^^^^^^^^^^^^\n  File "C:\\Users\\ravis\\AppData\\Local\\Programs\\Python\\Python313\\Lib\\site-packages\\flask\\app.py", line 1073, in url_for\n    rv = url_adapter.build(  # type: ignore[union-attr]\n        endpoint,\n    ...<3 lines>...\n        force_external=_external,\n    )\n  File "C:\\Users\\ravis\\AppData\\Local\\Programs\\Python\\Python313\\Lib\\site-packages\\werkzeug\\routing\\map.py", line 924, in build\n    raise BuildError(endpoint, values, method, self)\nwerkzeug.routing.exceptions.BuildError: Could not build url for endpoint \'assignments.view_assignment\' with values [\'assignment_id\']. Did you mean \'assignments.faculty_view_assignment\' instead?\n\nDuring handling of the above exception, another exception occurred:\n\nTraceback (most recent call last):\n  File "C:\\Users\\ravis\\AppData\\Local\\Programs\\Python\\Python313\\Lib\\site-packages\\flask\\app.py", line 880, in full_dispatch_request\n    rv = self.dispatch_request()\n  File "C:\\Users\\ravis\\AppData\\Local\\Programs\\Python\\Python313\\Lib\\site-packages\\flask\\app.py", line 865, in dispatch_request\n    return self.ensure_sync(self.view_functions[rule.endpoint])(**view_args)  # type: ignore[no-any-return]\n           ~~~~~~~~~~~~~~~~~~~~~~~~~~~~~~~~~~~~~~~~~~~~~~~~~~~~^^^^^^^^^^^^^\n  File "D:\\VirtualLab\\VLAB\\auth.py", line 58, in decorated_function\n    return f(*args, **kwargs)\n  File "D:\\VirtualLab\\VLAB\\routes\\assignments.py", line 315, in submit_assignment\n    return redirect(url_for(\'assignments.view_assignment\', assignment_id=assignment_id))\n                    ~~~~~~~^^^^^^^^^^^^^^^^^^^^^^^^^^^^^^^^^^^^^^^^^^^^^^^^^^^^^^^^^^^^\n  File "C:\\Users\\ravis\\AppData\\Local\\Programs\\Python\\Python313\\Lib\\site-packages\\flask\\helpers.py", line 220, in url_for\n    return current_app.url_for(\n           ~~~~~~~~~~~~~~~~~~~^\n        endpoint,\n        ^^^^^^^^^\n    ...<4 lines>...\n        **values,\n        ^^^^^^^^^\n    )\n    ^\n  File "C:\\Users\\ravis\\AppData\\Local\\Programs\\Python\\Python313\\Lib\\site-packages\\flask\\app.py", line 1084, in url_for\n    return self.handle_url_build_error(error, endpoint, values)\n           ~~~~~~~~~~~~~~~~~~~~~~~~~~~^^^^^^^^^^^^^^^^^^^^^^^^^\n  File "C:\\Users\\ravis\\AppData\\Local\\Programs\\Python\\Python313\\Lib\\site-packages\\flask\\app.py", line 1073, in url_for\n    rv = url_adapter.build(  # type: ignore[union-attr]\n        endpoint,\n    ...<3 lines>...\n        force_external=_external,\n    )\n  File "C:\\Users\\ravis\\AppData\\Local\\Programs\\Python\\Python313\\Lib\\site-packages\\werkzeug\\routing\\map.py", line 924, in build\n    raise BuildError(endpoint, values, method, self)\nwerkzeug.routing.exceptions.BuildError: Could not build url for endpoint \'assignments.view_assignment\' with values [\'assignment_id\']. Did you mean \'assignments.faculty_view_assignment\' instead?\n'}
2025-08-27 18:07:47,325 - werkzeug - INFO - 127.0.0.1 - - [27/Aug/2025 18:07:47] "[35m[1mGET /assignments/7604206e-8992-4e19-842b-fa7fddb9361f/submit HTTP/1.1[0m" 500 -
2025-08-27 18:07:52,848 - cryptolab - ERROR - Error ERR_20250827_180752_2031160247248: {'error_id': 'ERR_20250827_180752_2031160247248', 'error_type': 'SERVER_ERROR', 'error_class': 'BuildError', 'error_message': "Could not build url for endpoint 'assignments.view_assignment' with values ['assignment_id']. Did you mean 'assignments.faculty_view_assignment' instead?", 'request_method': 'GET', 'request_url': 'http://127.0.0.1:5000/assignments/7604206e-8992-4e19-842b-fa7fddb9361f/submit', 'request_ip': '127.0.0.1', 'user_agent': 'Mozilla/5.0 (Windows NT 10.0; Win64; x64; rv:142.0) Gecko/20100101 Firefox/142.0', 'timestamp': '2025-08-27T18:07:52.833590', 'traceback': 'Traceback (most recent call last):\n  File "D:\\VirtualLab\\VLAB\\routes\\assignments.py", line 305, in submit_assignment\n    return render_template(\'assignments/submit_assignment.html\',\n                         assignment=assignment,\n                         submission=existing_submission,\n                         user=user)\n  File "C:\\Users\\ravis\\AppData\\Local\\Programs\\Python\\Python313\\Lib\\site-packages\\flask\\templating.py", line 150, in render_template\n    return _render(app, template, context)\n  File "C:\\Users\\ravis\\AppData\\Local\\Programs\\Python\\Python313\\Lib\\site-packages\\flask\\templating.py", line 131, in _render\n    rv = template.render(context)\n  File "C:\\Users\\ravis\\AppData\\Local\\Programs\\Python\\Python313\\Lib\\site-packages\\jinja2\\environment.py", line 1304, in render\n    self.environment.handle_exception()\n    ~~~~~~~~~~~~~~~~~~~~~~~~~~~~~~~~~^^\n  File "C:\\Users\\ravis\\AppData\\Local\\Programs\\Python\\Python313\\Lib\\site-packages\\jinja2\\environment.py", line 939, in handle_exception\n    raise rewrite_traceback_stack(source=source)\n  File "D:\\VirtualLab\\VLAB\\templates\\assignments\\submit_assignment.html", line 1, in top-level template code\n    {% extends "base.html" %}\n  File "D:\\VirtualLab\\VLAB\\templates\\base.html", line 204, in top-level template code\n    {% block content %}{% endblock %}\n    ^^^^^^^^^^^^^^^^^\n  File "D:\\VirtualLab\\VLAB\\templates\\assignments\\submit_assignment.html", line 15, in block \'content\'\n    <a href="{{ url_for(\'assignments.view_assignment\', assignment_id=assignment.id) }}"\n    ^^^^^^^^^\n  File "C:\\Users\\ravis\\AppData\\Local\\Programs\\Python\\Python313\\Lib\\site-packages\\flask\\app.py", line 1084, in url_for\n    return self.handle_url_build_error(error, endpoint, values)\n           ~~~~~~~~~~~~~~~~~~~~~~~~~~~^^^^^^^^^^^^^^^^^^^^^^^^^\n  File "C:\\Users\\ravis\\AppData\\Local\\Programs\\Python\\Python313\\Lib\\site-packages\\flask\\app.py", line 1073, in url_for\n    rv = url_adapter.build(  # type: ignore[union-attr]\n        endpoint,\n    ...<3 lines>...\n        force_external=_external,\n    )\n  File "C:\\Users\\ravis\\AppData\\Local\\Programs\\Python\\Python313\\Lib\\site-packages\\werkzeug\\routing\\map.py", line 924, in build\n    raise BuildError(endpoint, values, method, self)\nwerkzeug.routing.exceptions.BuildError: Could not build url for endpoint \'assignments.view_assignment\' with values [\'assignment_id\']. Did you mean \'assignments.faculty_view_assignment\' instead?\n\nDuring handling of the above exception, another exception occurred:\n\nTraceback (most recent call last):\n  File "C:\\Users\\ravis\\AppData\\Local\\Programs\\Python\\Python313\\Lib\\site-packages\\flask\\app.py", line 880, in full_dispatch_request\n    rv = self.dispatch_request()\n  File "C:\\Users\\ravis\\AppData\\Local\\Programs\\Python\\Python313\\Lib\\site-packages\\flask\\app.py", line 865, in dispatch_request\n    return self.ensure_sync(self.view_functions[rule.endpoint])(**view_args)  # type: ignore[no-any-return]\n           ~~~~~~~~~~~~~~~~~~~~~~~~~~~~~~~~~~~~~~~~~~~~~~~~~~~~^^^^^^^^^^^^^\n  File "D:\\VirtualLab\\VLAB\\auth.py", line 58, in decorated_function\n    return f(*args, **kwargs)\n  File "D:\\VirtualLab\\VLAB\\routes\\assignments.py", line 315, in submit_assignment\n    return redirect(url_for(\'assignments.view_assignment\', assignment_id=assignment_id))\n                    ~~~~~~~^^^^^^^^^^^^^^^^^^^^^^^^^^^^^^^^^^^^^^^^^^^^^^^^^^^^^^^^^^^^\n  File "C:\\Users\\ravis\\AppData\\Local\\Programs\\Python\\Python313\\Lib\\site-packages\\flask\\helpers.py", line 220, in url_for\n    return current_app.url_for(\n           ~~~~~~~~~~~~~~~~~~~^\n        endpoint,\n        ^^^^^^^^^\n    ...<4 lines>...\n        **values,\n        ^^^^^^^^^\n    )\n    ^\n  File "C:\\Users\\ravis\\AppData\\Local\\Programs\\Python\\Python313\\Lib\\site-packages\\flask\\app.py", line 1084, in url_for\n    return self.handle_url_build_error(error, endpoint, values)\n           ~~~~~~~~~~~~~~~~~~~~~~~~~~~^^^^^^^^^^^^^^^^^^^^^^^^^\n  File "C:\\Users\\ravis\\AppData\\Local\\Programs\\Python\\Python313\\Lib\\site-packages\\flask\\app.py", line 1073, in url_for\n    rv = url_adapter.build(  # type: ignore[union-attr]\n        endpoint,\n    ...<3 lines>...\n        force_external=_external,\n    )\n  File "C:\\Users\\ravis\\AppData\\Local\\Programs\\Python\\Python313\\Lib\\site-packages\\werkzeug\\routing\\map.py", line 924, in build\n    raise BuildError(endpoint, values, method, self)\nwerkzeug.routing.exceptions.BuildError: Could not build url for endpoint \'assignments.view_assignment\' with values [\'assignment_id\']. Did you mean \'assignments.faculty_view_assignment\' instead?\n'}
2025-08-27 18:07:52,852 - werkzeug - INFO - 127.0.0.1 - - [27/Aug/2025 18:07:52] "[35m[1mGET /assignments/7604206e-8992-4e19-842b-fa7fddb9361f/submit HTTP/1.1[0m" 500 -
2025-08-27 18:07:53,452 - cryptolab - ERROR - Error ERR_20250827_180753_2031160248592: {'error_id': 'ERR_20250827_180753_2031160248592', 'error_type': 'CLIENT_ERROR', 'error_class': 'NotFound', 'error_message': '404 Not Found: The requested URL was not found on the server. If you entered the URL manually please check your spelling and try again.', 'request_method': 'GET', 'request_url': 'http://127.0.0.1:5000/favicon.ico', 'request_ip': '127.0.0.1', 'user_agent': 'Mozilla/5.0 (Windows NT 10.0; Win64; x64; rv:142.0) Gecko/20100101 Firefox/142.0', 'timestamp': '2025-08-27T18:07:53.447714', 'traceback': 'Traceback (most recent call last):\n  File "C:\\Users\\ravis\\AppData\\Local\\Programs\\Python\\Python313\\Lib\\site-packages\\flask\\app.py", line 880, in full_dispatch_request\n    rv = self.dispatch_request()\n  File "C:\\Users\\ravis\\AppData\\Local\\Programs\\Python\\Python313\\Lib\\site-packages\\flask\\app.py", line 854, in dispatch_request\n    self.raise_routing_exception(req)\n    ~~~~~~~~~~~~~~~~~~~~~~~~~~~~^^^^^\n  File "C:\\Users\\ravis\\AppData\\Local\\Programs\\Python\\Python313\\Lib\\site-packages\\flask\\app.py", line 463, in raise_routing_exception\n    raise request.routing_exception  # type: ignore[misc]\n    ^^^^^^^^^^^^^^^^^^^^^^^^^^^^^^^\n  File "C:\\Users\\ravis\\AppData\\Local\\Programs\\Python\\Python313\\Lib\\site-packages\\flask\\ctx.py", line 362, in match_request\n    result = self.url_adapter.match(return_rule=True)  # type: ignore\n  File "C:\\Users\\ravis\\AppData\\Local\\Programs\\Python\\Python313\\Lib\\site-packages\\werkzeug\\routing\\map.py", line 629, in match\n    raise NotFound() from None\nwerkzeug.exceptions.NotFound: 404 Not Found: The requested URL was not found on the server. If you entered the URL manually please check your spelling and try again.\n'}
2025-08-27 18:07:53,454 - werkzeug - INFO - 127.0.0.1 - - [27/Aug/2025 18:07:53] "[33mGET /favicon.ico HTTP/1.1[0m" 404 -
2025-08-27 18:07:59,286 - cryptolab - ERROR - Error ERR_20250827_180759_2031159983840: {'error_id': 'ERR_20250827_180759_2031159983840', 'error_type': 'SERVER_ERROR', 'error_class': 'BuildError', 'error_message': "Could not build url for endpoint 'assignments.view_assignment' with values ['assignment_id']. Did you mean 'assignments.faculty_view_assignment' instead?", 'request_method': 'GET', 'request_url': 'http://127.0.0.1:5000/assignments/7604206e-8992-4e19-842b-fa7fddb9361f/submit', 'request_ip': '127.0.0.1', 'user_agent': 'Mozilla/5.0 (Windows NT 10.0; Win64; x64; rv:142.0) Gecko/20100101 Firefox/142.0', 'timestamp': '2025-08-27T18:07:59.272657', 'traceback': 'Traceback (most recent call last):\n  File "D:\\VirtualLab\\VLAB\\routes\\assignments.py", line 305, in submit_assignment\n    return render_template(\'assignments/submit_assignment.html\',\n                         assignment=assignment,\n                         submission=existing_submission,\n                         user=user)\n  File "C:\\Users\\ravis\\AppData\\Local\\Programs\\Python\\Python313\\Lib\\site-packages\\flask\\templating.py", line 150, in render_template\n    return _render(app, template, context)\n  File "C:\\Users\\ravis\\AppData\\Local\\Programs\\Python\\Python313\\Lib\\site-packages\\flask\\templating.py", line 131, in _render\n    rv = template.render(context)\n  File "C:\\Users\\ravis\\AppData\\Local\\Programs\\Python\\Python313\\Lib\\site-packages\\jinja2\\environment.py", line 1304, in render\n    self.environment.handle_exception()\n    ~~~~~~~~~~~~~~~~~~~~~~~~~~~~~~~~~^^\n  File "C:\\Users\\ravis\\AppData\\Local\\Programs\\Python\\Python313\\Lib\\site-packages\\jinja2\\environment.py", line 939, in handle_exception\n    raise rewrite_traceback_stack(source=source)\n  File "D:\\VirtualLab\\VLAB\\templates\\assignments\\submit_assignment.html", line 1, in top-level template code\n    {% extends "base.html" %}\n  File "D:\\VirtualLab\\VLAB\\templates\\base.html", line 204, in top-level template code\n    {% block content %}{% endblock %}\n    ^^^^^^^^^^^^^^^^^\n  File "D:\\VirtualLab\\VLAB\\templates\\assignments\\submit_assignment.html", line 15, in block \'content\'\n    <a href="{{ url_for(\'assignments.view_assignment\', assignment_id=assignment.id) }}"\n    ^^^^^^^^^\n  File "C:\\Users\\ravis\\AppData\\Local\\Programs\\Python\\Python313\\Lib\\site-packages\\flask\\app.py", line 1084, in url_for\n    return self.handle_url_build_error(error, endpoint, values)\n           ~~~~~~~~~~~~~~~~~~~~~~~~~~~^^^^^^^^^^^^^^^^^^^^^^^^^\n  File "C:\\Users\\ravis\\AppData\\Local\\Programs\\Python\\Python313\\Lib\\site-packages\\flask\\app.py", line 1073, in url_for\n    rv = url_adapter.build(  # type: ignore[union-attr]\n        endpoint,\n    ...<3 lines>...\n        force_external=_external,\n    )\n  File "C:\\Users\\ravis\\AppData\\Local\\Programs\\Python\\Python313\\Lib\\site-packages\\werkzeug\\routing\\map.py", line 924, in build\n    raise BuildError(endpoint, values, method, self)\nwerkzeug.routing.exceptions.BuildError: Could not build url for endpoint \'assignments.view_assignment\' with values [\'assignment_id\']. Did you mean \'assignments.faculty_view_assignment\' instead?\n\nDuring handling of the above exception, another exception occurred:\n\nTraceback (most recent call last):\n  File "C:\\Users\\ravis\\AppData\\Local\\Programs\\Python\\Python313\\Lib\\site-packages\\flask\\app.py", line 880, in full_dispatch_request\n    rv = self.dispatch_request()\n  File "C:\\Users\\ravis\\AppData\\Local\\Programs\\Python\\Python313\\Lib\\site-packages\\flask\\app.py", line 865, in dispatch_request\n    return self.ensure_sync(self.view_functions[rule.endpoint])(**view_args)  # type: ignore[no-any-return]\n           ~~~~~~~~~~~~~~~~~~~~~~~~~~~~~~~~~~~~~~~~~~~~~~~~~~~~^^^^^^^^^^^^^\n  File "D:\\VirtualLab\\VLAB\\auth.py", line 58, in decorated_function\n    return f(*args, **kwargs)\n  File "D:\\VirtualLab\\VLAB\\routes\\assignments.py", line 315, in submit_assignment\n    return redirect(url_for(\'assignments.view_assignment\', assignment_id=assignment_id))\n                    ~~~~~~~^^^^^^^^^^^^^^^^^^^^^^^^^^^^^^^^^^^^^^^^^^^^^^^^^^^^^^^^^^^^\n  File "C:\\Users\\ravis\\AppData\\Local\\Programs\\Python\\Python313\\Lib\\site-packages\\flask\\helpers.py", line 220, in url_for\n    return current_app.url_for(\n           ~~~~~~~~~~~~~~~~~~~^\n        endpoint,\n        ^^^^^^^^^\n    ...<4 lines>...\n        **values,\n        ^^^^^^^^^\n    )\n    ^\n  File "C:\\Users\\ravis\\AppData\\Local\\Programs\\Python\\Python313\\Lib\\site-packages\\flask\\app.py", line 1084, in url_for\n    return self.handle_url_build_error(error, endpoint, values)\n           ~~~~~~~~~~~~~~~~~~~~~~~~~~~^^^^^^^^^^^^^^^^^^^^^^^^^\n  File "C:\\Users\\ravis\\AppData\\Local\\Programs\\Python\\Python313\\Lib\\site-packages\\flask\\app.py", line 1073, in url_for\n    rv = url_adapter.build(  # type: ignore[union-attr]\n        endpoint,\n    ...<3 lines>...\n        force_external=_external,\n    )\n  File "C:\\Users\\ravis\\AppData\\Local\\Programs\\Python\\Python313\\Lib\\site-packages\\werkzeug\\routing\\map.py", line 924, in build\n    raise BuildError(endpoint, values, method, self)\nwerkzeug.routing.exceptions.BuildError: Could not build url for endpoint \'assignments.view_assignment\' with values [\'assignment_id\']. Did you mean \'assignments.faculty_view_assignment\' instead?\n'}
2025-08-27 18:07:59,289 - werkzeug - INFO - 127.0.0.1 - - [27/Aug/2025 18:07:59] "[35m[1mGET /assignments/7604206e-8992-4e19-842b-fa7fddb9361f/submit HTTP/1.1[0m" 500 -
2025-08-27 18:08:04,976 - cryptolab - ERROR - Error ERR_20250827_180804_2031159980704: {'error_id': 'ERR_20250827_180804_2031159980704', 'error_type': 'SERVER_ERROR', 'error_class': 'BuildError', 'error_message': "Could not build url for endpoint 'assignments.view_assignment' with values ['assignment_id']. Did you mean 'assignments.faculty_view_assignment' instead?", 'request_method': 'GET', 'request_url': 'http://127.0.0.1:5000/assignments/7604206e-8992-4e19-842b-fa7fddb9361f/submit', 'request_ip': '127.0.0.1', 'user_agent': 'Mozilla/5.0 (Windows NT 10.0; Win64; x64; rv:142.0) Gecko/20100101 Firefox/142.0', 'timestamp': '2025-08-27T18:08:04.962146', 'traceback': 'Traceback (most recent call last):\n  File "D:\\VirtualLab\\VLAB\\routes\\assignments.py", line 305, in submit_assignment\n    return render_template(\'assignments/submit_assignment.html\',\n                         assignment=assignment,\n                         submission=existing_submission,\n                         user=user)\n  File "C:\\Users\\ravis\\AppData\\Local\\Programs\\Python\\Python313\\Lib\\site-packages\\flask\\templating.py", line 150, in render_template\n    return _render(app, template, context)\n  File "C:\\Users\\ravis\\AppData\\Local\\Programs\\Python\\Python313\\Lib\\site-packages\\flask\\templating.py", line 131, in _render\n    rv = template.render(context)\n  File "C:\\Users\\ravis\\AppData\\Local\\Programs\\Python\\Python313\\Lib\\site-packages\\jinja2\\environment.py", line 1304, in render\n    self.environment.handle_exception()\n    ~~~~~~~~~~~~~~~~~~~~~~~~~~~~~~~~~^^\n  File "C:\\Users\\ravis\\AppData\\Local\\Programs\\Python\\Python313\\Lib\\site-packages\\jinja2\\environment.py", line 939, in handle_exception\n    raise rewrite_traceback_stack(source=source)\n  File "D:\\VirtualLab\\VLAB\\templates\\assignments\\submit_assignment.html", line 1, in top-level template code\n    {% extends "base.html" %}\n  File "D:\\VirtualLab\\VLAB\\templates\\base.html", line 204, in top-level template code\n    {% block content %}{% endblock %}\n    ^^^^^^^^^^^^^^^^^\n  File "D:\\VirtualLab\\VLAB\\templates\\assignments\\submit_assignment.html", line 15, in block \'content\'\n    <a href="{{ url_for(\'assignments.view_assignment\', assignment_id=assignment.id) }}"\n    ^^^^^^^^^\n  File "C:\\Users\\ravis\\AppData\\Local\\Programs\\Python\\Python313\\Lib\\site-packages\\flask\\app.py", line 1084, in url_for\n    return self.handle_url_build_error(error, endpoint, values)\n           ~~~~~~~~~~~~~~~~~~~~~~~~~~~^^^^^^^^^^^^^^^^^^^^^^^^^\n  File "C:\\Users\\ravis\\AppData\\Local\\Programs\\Python\\Python313\\Lib\\site-packages\\flask\\app.py", line 1073, in url_for\n    rv = url_adapter.build(  # type: ignore[union-attr]\n        endpoint,\n    ...<3 lines>...\n        force_external=_external,\n    )\n  File "C:\\Users\\ravis\\AppData\\Local\\Programs\\Python\\Python313\\Lib\\site-packages\\werkzeug\\routing\\map.py", line 924, in build\n    raise BuildError(endpoint, values, method, self)\nwerkzeug.routing.exceptions.BuildError: Could not build url for endpoint \'assignments.view_assignment\' with values [\'assignment_id\']. Did you mean \'assignments.faculty_view_assignment\' instead?\n\nDuring handling of the above exception, another exception occurred:\n\nTraceback (most recent call last):\n  File "C:\\Users\\ravis\\AppData\\Local\\Programs\\Python\\Python313\\Lib\\site-packages\\flask\\app.py", line 880, in full_dispatch_request\n    rv = self.dispatch_request()\n  File "C:\\Users\\ravis\\AppData\\Local\\Programs\\Python\\Python313\\Lib\\site-packages\\flask\\app.py", line 865, in dispatch_request\n    return self.ensure_sync(self.view_functions[rule.endpoint])(**view_args)  # type: ignore[no-any-return]\n           ~~~~~~~~~~~~~~~~~~~~~~~~~~~~~~~~~~~~~~~~~~~~~~~~~~~~^^^^^^^^^^^^^\n  File "D:\\VirtualLab\\VLAB\\auth.py", line 58, in decorated_function\n    return f(*args, **kwargs)\n  File "D:\\VirtualLab\\VLAB\\routes\\assignments.py", line 315, in submit_assignment\n    return redirect(url_for(\'assignments.view_assignment\', assignment_id=assignment_id))\n                    ~~~~~~~^^^^^^^^^^^^^^^^^^^^^^^^^^^^^^^^^^^^^^^^^^^^^^^^^^^^^^^^^^^^\n  File "C:\\Users\\ravis\\AppData\\Local\\Programs\\Python\\Python313\\Lib\\site-packages\\flask\\helpers.py", line 220, in url_for\n    return current_app.url_for(\n           ~~~~~~~~~~~~~~~~~~~^\n        endpoint,\n        ^^^^^^^^^\n    ...<4 lines>...\n        **values,\n        ^^^^^^^^^\n    )\n    ^\n  File "C:\\Users\\ravis\\AppData\\Local\\Programs\\Python\\Python313\\Lib\\site-packages\\flask\\app.py", line 1084, in url_for\n    return self.handle_url_build_error(error, endpoint, values)\n           ~~~~~~~~~~~~~~~~~~~~~~~~~~~^^^^^^^^^^^^^^^^^^^^^^^^^\n  File "C:\\Users\\ravis\\AppData\\Local\\Programs\\Python\\Python313\\Lib\\site-packages\\flask\\app.py", line 1073, in url_for\n    rv = url_adapter.build(  # type: ignore[union-attr]\n        endpoint,\n    ...<3 lines>...\n        force_external=_external,\n    )\n  File "C:\\Users\\ravis\\AppData\\Local\\Programs\\Python\\Python313\\Lib\\site-packages\\werkzeug\\routing\\map.py", line 924, in build\n    raise BuildError(endpoint, values, method, self)\nwerkzeug.routing.exceptions.BuildError: Could not build url for endpoint \'assignments.view_assignment\' with values [\'assignment_id\']. Did you mean \'assignments.faculty_view_assignment\' instead?\n'}
2025-08-27 18:08:04,979 - werkzeug - INFO - 127.0.0.1 - - [27/Aug/2025 18:08:04] "[35m[1mGET /assignments/7604206e-8992-4e19-842b-fa7fddb9361f/submit HTTP/1.1[0m" 500 -
2025-08-27 18:08:10,692 - cryptolab - ERROR - Error ERR_20250827_180810_2031159876576: {'error_id': 'ERR_20250827_180810_2031159876576', 'error_type': 'SERVER_ERROR', 'error_class': 'BuildError', 'error_message': "Could not build url for endpoint 'assignments.view_assignment' with values ['assignment_id']. Did you mean 'assignments.faculty_view_assignment' instead?", 'request_method': 'GET', 'request_url': 'http://127.0.0.1:5000/assignments/7604206e-8992-4e19-842b-fa7fddb9361f/submit', 'request_ip': '127.0.0.1', 'user_agent': 'Mozilla/5.0 (Windows NT 10.0; Win64; x64; rv:142.0) Gecko/20100101 Firefox/142.0', 'timestamp': '2025-08-27T18:08:10.680003', 'traceback': 'Traceback (most recent call last):\n  File "D:\\VirtualLab\\VLAB\\routes\\assignments.py", line 305, in submit_assignment\n    return render_template(\'assignments/submit_assignment.html\',\n                         assignment=assignment,\n                         submission=existing_submission,\n                         user=user)\n  File "C:\\Users\\ravis\\AppData\\Local\\Programs\\Python\\Python313\\Lib\\site-packages\\flask\\templating.py", line 150, in render_template\n    return _render(app, template, context)\n  File "C:\\Users\\ravis\\AppData\\Local\\Programs\\Python\\Python313\\Lib\\site-packages\\flask\\templating.py", line 131, in _render\n    rv = template.render(context)\n  File "C:\\Users\\ravis\\AppData\\Local\\Programs\\Python\\Python313\\Lib\\site-packages\\jinja2\\environment.py", line 1304, in render\n    self.environment.handle_exception()\n    ~~~~~~~~~~~~~~~~~~~~~~~~~~~~~~~~~^^\n  File "C:\\Users\\ravis\\AppData\\Local\\Programs\\Python\\Python313\\Lib\\site-packages\\jinja2\\environment.py", line 939, in handle_exception\n    raise rewrite_traceback_stack(source=source)\n  File "D:\\VirtualLab\\VLAB\\templates\\assignments\\submit_assignment.html", line 1, in top-level template code\n    {% extends "base.html" %}\n  File "D:\\VirtualLab\\VLAB\\templates\\base.html", line 204, in top-level template code\n    {% block content %}{% endblock %}\n    ^^^^^^^^^^^^^^^^^\n  File "D:\\VirtualLab\\VLAB\\templates\\assignments\\submit_assignment.html", line 15, in block \'content\'\n    <a href="{{ url_for(\'assignments.view_assignment\', assignment_id=assignment.id) }}"\n    ^^^^^^^^^\n  File "C:\\Users\\ravis\\AppData\\Local\\Programs\\Python\\Python313\\Lib\\site-packages\\flask\\app.py", line 1084, in url_for\n    return self.handle_url_build_error(error, endpoint, values)\n           ~~~~~~~~~~~~~~~~~~~~~~~~~~~^^^^^^^^^^^^^^^^^^^^^^^^^\n  File "C:\\Users\\ravis\\AppData\\Local\\Programs\\Python\\Python313\\Lib\\site-packages\\flask\\app.py", line 1073, in url_for\n    rv = url_adapter.build(  # type: ignore[union-attr]\n        endpoint,\n    ...<3 lines>...\n        force_external=_external,\n    )\n  File "C:\\Users\\ravis\\AppData\\Local\\Programs\\Python\\Python313\\Lib\\site-packages\\werkzeug\\routing\\map.py", line 924, in build\n    raise BuildError(endpoint, values, method, self)\nwerkzeug.routing.exceptions.BuildError: Could not build url for endpoint \'assignments.view_assignment\' with values [\'assignment_id\']. Did you mean \'assignments.faculty_view_assignment\' instead?\n\nDuring handling of the above exception, another exception occurred:\n\nTraceback (most recent call last):\n  File "C:\\Users\\ravis\\AppData\\Local\\Programs\\Python\\Python313\\Lib\\site-packages\\flask\\app.py", line 880, in full_dispatch_request\n    rv = self.dispatch_request()\n  File "C:\\Users\\ravis\\AppData\\Local\\Programs\\Python\\Python313\\Lib\\site-packages\\flask\\app.py", line 865, in dispatch_request\n    return self.ensure_sync(self.view_functions[rule.endpoint])(**view_args)  # type: ignore[no-any-return]\n           ~~~~~~~~~~~~~~~~~~~~~~~~~~~~~~~~~~~~~~~~~~~~~~~~~~~~^^^^^^^^^^^^^\n  File "D:\\VirtualLab\\VLAB\\auth.py", line 58, in decorated_function\n    return f(*args, **kwargs)\n  File "D:\\VirtualLab\\VLAB\\routes\\assignments.py", line 315, in submit_assignment\n    return redirect(url_for(\'assignments.view_assignment\', assignment_id=assignment_id))\n                    ~~~~~~~^^^^^^^^^^^^^^^^^^^^^^^^^^^^^^^^^^^^^^^^^^^^^^^^^^^^^^^^^^^^\n  File "C:\\Users\\ravis\\AppData\\Local\\Programs\\Python\\Python313\\Lib\\site-packages\\flask\\helpers.py", line 220, in url_for\n    return current_app.url_for(\n           ~~~~~~~~~~~~~~~~~~~^\n        endpoint,\n        ^^^^^^^^^\n    ...<4 lines>...\n        **values,\n        ^^^^^^^^^\n    )\n    ^\n  File "C:\\Users\\ravis\\AppData\\Local\\Programs\\Python\\Python313\\Lib\\site-packages\\flask\\app.py", line 1084, in url_for\n    return self.handle_url_build_error(error, endpoint, values)\n           ~~~~~~~~~~~~~~~~~~~~~~~~~~~^^^^^^^^^^^^^^^^^^^^^^^^^\n  File "C:\\Users\\ravis\\AppData\\Local\\Programs\\Python\\Python313\\Lib\\site-packages\\flask\\app.py", line 1073, in url_for\n    rv = url_adapter.build(  # type: ignore[union-attr]\n        endpoint,\n    ...<3 lines>...\n        force_external=_external,\n    )\n  File "C:\\Users\\ravis\\AppData\\Local\\Programs\\Python\\Python313\\Lib\\site-packages\\werkzeug\\routing\\map.py", line 924, in build\n    raise BuildError(endpoint, values, method, self)\nwerkzeug.routing.exceptions.BuildError: Could not build url for endpoint \'assignments.view_assignment\' with values [\'assignment_id\']. Did you mean \'assignments.faculty_view_assignment\' instead?\n'}
2025-08-27 18:08:10,699 - werkzeug - INFO - 127.0.0.1 - - [27/Aug/2025 18:08:10] "[35m[1mGET /assignments/7604206e-8992-4e19-842b-fa7fddb9361f/submit HTTP/1.1[0m" 500 -
2025-08-27 18:08:16,396 - cryptolab - ERROR - Error ERR_20250827_180816_2031159401888: {'error_id': 'ERR_20250827_180816_2031159401888', 'error_type': 'SERVER_ERROR', 'error_class': 'BuildError', 'error_message': "Could not build url for endpoint 'assignments.view_assignment' with values ['assignment_id']. Did you mean 'assignments.faculty_view_assignment' instead?", 'request_method': 'GET', 'request_url': 'http://127.0.0.1:5000/assignments/7604206e-8992-4e19-842b-fa7fddb9361f/submit', 'request_ip': '127.0.0.1', 'user_agent': 'Mozilla/5.0 (Windows NT 10.0; Win64; x64; rv:142.0) Gecko/20100101 Firefox/142.0', 'timestamp': '2025-08-27T18:08:16.383698', 'traceback': 'Traceback (most recent call last):\n  File "D:\\VirtualLab\\VLAB\\routes\\assignments.py", line 305, in submit_assignment\n    return render_template(\'assignments/submit_assignment.html\',\n                         assignment=assignment,\n                         submission=existing_submission,\n                         user=user)\n  File "C:\\Users\\ravis\\AppData\\Local\\Programs\\Python\\Python313\\Lib\\site-packages\\flask\\templating.py", line 150, in render_template\n    return _render(app, template, context)\n  File "C:\\Users\\ravis\\AppData\\Local\\Programs\\Python\\Python313\\Lib\\site-packages\\flask\\templating.py", line 131, in _render\n    rv = template.render(context)\n  File "C:\\Users\\ravis\\AppData\\Local\\Programs\\Python\\Python313\\Lib\\site-packages\\jinja2\\environment.py", line 1304, in render\n    self.environment.handle_exception()\n    ~~~~~~~~~~~~~~~~~~~~~~~~~~~~~~~~~^^\n  File "C:\\Users\\ravis\\AppData\\Local\\Programs\\Python\\Python313\\Lib\\site-packages\\jinja2\\environment.py", line 939, in handle_exception\n    raise rewrite_traceback_stack(source=source)\n  File "D:\\VirtualLab\\VLAB\\templates\\assignments\\submit_assignment.html", line 1, in top-level template code\n    {% extends "base.html" %}\n  File "D:\\VirtualLab\\VLAB\\templates\\base.html", line 204, in top-level template code\n    {% block content %}{% endblock %}\n    ^^^^^^^^^^^^^^^^^\n  File "D:\\VirtualLab\\VLAB\\templates\\assignments\\submit_assignment.html", line 15, in block \'content\'\n    <a href="{{ url_for(\'assignments.view_assignment\', assignment_id=assignment.id) }}"\n    ^^^^^^^^^\n  File "C:\\Users\\ravis\\AppData\\Local\\Programs\\Python\\Python313\\Lib\\site-packages\\flask\\app.py", line 1084, in url_for\n    return self.handle_url_build_error(error, endpoint, values)\n           ~~~~~~~~~~~~~~~~~~~~~~~~~~~^^^^^^^^^^^^^^^^^^^^^^^^^\n  File "C:\\Users\\ravis\\AppData\\Local\\Programs\\Python\\Python313\\Lib\\site-packages\\flask\\app.py", line 1073, in url_for\n    rv = url_adapter.build(  # type: ignore[union-attr]\n        endpoint,\n    ...<3 lines>...\n        force_external=_external,\n    )\n  File "C:\\Users\\ravis\\AppData\\Local\\Programs\\Python\\Python313\\Lib\\site-packages\\werkzeug\\routing\\map.py", line 924, in build\n    raise BuildError(endpoint, values, method, self)\nwerkzeug.routing.exceptions.BuildError: Could not build url for endpoint \'assignments.view_assignment\' with values [\'assignment_id\']. Did you mean \'assignments.faculty_view_assignment\' instead?\n\nDuring handling of the above exception, another exception occurred:\n\nTraceback (most recent call last):\n  File "C:\\Users\\ravis\\AppData\\Local\\Programs\\Python\\Python313\\Lib\\site-packages\\flask\\app.py", line 880, in full_dispatch_request\n    rv = self.dispatch_request()\n  File "C:\\Users\\ravis\\AppData\\Local\\Programs\\Python\\Python313\\Lib\\site-packages\\flask\\app.py", line 865, in dispatch_request\n    return self.ensure_sync(self.view_functions[rule.endpoint])(**view_args)  # type: ignore[no-any-return]\n           ~~~~~~~~~~~~~~~~~~~~~~~~~~~~~~~~~~~~~~~~~~~~~~~~~~~~^^^^^^^^^^^^^\n  File "D:\\VirtualLab\\VLAB\\auth.py", line 58, in decorated_function\n    return f(*args, **kwargs)\n  File "D:\\VirtualLab\\VLAB\\routes\\assignments.py", line 315, in submit_assignment\n    return redirect(url_for(\'assignments.view_assignment\', assignment_id=assignment_id))\n                    ~~~~~~~^^^^^^^^^^^^^^^^^^^^^^^^^^^^^^^^^^^^^^^^^^^^^^^^^^^^^^^^^^^^\n  File "C:\\Users\\ravis\\AppData\\Local\\Programs\\Python\\Python313\\Lib\\site-packages\\flask\\helpers.py", line 220, in url_for\n    return current_app.url_for(\n           ~~~~~~~~~~~~~~~~~~~^\n        endpoint,\n        ^^^^^^^^^\n    ...<4 lines>...\n        **values,\n        ^^^^^^^^^\n    )\n    ^\n  File "C:\\Users\\ravis\\AppData\\Local\\Programs\\Python\\Python313\\Lib\\site-packages\\flask\\app.py", line 1084, in url_for\n    return self.handle_url_build_error(error, endpoint, values)\n           ~~~~~~~~~~~~~~~~~~~~~~~~~~~^^^^^^^^^^^^^^^^^^^^^^^^^\n  File "C:\\Users\\ravis\\AppData\\Local\\Programs\\Python\\Python313\\Lib\\site-packages\\flask\\app.py", line 1073, in url_for\n    rv = url_adapter.build(  # type: ignore[union-attr]\n        endpoint,\n    ...<3 lines>...\n        force_external=_external,\n    )\n  File "C:\\Users\\ravis\\AppData\\Local\\Programs\\Python\\Python313\\Lib\\site-packages\\werkzeug\\routing\\map.py", line 924, in build\n    raise BuildError(endpoint, values, method, self)\nwerkzeug.routing.exceptions.BuildError: Could not build url for endpoint \'assignments.view_assignment\' with values [\'assignment_id\']. Did you mean \'assignments.faculty_view_assignment\' instead?\n'}
2025-08-27 18:08:16,398 - werkzeug - INFO - 127.0.0.1 - - [27/Aug/2025 18:08:16] "[35m[1mGET /assignments/7604206e-8992-4e19-842b-fa7fddb9361f/submit HTTP/1.1[0m" 500 -
2025-08-27 18:08:22,128 - cryptolab - ERROR - Error ERR_20250827_180822_2031158771536: {'error_id': 'ERR_20250827_180822_2031158771536', 'error_type': 'SERVER_ERROR', 'error_class': 'BuildError', 'error_message': "Could not build url for endpoint 'assignments.view_assignment' with values ['assignment_id']. Did you mean 'assignments.faculty_view_assignment' instead?", 'request_method': 'GET', 'request_url': 'http://127.0.0.1:5000/assignments/7604206e-8992-4e19-842b-fa7fddb9361f/submit', 'request_ip': '127.0.0.1', 'user_agent': 'Mozilla/5.0 (Windows NT 10.0; Win64; x64; rv:142.0) Gecko/20100101 Firefox/142.0', 'timestamp': '2025-08-27T18:08:22.116266', 'traceback': 'Traceback (most recent call last):\n  File "D:\\VirtualLab\\VLAB\\routes\\assignments.py", line 305, in submit_assignment\n    return render_template(\'assignments/submit_assignment.html\',\n                         assignment=assignment,\n                         submission=existing_submission,\n                         user=user)\n  File "C:\\Users\\ravis\\AppData\\Local\\Programs\\Python\\Python313\\Lib\\site-packages\\flask\\templating.py", line 150, in render_template\n    return _render(app, template, context)\n  File "C:\\Users\\ravis\\AppData\\Local\\Programs\\Python\\Python313\\Lib\\site-packages\\flask\\templating.py", line 131, in _render\n    rv = template.render(context)\n  File "C:\\Users\\ravis\\AppData\\Local\\Programs\\Python\\Python313\\Lib\\site-packages\\jinja2\\environment.py", line 1304, in render\n    self.environment.handle_exception()\n    ~~~~~~~~~~~~~~~~~~~~~~~~~~~~~~~~~^^\n  File "C:\\Users\\ravis\\AppData\\Local\\Programs\\Python\\Python313\\Lib\\site-packages\\jinja2\\environment.py", line 939, in handle_exception\n    raise rewrite_traceback_stack(source=source)\n  File "D:\\VirtualLab\\VLAB\\templates\\assignments\\submit_assignment.html", line 1, in top-level template code\n    {% extends "base.html" %}\n  File "D:\\VirtualLab\\VLAB\\templates\\base.html", line 204, in top-level template code\n    {% block content %}{% endblock %}\n    ^^^^^^^^^^^^^^^^^\n  File "D:\\VirtualLab\\VLAB\\templates\\assignments\\submit_assignment.html", line 15, in block \'content\'\n    <a href="{{ url_for(\'assignments.view_assignment\', assignment_id=assignment.id) }}"\n    ^^^^^^^^^\n  File "C:\\Users\\ravis\\AppData\\Local\\Programs\\Python\\Python313\\Lib\\site-packages\\flask\\app.py", line 1084, in url_for\n    return self.handle_url_build_error(error, endpoint, values)\n           ~~~~~~~~~~~~~~~~~~~~~~~~~~~^^^^^^^^^^^^^^^^^^^^^^^^^\n  File "C:\\Users\\ravis\\AppData\\Local\\Programs\\Python\\Python313\\Lib\\site-packages\\flask\\app.py", line 1073, in url_for\n    rv = url_adapter.build(  # type: ignore[union-attr]\n        endpoint,\n    ...<3 lines>...\n        force_external=_external,\n    )\n  File "C:\\Users\\ravis\\AppData\\Local\\Programs\\Python\\Python313\\Lib\\site-packages\\werkzeug\\routing\\map.py", line 924, in build\n    raise BuildError(endpoint, values, method, self)\nwerkzeug.routing.exceptions.BuildError: Could not build url for endpoint \'assignments.view_assignment\' with values [\'assignment_id\']. Did you mean \'assignments.faculty_view_assignment\' instead?\n\nDuring handling of the above exception, another exception occurred:\n\nTraceback (most recent call last):\n  File "C:\\Users\\ravis\\AppData\\Local\\Programs\\Python\\Python313\\Lib\\site-packages\\flask\\app.py", line 880, in full_dispatch_request\n    rv = self.dispatch_request()\n  File "C:\\Users\\ravis\\AppData\\Local\\Programs\\Python\\Python313\\Lib\\site-packages\\flask\\app.py", line 865, in dispatch_request\n    return self.ensure_sync(self.view_functions[rule.endpoint])(**view_args)  # type: ignore[no-any-return]\n           ~~~~~~~~~~~~~~~~~~~~~~~~~~~~~~~~~~~~~~~~~~~~~~~~~~~~^^^^^^^^^^^^^\n  File "D:\\VirtualLab\\VLAB\\auth.py", line 58, in decorated_function\n    return f(*args, **kwargs)\n  File "D:\\VirtualLab\\VLAB\\routes\\assignments.py", line 315, in submit_assignment\n    return redirect(url_for(\'assignments.view_assignment\', assignment_id=assignment_id))\n                    ~~~~~~~^^^^^^^^^^^^^^^^^^^^^^^^^^^^^^^^^^^^^^^^^^^^^^^^^^^^^^^^^^^^\n  File "C:\\Users\\ravis\\AppData\\Local\\Programs\\Python\\Python313\\Lib\\site-packages\\flask\\helpers.py", line 220, in url_for\n    return current_app.url_for(\n           ~~~~~~~~~~~~~~~~~~~^\n        endpoint,\n        ^^^^^^^^^\n    ...<4 lines>...\n        **values,\n        ^^^^^^^^^\n    )\n    ^\n  File "C:\\Users\\ravis\\AppData\\Local\\Programs\\Python\\Python313\\Lib\\site-packages\\flask\\app.py", line 1084, in url_for\n    return self.handle_url_build_error(error, endpoint, values)\n           ~~~~~~~~~~~~~~~~~~~~~~~~~~~^^^^^^^^^^^^^^^^^^^^^^^^^\n  File "C:\\Users\\ravis\\AppData\\Local\\Programs\\Python\\Python313\\Lib\\site-packages\\flask\\app.py", line 1073, in url_for\n    rv = url_adapter.build(  # type: ignore[union-attr]\n        endpoint,\n    ...<3 lines>...\n        force_external=_external,\n    )\n  File "C:\\Users\\ravis\\AppData\\Local\\Programs\\Python\\Python313\\Lib\\site-packages\\werkzeug\\routing\\map.py", line 924, in build\n    raise BuildError(endpoint, values, method, self)\nwerkzeug.routing.exceptions.BuildError: Could not build url for endpoint \'assignments.view_assignment\' with values [\'assignment_id\']. Did you mean \'assignments.faculty_view_assignment\' instead?\n'}
2025-08-27 18:08:22,131 - werkzeug - INFO - 127.0.0.1 - - [27/Aug/2025 18:08:22] "[35m[1mGET /assignments/7604206e-8992-4e19-842b-fa7fddb9361f/submit HTTP/1.1[0m" 500 -
2025-08-27 18:08:27,680 - cryptolab - ERROR - Error ERR_20250827_180827_2031160248928: {'error_id': 'ERR_20250827_180827_2031160248928', 'error_type': 'SERVER_ERROR', 'error_class': 'BuildError', 'error_message': "Could not build url for endpoint 'assignments.view_assignment' with values ['assignment_id']. Did you mean 'assignments.faculty_view_assignment' instead?", 'request_method': 'GET', 'request_url': 'http://127.0.0.1:5000/assignments/7604206e-8992-4e19-842b-fa7fddb9361f/submit', 'request_ip': '127.0.0.1', 'user_agent': 'Mozilla/5.0 (Windows NT 10.0; Win64; x64; rv:142.0) Gecko/20100101 Firefox/142.0', 'timestamp': '2025-08-27T18:08:27.665580', 'traceback': 'Traceback (most recent call last):\n  File "D:\\VirtualLab\\VLAB\\routes\\assignments.py", line 305, in submit_assignment\n    return render_template(\'assignments/submit_assignment.html\',\n                         assignment=assignment,\n                         submission=existing_submission,\n                         user=user)\n  File "C:\\Users\\ravis\\AppData\\Local\\Programs\\Python\\Python313\\Lib\\site-packages\\flask\\templating.py", line 150, in render_template\n    return _render(app, template, context)\n  File "C:\\Users\\ravis\\AppData\\Local\\Programs\\Python\\Python313\\Lib\\site-packages\\flask\\templating.py", line 131, in _render\n    rv = template.render(context)\n  File "C:\\Users\\ravis\\AppData\\Local\\Programs\\Python\\Python313\\Lib\\site-packages\\jinja2\\environment.py", line 1304, in render\n    self.environment.handle_exception()\n    ~~~~~~~~~~~~~~~~~~~~~~~~~~~~~~~~~^^\n  File "C:\\Users\\ravis\\AppData\\Local\\Programs\\Python\\Python313\\Lib\\site-packages\\jinja2\\environment.py", line 939, in handle_exception\n    raise rewrite_traceback_stack(source=source)\n  File "D:\\VirtualLab\\VLAB\\templates\\assignments\\submit_assignment.html", line 1, in top-level template code\n    {% extends "base.html" %}\n  File "D:\\VirtualLab\\VLAB\\templates\\base.html", line 204, in top-level template code\n    {% block content %}{% endblock %}\n    ^^^^^^^^^^^^^^^^^\n  File "D:\\VirtualLab\\VLAB\\templates\\assignments\\submit_assignment.html", line 15, in block \'content\'\n    <a href="{{ url_for(\'assignments.view_assignment\', assignment_id=assignment.id) }}"\n    ^^^^^^^^^\n  File "C:\\Users\\ravis\\AppData\\Local\\Programs\\Python\\Python313\\Lib\\site-packages\\flask\\app.py", line 1084, in url_for\n    return self.handle_url_build_error(error, endpoint, values)\n           ~~~~~~~~~~~~~~~~~~~~~~~~~~~^^^^^^^^^^^^^^^^^^^^^^^^^\n  File "C:\\Users\\ravis\\AppData\\Local\\Programs\\Python\\Python313\\Lib\\site-packages\\flask\\app.py", line 1073, in url_for\n    rv = url_adapter.build(  # type: ignore[union-attr]\n        endpoint,\n    ...<3 lines>...\n        force_external=_external,\n    )\n  File "C:\\Users\\ravis\\AppData\\Local\\Programs\\Python\\Python313\\Lib\\site-packages\\werkzeug\\routing\\map.py", line 924, in build\n    raise BuildError(endpoint, values, method, self)\nwerkzeug.routing.exceptions.BuildError: Could not build url for endpoint \'assignments.view_assignment\' with values [\'assignment_id\']. Did you mean \'assignments.faculty_view_assignment\' instead?\n\nDuring handling of the above exception, another exception occurred:\n\nTraceback (most recent call last):\n  File "C:\\Users\\ravis\\AppData\\Local\\Programs\\Python\\Python313\\Lib\\site-packages\\flask\\app.py", line 880, in full_dispatch_request\n    rv = self.dispatch_request()\n  File "C:\\Users\\ravis\\AppData\\Local\\Programs\\Python\\Python313\\Lib\\site-packages\\flask\\app.py", line 865, in dispatch_request\n    return self.ensure_sync(self.view_functions[rule.endpoint])(**view_args)  # type: ignore[no-any-return]\n           ~~~~~~~~~~~~~~~~~~~~~~~~~~~~~~~~~~~~~~~~~~~~~~~~~~~~^^^^^^^^^^^^^\n  File "D:\\VirtualLab\\VLAB\\auth.py", line 58, in decorated_function\n    return f(*args, **kwargs)\n  File "D:\\VirtualLab\\VLAB\\routes\\assignments.py", line 315, in submit_assignment\n    return redirect(url_for(\'assignments.view_assignment\', assignment_id=assignment_id))\n                    ~~~~~~~^^^^^^^^^^^^^^^^^^^^^^^^^^^^^^^^^^^^^^^^^^^^^^^^^^^^^^^^^^^^\n  File "C:\\Users\\ravis\\AppData\\Local\\Programs\\Python\\Python313\\Lib\\site-packages\\flask\\helpers.py", line 220, in url_for\n    return current_app.url_for(\n           ~~~~~~~~~~~~~~~~~~~^\n        endpoint,\n        ^^^^^^^^^\n    ...<4 lines>...\n        **values,\n        ^^^^^^^^^\n    )\n    ^\n  File "C:\\Users\\ravis\\AppData\\Local\\Programs\\Python\\Python313\\Lib\\site-packages\\flask\\app.py", line 1084, in url_for\n    return self.handle_url_build_error(error, endpoint, values)\n           ~~~~~~~~~~~~~~~~~~~~~~~~~~~^^^^^^^^^^^^^^^^^^^^^^^^^\n  File "C:\\Users\\ravis\\AppData\\Local\\Programs\\Python\\Python313\\Lib\\site-packages\\flask\\app.py", line 1073, in url_for\n    rv = url_adapter.build(  # type: ignore[union-attr]\n        endpoint,\n    ...<3 lines>...\n        force_external=_external,\n    )\n  File "C:\\Users\\ravis\\AppData\\Local\\Programs\\Python\\Python313\\Lib\\site-packages\\werkzeug\\routing\\map.py", line 924, in build\n    raise BuildError(endpoint, values, method, self)\nwerkzeug.routing.exceptions.BuildError: Could not build url for endpoint \'assignments.view_assignment\' with values [\'assignment_id\']. Did you mean \'assignments.faculty_view_assignment\' instead?\n'}
2025-08-27 18:08:27,683 - werkzeug - INFO - 127.0.0.1 - - [27/Aug/2025 18:08:27] "[35m[1mGET /assignments/7604206e-8992-4e19-842b-fa7fddb9361f/submit HTTP/1.1[0m" 500 -
2025-08-27 18:08:33,307 - cryptolab - ERROR - Error ERR_20250827_180833_2031160247584: {'error_id': 'ERR_20250827_180833_2031160247584', 'error_type': 'SERVER_ERROR', 'error_class': 'BuildError', 'error_message': "Could not build url for endpoint 'assignments.view_assignment' with values ['assignment_id']. Did you mean 'assignments.faculty_view_assignment' instead?", 'request_method': 'GET', 'request_url': 'http://127.0.0.1:5000/assignments/7604206e-8992-4e19-842b-fa7fddb9361f/submit', 'request_ip': '127.0.0.1', 'user_agent': 'Mozilla/5.0 (Windows NT 10.0; Win64; x64; rv:142.0) Gecko/20100101 Firefox/142.0', 'timestamp': '2025-08-27T18:08:33.293579', 'traceback': 'Traceback (most recent call last):\n  File "D:\\VirtualLab\\VLAB\\routes\\assignments.py", line 305, in submit_assignment\n    return render_template(\'assignments/submit_assignment.html\',\n                         assignment=assignment,\n                         submission=existing_submission,\n                         user=user)\n  File "C:\\Users\\ravis\\AppData\\Local\\Programs\\Python\\Python313\\Lib\\site-packages\\flask\\templating.py", line 150, in render_template\n    return _render(app, template, context)\n  File "C:\\Users\\ravis\\AppData\\Local\\Programs\\Python\\Python313\\Lib\\site-packages\\flask\\templating.py", line 131, in _render\n    rv = template.render(context)\n  File "C:\\Users\\ravis\\AppData\\Local\\Programs\\Python\\Python313\\Lib\\site-packages\\jinja2\\environment.py", line 1304, in render\n    self.environment.handle_exception()\n    ~~~~~~~~~~~~~~~~~~~~~~~~~~~~~~~~~^^\n  File "C:\\Users\\ravis\\AppData\\Local\\Programs\\Python\\Python313\\Lib\\site-packages\\jinja2\\environment.py", line 939, in handle_exception\n    raise rewrite_traceback_stack(source=source)\n  File "D:\\VirtualLab\\VLAB\\templates\\assignments\\submit_assignment.html", line 1, in top-level template code\n    {% extends "base.html" %}\n  File "D:\\VirtualLab\\VLAB\\templates\\base.html", line 204, in top-level template code\n    {% block content %}{% endblock %}\n    ^^^^^^^^^^^^^^^^^\n  File "D:\\VirtualLab\\VLAB\\templates\\assignments\\submit_assignment.html", line 15, in block \'content\'\n    <a href="{{ url_for(\'assignments.view_assignment\', assignment_id=assignment.id) }}"\n    ^^^^^^^^^\n  File "C:\\Users\\ravis\\AppData\\Local\\Programs\\Python\\Python313\\Lib\\site-packages\\flask\\app.py", line 1084, in url_for\n    return self.handle_url_build_error(error, endpoint, values)\n           ~~~~~~~~~~~~~~~~~~~~~~~~~~~^^^^^^^^^^^^^^^^^^^^^^^^^\n  File "C:\\Users\\ravis\\AppData\\Local\\Programs\\Python\\Python313\\Lib\\site-packages\\flask\\app.py", line 1073, in url_for\n    rv = url_adapter.build(  # type: ignore[union-attr]\n        endpoint,\n    ...<3 lines>...\n        force_external=_external,\n    )\n  File "C:\\Users\\ravis\\AppData\\Local\\Programs\\Python\\Python313\\Lib\\site-packages\\werkzeug\\routing\\map.py", line 924, in build\n    raise BuildError(endpoint, values, method, self)\nwerkzeug.routing.exceptions.BuildError: Could not build url for endpoint \'assignments.view_assignment\' with values [\'assignment_id\']. Did you mean \'assignments.faculty_view_assignment\' instead?\n\nDuring handling of the above exception, another exception occurred:\n\nTraceback (most recent call last):\n  File "C:\\Users\\ravis\\AppData\\Local\\Programs\\Python\\Python313\\Lib\\site-packages\\flask\\app.py", line 880, in full_dispatch_request\n    rv = self.dispatch_request()\n  File "C:\\Users\\ravis\\AppData\\Local\\Programs\\Python\\Python313\\Lib\\site-packages\\flask\\app.py", line 865, in dispatch_request\n    return self.ensure_sync(self.view_functions[rule.endpoint])(**view_args)  # type: ignore[no-any-return]\n           ~~~~~~~~~~~~~~~~~~~~~~~~~~~~~~~~~~~~~~~~~~~~~~~~~~~~^^^^^^^^^^^^^\n  File "D:\\VirtualLab\\VLAB\\auth.py", line 58, in decorated_function\n    return f(*args, **kwargs)\n  File "D:\\VirtualLab\\VLAB\\routes\\assignments.py", line 315, in submit_assignment\n    return redirect(url_for(\'assignments.view_assignment\', assignment_id=assignment_id))\n                    ~~~~~~~^^^^^^^^^^^^^^^^^^^^^^^^^^^^^^^^^^^^^^^^^^^^^^^^^^^^^^^^^^^^\n  File "C:\\Users\\ravis\\AppData\\Local\\Programs\\Python\\Python313\\Lib\\site-packages\\flask\\helpers.py", line 220, in url_for\n    return current_app.url_for(\n           ~~~~~~~~~~~~~~~~~~~^\n        endpoint,\n        ^^^^^^^^^\n    ...<4 lines>...\n        **values,\n        ^^^^^^^^^\n    )\n    ^\n  File "C:\\Users\\ravis\\AppData\\Local\\Programs\\Python\\Python313\\Lib\\site-packages\\flask\\app.py", line 1084, in url_for\n    return self.handle_url_build_error(error, endpoint, values)\n           ~~~~~~~~~~~~~~~~~~~~~~~~~~~^^^^^^^^^^^^^^^^^^^^^^^^^\n  File "C:\\Users\\ravis\\AppData\\Local\\Programs\\Python\\Python313\\Lib\\site-packages\\flask\\app.py", line 1073, in url_for\n    rv = url_adapter.build(  # type: ignore[union-attr]\n        endpoint,\n    ...<3 lines>...\n        force_external=_external,\n    )\n  File "C:\\Users\\ravis\\AppData\\Local\\Programs\\Python\\Python313\\Lib\\site-packages\\werkzeug\\routing\\map.py", line 924, in build\n    raise BuildError(endpoint, values, method, self)\nwerkzeug.routing.exceptions.BuildError: Could not build url for endpoint \'assignments.view_assignment\' with values [\'assignment_id\']. Did you mean \'assignments.faculty_view_assignment\' instead?\n'}
2025-08-27 18:08:33,310 - werkzeug - INFO - 127.0.0.1 - - [27/Aug/2025 18:08:33] "[35m[1mGET /assignments/7604206e-8992-4e19-842b-fa7fddb9361f/submit HTTP/1.1[0m" 500 -
2025-08-27 18:08:38,948 - cryptolab - ERROR - Error ERR_20250827_180838_2031160247808: {'error_id': 'ERR_20250827_180838_2031160247808', 'error_type': 'SERVER_ERROR', 'error_class': 'BuildError', 'error_message': "Could not build url for endpoint 'assignments.view_assignment' with values ['assignment_id']. Did you mean 'assignments.faculty_view_assignment' instead?", 'request_method': 'GET', 'request_url': 'http://127.0.0.1:5000/assignments/7604206e-8992-4e19-842b-fa7fddb9361f/submit', 'request_ip': '127.0.0.1', 'user_agent': 'Mozilla/5.0 (Windows NT 10.0; Win64; x64; rv:142.0) Gecko/20100101 Firefox/142.0', 'timestamp': '2025-08-27T18:08:38.934762', 'traceback': 'Traceback (most recent call last):\n  File "D:\\VirtualLab\\VLAB\\routes\\assignments.py", line 305, in submit_assignment\n    return render_template(\'assignments/submit_assignment.html\',\n                         assignment=assignment,\n                         submission=existing_submission,\n                         user=user)\n  File "C:\\Users\\ravis\\AppData\\Local\\Programs\\Python\\Python313\\Lib\\site-packages\\flask\\templating.py", line 150, in render_template\n    return _render(app, template, context)\n  File "C:\\Users\\ravis\\AppData\\Local\\Programs\\Python\\Python313\\Lib\\site-packages\\flask\\templating.py", line 131, in _render\n    rv = template.render(context)\n  File "C:\\Users\\ravis\\AppData\\Local\\Programs\\Python\\Python313\\Lib\\site-packages\\jinja2\\environment.py", line 1304, in render\n    self.environment.handle_exception()\n    ~~~~~~~~~~~~~~~~~~~~~~~~~~~~~~~~~^^\n  File "C:\\Users\\ravis\\AppData\\Local\\Programs\\Python\\Python313\\Lib\\site-packages\\jinja2\\environment.py", line 939, in handle_exception\n    raise rewrite_traceback_stack(source=source)\n  File "D:\\VirtualLab\\VLAB\\templates\\assignments\\submit_assignment.html", line 1, in top-level template code\n    {% extends "base.html" %}\n  File "D:\\VirtualLab\\VLAB\\templates\\base.html", line 204, in top-level template code\n    {% block content %}{% endblock %}\n    ^^^^^^^^^^^^^^^^^\n  File "D:\\VirtualLab\\VLAB\\templates\\assignments\\submit_assignment.html", line 15, in block \'content\'\n    <a href="{{ url_for(\'assignments.view_assignment\', assignment_id=assignment.id) }}"\n    ^^^^^^^^^\n  File "C:\\Users\\ravis\\AppData\\Local\\Programs\\Python\\Python313\\Lib\\site-packages\\flask\\app.py", line 1084, in url_for\n    return self.handle_url_build_error(error, endpoint, values)\n           ~~~~~~~~~~~~~~~~~~~~~~~~~~~^^^^^^^^^^^^^^^^^^^^^^^^^\n  File "C:\\Users\\ravis\\AppData\\Local\\Programs\\Python\\Python313\\Lib\\site-packages\\flask\\app.py", line 1073, in url_for\n    rv = url_adapter.build(  # type: ignore[union-attr]\n        endpoint,\n    ...<3 lines>...\n        force_external=_external,\n    )\n  File "C:\\Users\\ravis\\AppData\\Local\\Programs\\Python\\Python313\\Lib\\site-packages\\werkzeug\\routing\\map.py", line 924, in build\n    raise BuildError(endpoint, values, method, self)\nwerkzeug.routing.exceptions.BuildError: Could not build url for endpoint \'assignments.view_assignment\' with values [\'assignment_id\']. Did you mean \'assignments.faculty_view_assignment\' instead?\n\nDuring handling of the above exception, another exception occurred:\n\nTraceback (most recent call last):\n  File "C:\\Users\\ravis\\AppData\\Local\\Programs\\Python\\Python313\\Lib\\site-packages\\flask\\app.py", line 880, in full_dispatch_request\n    rv = self.dispatch_request()\n  File "C:\\Users\\ravis\\AppData\\Local\\Programs\\Python\\Python313\\Lib\\site-packages\\flask\\app.py", line 865, in dispatch_request\n    return self.ensure_sync(self.view_functions[rule.endpoint])(**view_args)  # type: ignore[no-any-return]\n           ~~~~~~~~~~~~~~~~~~~~~~~~~~~~~~~~~~~~~~~~~~~~~~~~~~~~^^^^^^^^^^^^^\n  File "D:\\VirtualLab\\VLAB\\auth.py", line 58, in decorated_function\n    return f(*args, **kwargs)\n  File "D:\\VirtualLab\\VLAB\\routes\\assignments.py", line 315, in submit_assignment\n    return redirect(url_for(\'assignments.view_assignment\', assignment_id=assignment_id))\n                    ~~~~~~~^^^^^^^^^^^^^^^^^^^^^^^^^^^^^^^^^^^^^^^^^^^^^^^^^^^^^^^^^^^^\n  File "C:\\Users\\ravis\\AppData\\Local\\Programs\\Python\\Python313\\Lib\\site-packages\\flask\\helpers.py", line 220, in url_for\n    return current_app.url_for(\n           ~~~~~~~~~~~~~~~~~~~^\n        endpoint,\n        ^^^^^^^^^\n    ...<4 lines>...\n        **values,\n        ^^^^^^^^^\n    )\n    ^\n  File "C:\\Users\\ravis\\AppData\\Local\\Programs\\Python\\Python313\\Lib\\site-packages\\flask\\app.py", line 1084, in url_for\n    return self.handle_url_build_error(error, endpoint, values)\n           ~~~~~~~~~~~~~~~~~~~~~~~~~~~^^^^^^^^^^^^^^^^^^^^^^^^^\n  File "C:\\Users\\ravis\\AppData\\Local\\Programs\\Python\\Python313\\Lib\\site-packages\\flask\\app.py", line 1073, in url_for\n    rv = url_adapter.build(  # type: ignore[union-attr]\n        endpoint,\n    ...<3 lines>...\n        force_external=_external,\n    )\n  File "C:\\Users\\ravis\\AppData\\Local\\Programs\\Python\\Python313\\Lib\\site-packages\\werkzeug\\routing\\map.py", line 924, in build\n    raise BuildError(endpoint, values, method, self)\nwerkzeug.routing.exceptions.BuildError: Could not build url for endpoint \'assignments.view_assignment\' with values [\'assignment_id\']. Did you mean \'assignments.faculty_view_assignment\' instead?\n'}
2025-08-27 18:08:38,951 - werkzeug - INFO - 127.0.0.1 - - [27/Aug/2025 18:08:38] "[35m[1mGET /assignments/7604206e-8992-4e19-842b-fa7fddb9361f/submit HTTP/1.1[0m" 500 -
2025-08-27 18:08:39,419 - cryptolab - ERROR - Error ERR_20250827_180839_2031160251728: {'error_id': 'ERR_20250827_180839_2031160251728', 'error_type': 'CLIENT_ERROR', 'error_class': 'NotFound', 'error_message': '404 Not Found: The requested URL was not found on the server. If you entered the URL manually please check your spelling and try again.', 'request_method': 'GET', 'request_url': 'http://127.0.0.1:5000/favicon.ico', 'request_ip': '127.0.0.1', 'user_agent': 'Mozilla/5.0 (Windows NT 10.0; Win64; x64; rv:142.0) Gecko/20100101 Firefox/142.0', 'timestamp': '2025-08-27T18:08:39.416923', 'traceback': 'Traceback (most recent call last):\n  File "C:\\Users\\ravis\\AppData\\Local\\Programs\\Python\\Python313\\Lib\\site-packages\\flask\\app.py", line 880, in full_dispatch_request\n    rv = self.dispatch_request()\n  File "C:\\Users\\ravis\\AppData\\Local\\Programs\\Python\\Python313\\Lib\\site-packages\\flask\\app.py", line 854, in dispatch_request\n    self.raise_routing_exception(req)\n    ~~~~~~~~~~~~~~~~~~~~~~~~~~~~^^^^^\n  File "C:\\Users\\ravis\\AppData\\Local\\Programs\\Python\\Python313\\Lib\\site-packages\\flask\\app.py", line 463, in raise_routing_exception\n    raise request.routing_exception  # type: ignore[misc]\n    ^^^^^^^^^^^^^^^^^^^^^^^^^^^^^^^\n  File "C:\\Users\\ravis\\AppData\\Local\\Programs\\Python\\Python313\\Lib\\site-packages\\flask\\ctx.py", line 362, in match_request\n    result = self.url_adapter.match(return_rule=True)  # type: ignore\n  File "C:\\Users\\ravis\\AppData\\Local\\Programs\\Python\\Python313\\Lib\\site-packages\\werkzeug\\routing\\map.py", line 629, in match\n    raise NotFound() from None\nwerkzeug.exceptions.NotFound: 404 Not Found: The requested URL was not found on the server. If you entered the URL manually please check your spelling and try again.\n'}
2025-08-27 18:08:39,422 - werkzeug - INFO - 127.0.0.1 - - [27/Aug/2025 18:08:39] "[33mGET /favicon.ico HTTP/1.1[0m" 404 -
2025-08-27 18:12:26,342 - werkzeug - INFO - [31m[1mWARNING: This is a development server. Do not use it in a production deployment. Use a production WSGI server instead.[0m
 * Running on http://127.0.0.1:5000
2025-08-27 18:12:26,343 - werkzeug - INFO - [33mPress CTRL+C to quit[0m
2025-08-27 18:12:26,346 - werkzeug - INFO -  * Restarting with stat
2025-08-27 18:12:27,223 - werkzeug - WARNING -  * Debugger is active!
2025-08-27 18:12:27,235 - werkzeug - INFO -  * Debugger PIN: 199-600-441
2025-08-27 18:12:31,966 - werkzeug - INFO - 127.0.0.1 - - [27/Aug/2025 18:12:31] "[32mGET / HTTP/1.1[0m" 302 -
2025-08-27 18:12:32,082 - werkzeug - INFO - 127.0.0.1 - - [27/Aug/2025 18:12:32] "GET /student HTTP/1.1" 200 -
2025-08-27 18:12:35,149 - werkzeug - INFO - 127.0.0.1 - - [27/Aug/2025 18:12:35] "GET /student/assignments HTTP/1.1" 200 -
2025-08-27 18:12:39,590 - werkzeug - INFO - 127.0.0.1 - - [27/Aug/2025 18:12:39] "GET /assignments/a6eb45e2-f6f0-44db-adf7-947587418154 HTTP/1.1" 200 -
2025-08-27 18:12:43,600 - cryptolab - ERROR - Error ERR_20250827_181243_2088516656544: {'error_id': 'ERR_20250827_181243_2088516656544', 'error_type': 'CLIENT_ERROR', 'error_class': 'NotFound', 'error_message': '404 Not Found: The requested URL was not found on the server. If you entered the URL manually please check your spelling and try again.', 'request_method': 'GET', 'request_url': 'http://127.0.0.1:5000/favicon.ico', 'request_ip': '127.0.0.1', 'user_agent': 'Mozilla/5.0 (Windows NT 10.0; Win64; x64; rv:142.0) Gecko/20100101 Firefox/142.0', 'timestamp': '2025-08-27T18:12:43.594606', 'traceback': 'Traceback (most recent call last):\n  File "C:\\Users\\ravis\\AppData\\Local\\Programs\\Python\\Python313\\Lib\\site-packages\\flask\\app.py", line 880, in full_dispatch_request\n    rv = self.dispatch_request()\n  File "C:\\Users\\ravis\\AppData\\Local\\Programs\\Python\\Python313\\Lib\\site-packages\\flask\\app.py", line 854, in dispatch_request\n    self.raise_routing_exception(req)\n    ~~~~~~~~~~~~~~~~~~~~~~~~~~~~^^^^^\n  File "C:\\Users\\ravis\\AppData\\Local\\Programs\\Python\\Python313\\Lib\\site-packages\\flask\\app.py", line 463, in raise_routing_exception\n    raise request.routing_exception  # type: ignore[misc]\n    ^^^^^^^^^^^^^^^^^^^^^^^^^^^^^^^\n  File "C:\\Users\\ravis\\AppData\\Local\\Programs\\Python\\Python313\\Lib\\site-packages\\flask\\ctx.py", line 362, in match_request\n    result = self.url_adapter.match(return_rule=True)  # type: ignore\n  File "C:\\Users\\ravis\\AppData\\Local\\Programs\\Python\\Python313\\Lib\\site-packages\\werkzeug\\routing\\map.py", line 629, in match\n    raise NotFound() from None\nwerkzeug.exceptions.NotFound: 404 Not Found: The requested URL was not found on the server. If you entered the URL manually please check your spelling and try again.\n'}
2025-08-27 18:12:43,609 - werkzeug - INFO - 127.0.0.1 - - [27/Aug/2025 18:12:43] "[33mGET /favicon.ico HTTP/1.1[0m" 404 -
2025-08-27 18:12:45,119 - werkzeug - INFO - 127.0.0.1 - - [27/Aug/2025 18:12:45] "GET /assignments/a6eb45e2-f6f0-44db-adf7-947587418154/submit HTTP/1.1" 200 -
2025-08-27 18:13:40,752 - werkzeug - INFO - 127.0.0.1 - - [27/Aug/2025 18:13:40] "[32mPOST /assignments/a6eb45e2-f6f0-44db-adf7-947587418154/submit HTTP/1.1[0m" 302 -
2025-08-27 18:13:40,825 - werkzeug - INFO - 127.0.0.1 - - [27/Aug/2025 18:13:40] "GET /assignments/a6eb45e2-f6f0-44db-adf7-947587418154/submission/8353760c-2278-415d-a951-309346c7614b HTTP/1.1" 200 -
2025-08-27 18:13:54,265 - cryptolab.auth - INFO - Auth Event: {'username': 'student1', 'event_type': 'LOGOUT', 'success': True, 'details': 'User logged out from student role', 'request_ip': '127.0.0.1', 'user_agent': 'Mozilla/5.0 (Windows NT 10.0; Win64; x64; rv:142.0) Gecko/20100101 Firefox/142.0', 'timestamp': '2025-08-27T18:13:54.264911'}
2025-08-27 18:13:54,267 - werkzeug - INFO - 127.0.0.1 - - [27/Aug/2025 18:13:54] "[32mGET /logout HTTP/1.1[0m" 302 -
2025-08-27 18:13:54,336 - werkzeug - INFO - 127.0.0.1 - - [27/Aug/2025 18:13:54] "GET /student-login HTTP/1.1" 200 -
2025-08-27 18:13:54,646 - werkzeug - INFO - 127.0.0.1 - - [27/Aug/2025 18:13:54] "GET /static/css/styles.css HTTP/1.1" 200 -
2025-08-27 18:13:57,526 - werkzeug - INFO - 127.0.0.1 - - [27/Aug/2025 18:13:57] "GET /faculty-login HTTP/1.1" 200 -
2025-08-27 18:13:57,682 - werkzeug - INFO - 127.0.0.1 - - [27/Aug/2025 18:13:57] "GET /static/css/styles.css HTTP/1.1" 200 -
2025-08-27 18:14:01,269 - cryptolab.auth - INFO - Auth Event: {'username': 'ravishyam121', 'event_type': 'FACULTY_LOGIN_SUCCESS', 'success': True, 'details': 'Faculty Ravi Shyam logged in', 'request_ip': '127.0.0.1', 'user_agent': 'Mozilla/5.0 (Windows NT 10.0; Win64; x64; rv:142.0) Gecko/20100101 Firefox/142.0', 'timestamp': '2025-08-27T18:14:01.269428'}
2025-08-27 18:14:01,273 - werkzeug - INFO - 127.0.0.1 - - [27/Aug/2025 18:14:01] "[32mPOST /faculty-login HTTP/1.1[0m" 302 -
2025-08-27 18:14:01,345 - werkzeug - INFO - 127.0.0.1 - - [27/Aug/2025 18:14:01] "GET /faculty HTTP/1.1" 200 -
2025-08-27 18:14:02,054 - werkzeug - INFO - 127.0.0.1 - - [27/Aug/2025 18:14:02] "GET /api/assignments/stats HTTP/1.1" 200 -
2025-08-27 18:14:02,089 - werkzeug - INFO - 127.0.0.1 - - [27/Aug/2025 18:14:02] "GET /api/faculty/submissions/recent HTTP/1.1" 200 -
2025-08-27 18:14:39,468 - werkzeug - INFO - 127.0.0.1 - - [27/Aug/2025 18:14:39] "GET /api/assignments/stats HTTP/1.1" 200 -
2025-08-27 18:14:39,489 - werkzeug - INFO - 127.0.0.1 - - [27/Aug/2025 18:14:39] "GET /api/faculty/submissions/recent HTTP/1.1" 200 -
2025-08-27 18:14:42,794 - werkzeug - INFO - 127.0.0.1 - - [27/Aug/2025 18:14:42] "GET /api/assignments/stats HTTP/1.1" 200 -
2025-08-27 18:14:42,814 - werkzeug - INFO - 127.0.0.1 - - [27/Aug/2025 18:14:42] "GET /api/faculty/submissions/recent HTTP/1.1" 200 -
2025-08-27 18:17:41,927 - werkzeug - INFO -  * Detected change in 'D:\\VirtualLab\\VLAB\\routes\\assignments.py', reloading
2025-08-27 18:17:42,026 - werkzeug - INFO -  * Restarting with stat
2025-08-27 18:17:43,053 - werkzeug - WARNING -  * Debugger is active!
2025-08-27 18:17:43,064 - werkzeug - INFO -  * Debugger PIN: 199-600-441
2025-08-27 18:21:18,914 - werkzeug - INFO - 127.0.0.1 - - [27/Aug/2025 18:21:18] "GET /faculty HTTP/1.1" 200 -
2025-08-27 18:21:19,669 - werkzeug - INFO - 127.0.0.1 - - [27/Aug/2025 18:21:19] "GET /api/assignments/stats HTTP/1.1" 200 -
2025-08-27 18:21:19,713 - werkzeug - INFO - 127.0.0.1 - - [27/Aug/2025 18:21:19] "GET /api/faculty/submissions/recent HTTP/1.1" 200 -
2025-08-27 18:21:31,832 - werkzeug - INFO - 127.0.0.1 - - [27/Aug/2025 18:21:31] "POST /api/submissions/8353760c-2278-415d-a951-309346c7614b/grade HTTP/1.1" 200 -
2025-08-27 18:21:32,384 - werkzeug - INFO - 127.0.0.1 - - [27/Aug/2025 18:21:32] "GET /api/assignments/stats HTTP/1.1" 200 -
2025-08-27 18:21:32,407 - werkzeug - INFO - 127.0.0.1 - - [27/Aug/2025 18:21:32] "GET /api/faculty/submissions/recent HTTP/1.1" 200 -
2025-08-27 18:22:03,100 - werkzeug - INFO - 127.0.0.1 - - [27/Aug/2025 18:22:03] "GET /faculty/assignments/create HTTP/1.1" 200 -
2025-08-27 18:22:03,714 - cryptolab - ERROR - Error ERR_20250827_182203_2489027601904: {'error_id': 'ERR_20250827_182203_2489027601904', 'error_type': 'CLIENT_ERROR', 'error_class': 'NotFound', 'error_message': '404 Not Found: The requested URL was not found on the server. If you entered the URL manually please check your spelling and try again.', 'request_method': 'GET', 'request_url': 'http://127.0.0.1:5000/favicon.ico', 'request_ip': '127.0.0.1', 'user_agent': 'Mozilla/5.0 (Windows NT 10.0; Win64; x64; rv:142.0) Gecko/20100101 Firefox/142.0', 'timestamp': '2025-08-27T18:22:03.703382', 'traceback': 'Traceback (most recent call last):\n  File "C:\\Users\\ravis\\AppData\\Local\\Programs\\Python\\Python313\\Lib\\site-packages\\flask\\app.py", line 880, in full_dispatch_request\n    rv = self.dispatch_request()\n  File "C:\\Users\\ravis\\AppData\\Local\\Programs\\Python\\Python313\\Lib\\site-packages\\flask\\app.py", line 854, in dispatch_request\n    self.raise_routing_exception(req)\n    ~~~~~~~~~~~~~~~~~~~~~~~~~~~~^^^^^\n  File "C:\\Users\\ravis\\AppData\\Local\\Programs\\Python\\Python313\\Lib\\site-packages\\flask\\app.py", line 463, in raise_routing_exception\n    raise request.routing_exception  # type: ignore[misc]\n    ^^^^^^^^^^^^^^^^^^^^^^^^^^^^^^^\n  File "C:\\Users\\ravis\\AppData\\Local\\Programs\\Python\\Python313\\Lib\\site-packages\\flask\\ctx.py", line 362, in match_request\n    result = self.url_adapter.match(return_rule=True)  # type: ignore\n  File "C:\\Users\\ravis\\AppData\\Local\\Programs\\Python\\Python313\\Lib\\site-packages\\werkzeug\\routing\\map.py", line 629, in match\n    raise NotFound() from None\nwerkzeug.exceptions.NotFound: 404 Not Found: The requested URL was not found on the server. If you entered the URL manually please check your spelling and try again.\n'}
2025-08-27 18:22:03,724 - werkzeug - INFO - 127.0.0.1 - - [27/Aug/2025 18:22:03] "[33mGET /favicon.ico HTTP/1.1[0m" 404 -
2025-08-27 18:22:12,470 - werkzeug - INFO - 127.0.0.1 - - [27/Aug/2025 18:22:12] "[32mGET /faculty/assignments HTTP/1.1[0m" 302 -
2025-08-27 18:22:12,495 - werkzeug - INFO - 127.0.0.1 - - [27/Aug/2025 18:22:12] "GET /faculty HTTP/1.1" 200 -
2025-08-27 18:22:13,223 - werkzeug - INFO - 127.0.0.1 - - [27/Aug/2025 18:22:13] "GET /api/assignments/stats HTTP/1.1" 200 -
2025-08-27 18:22:13,281 - werkzeug - INFO - 127.0.0.1 - - [27/Aug/2025 18:22:13] "GET /api/faculty/submissions/recent HTTP/1.1" 200 -
2025-08-27 18:22:23,104 - cryptolab.auth - INFO - Auth Event: {'username': 'ravishyam121', 'event_type': 'LOGOUT', 'success': True, 'details': 'User logged out from faculty role', 'request_ip': '127.0.0.1', 'user_agent': 'Mozilla/5.0 (Windows NT 10.0; Win64; x64; rv:142.0) Gecko/20100101 Firefox/142.0', 'timestamp': '2025-08-27T18:22:23.104014'}
2025-08-27 18:22:23,107 - werkzeug - INFO - 127.0.0.1 - - [27/Aug/2025 18:22:23] "[32mGET /logout HTTP/1.1[0m" 302 -
2025-08-27 18:22:23,150 - werkzeug - INFO - 127.0.0.1 - - [27/Aug/2025 18:22:23] "GET /faculty-login HTTP/1.1" 200 -
2025-08-27 18:22:23,444 - werkzeug - INFO - 127.0.0.1 - - [27/Aug/2025 18:22:23] "GET /static/css/styles.css HTTP/1.1" 200 -
2025-08-27 18:22:26,361 - werkzeug - INFO - 127.0.0.1 - - [27/Aug/2025 18:22:26] "GET /student-login HTTP/1.1" 200 -
2025-08-27 18:22:26,513 - werkzeug - INFO - 127.0.0.1 - - [27/Aug/2025 18:22:26] "GET /static/css/styles.css HTTP/1.1" 200 -
2025-08-27 18:22:26,982 - cryptolab - ERROR - Error ERR_20250827_182226_2489028174896: {'error_id': 'ERR_20250827_182226_2489028174896', 'error_type': 'CLIENT_ERROR', 'error_class': 'NotFound', 'error_message': '404 Not Found: The requested URL was not found on the server. If you entered the URL manually please check your spelling and try again.', 'request_method': 'GET', 'request_url': 'http://127.0.0.1:5000/favicon.ico', 'request_ip': '127.0.0.1', 'user_agent': 'Mozilla/5.0 (Windows NT 10.0; Win64; x64; rv:142.0) Gecko/20100101 Firefox/142.0', 'timestamp': '2025-08-27T18:22:26.980517', 'traceback': 'Traceback (most recent call last):\n  File "C:\\Users\\ravis\\AppData\\Local\\Programs\\Python\\Python313\\Lib\\site-packages\\flask\\app.py", line 880, in full_dispatch_request\n    rv = self.dispatch_request()\n  File "C:\\Users\\ravis\\AppData\\Local\\Programs\\Python\\Python313\\Lib\\site-packages\\flask\\app.py", line 854, in dispatch_request\n    self.raise_routing_exception(req)\n    ~~~~~~~~~~~~~~~~~~~~~~~~~~~~^^^^^\n  File "C:\\Users\\ravis\\AppData\\Local\\Programs\\Python\\Python313\\Lib\\site-packages\\flask\\app.py", line 463, in raise_routing_exception\n    raise request.routing_exception  # type: ignore[misc]\n    ^^^^^^^^^^^^^^^^^^^^^^^^^^^^^^^\n  File "C:\\Users\\ravis\\AppData\\Local\\Programs\\Python\\Python313\\Lib\\site-packages\\flask\\ctx.py", line 362, in match_request\n    result = self.url_adapter.match(return_rule=True)  # type: ignore\n  File "C:\\Users\\ravis\\AppData\\Local\\Programs\\Python\\Python313\\Lib\\site-packages\\werkzeug\\routing\\map.py", line 629, in match\n    raise NotFound() from None\nwerkzeug.exceptions.NotFound: 404 Not Found: The requested URL was not found on the server. If you entered the URL manually please check your spelling and try again.\n'}
2025-08-27 18:22:26,984 - werkzeug - INFO - 127.0.0.1 - - [27/Aug/2025 18:22:26] "[33mGET /favicon.ico HTTP/1.1[0m" 404 -
2025-08-27 18:22:31,041 - cryptolab.auth - INFO - Auth Event: {'username': 'student1', 'event_type': 'STUDENT_LOGIN_SUCCESS', 'success': True, 'details': 'Student Alice Johnson logged in', 'request_ip': '127.0.0.1', 'user_agent': 'Mozilla/5.0 (Windows NT 10.0; Win64; x64; rv:142.0) Gecko/20100101 Firefox/142.0', 'timestamp': '2025-08-27T18:22:31.041285'}
2025-08-27 18:22:31,043 - werkzeug - INFO - 127.0.0.1 - - [27/Aug/2025 18:22:31] "[32mPOST /student-login HTTP/1.1[0m" 302 -
2025-08-27 18:22:31,114 - werkzeug - INFO - 127.0.0.1 - - [27/Aug/2025 18:22:31] "GET /student HTTP/1.1" 200 -
2025-08-27 18:22:35,265 - werkzeug - INFO - 127.0.0.1 - - [27/Aug/2025 18:22:35] "GET /student/assignments HTTP/1.1" 200 -
2025-08-27 18:22:46,368 - werkzeug - INFO - 127.0.0.1 - - [27/Aug/2025 18:22:46] "GET /assignments/7604206e-8992-4e19-842b-fa7fddb9361f HTTP/1.1" 200 -
2025-08-27 18:22:50,501 - werkzeug - INFO - 127.0.0.1 - - [27/Aug/2025 18:22:50] "GET /student/assignments HTTP/1.1" 200 -
2025-08-27 18:22:51,229 - cryptolab - ERROR - Error ERR_20250827_182251_2489028176128: {'error_id': 'ERR_20250827_182251_2489028176128', 'error_type': 'CLIENT_ERROR', 'error_class': 'NotFound', 'error_message': '404 Not Found: The requested URL was not found on the server. If you entered the URL manually please check your spelling and try again.', 'request_method': 'GET', 'request_url': 'http://127.0.0.1:5000/favicon.ico', 'request_ip': '127.0.0.1', 'user_agent': 'Mozilla/5.0 (Windows NT 10.0; Win64; x64; rv:142.0) Gecko/20100101 Firefox/142.0', 'timestamp': '2025-08-27T18:22:51.226166', 'traceback': 'Traceback (most recent call last):\n  File "C:\\Users\\ravis\\AppData\\Local\\Programs\\Python\\Python313\\Lib\\site-packages\\flask\\app.py", line 880, in full_dispatch_request\n    rv = self.dispatch_request()\n  File "C:\\Users\\ravis\\AppData\\Local\\Programs\\Python\\Python313\\Lib\\site-packages\\flask\\app.py", line 854, in dispatch_request\n    self.raise_routing_exception(req)\n    ~~~~~~~~~~~~~~~~~~~~~~~~~~~~^^^^^\n  File "C:\\Users\\ravis\\AppData\\Local\\Programs\\Python\\Python313\\Lib\\site-packages\\flask\\app.py", line 463, in raise_routing_exception\n    raise request.routing_exception  # type: ignore[misc]\n    ^^^^^^^^^^^^^^^^^^^^^^^^^^^^^^^\n  File "C:\\Users\\ravis\\AppData\\Local\\Programs\\Python\\Python313\\Lib\\site-packages\\flask\\ctx.py", line 362, in match_request\n    result = self.url_adapter.match(return_rule=True)  # type: ignore\n  File "C:\\Users\\ravis\\AppData\\Local\\Programs\\Python\\Python313\\Lib\\site-packages\\werkzeug\\routing\\map.py", line 629, in match\n    raise NotFound() from None\nwerkzeug.exceptions.NotFound: 404 Not Found: The requested URL was not found on the server. If you entered the URL manually please check your spelling and try again.\n'}
2025-08-27 18:22:51,231 - werkzeug - INFO - 127.0.0.1 - - [27/Aug/2025 18:22:51] "[33mGET /favicon.ico HTTP/1.1[0m" 404 -
2025-08-27 18:22:54,665 - werkzeug - INFO - 127.0.0.1 - - [27/Aug/2025 18:22:54] "GET /assignments/7604206e-8992-4e19-842b-fa7fddb9361f/submit HTTP/1.1" 200 -
2025-08-27 18:23:00,995 - cryptolab - ERROR - Error ERR_20250827_182300_2489028173552: {'error_id': 'ERR_20250827_182300_2489028173552', 'error_type': 'CLIENT_ERROR', 'error_class': 'NotFound', 'error_message': '404 Not Found: The requested URL was not found on the server. If you entered the URL manually please check your spelling and try again.', 'request_method': 'GET', 'request_url': 'http://127.0.0.1:5000/favicon.ico', 'request_ip': '127.0.0.1', 'user_agent': 'Mozilla/5.0 (Windows NT 10.0; Win64; x64; rv:142.0) Gecko/20100101 Firefox/142.0', 'timestamp': '2025-08-27T18:23:00.992238', 'traceback': 'Traceback (most recent call last):\n  File "C:\\Users\\ravis\\AppData\\Local\\Programs\\Python\\Python313\\Lib\\site-packages\\flask\\app.py", line 880, in full_dispatch_request\n    rv = self.dispatch_request()\n  File "C:\\Users\\ravis\\AppData\\Local\\Programs\\Python\\Python313\\Lib\\site-packages\\flask\\app.py", line 854, in dispatch_request\n    self.raise_routing_exception(req)\n    ~~~~~~~~~~~~~~~~~~~~~~~~~~~~^^^^^\n  File "C:\\Users\\ravis\\AppData\\Local\\Programs\\Python\\Python313\\Lib\\site-packages\\flask\\app.py", line 463, in raise_routing_exception\n    raise request.routing_exception  # type: ignore[misc]\n    ^^^^^^^^^^^^^^^^^^^^^^^^^^^^^^^\n  File "C:\\Users\\ravis\\AppData\\Local\\Programs\\Python\\Python313\\Lib\\site-packages\\flask\\ctx.py", line 362, in match_request\n    result = self.url_adapter.match(return_rule=True)  # type: ignore\n  File "C:\\Users\\ravis\\AppData\\Local\\Programs\\Python\\Python313\\Lib\\site-packages\\werkzeug\\routing\\map.py", line 629, in match\n    raise NotFound() from None\nwerkzeug.exceptions.NotFound: 404 Not Found: The requested URL was not found on the server. If you entered the URL manually please check your spelling and try again.\n'}
2025-08-27 18:23:00,997 - werkzeug - INFO - 127.0.0.1 - - [27/Aug/2025 18:23:00] "[33mGET /favicon.ico HTTP/1.1[0m" 404 -
2025-08-27 18:23:06,435 - werkzeug - INFO - 127.0.0.1 - - [27/Aug/2025 18:23:06] "GET /student HTTP/1.1" 200 -
2025-08-27 18:23:07,230 - werkzeug - INFO - 127.0.0.1 - - [27/Aug/2025 18:23:07] "GET /student-login HTTP/1.1" 200 -
2025-08-27 18:23:07,342 - werkzeug - INFO - 127.0.0.1 - - [27/Aug/2025 18:23:07] "GET /static/css/styles.css HTTP/1.1" 200 -
2025-08-27 18:23:10,975 - werkzeug - INFO - 127.0.0.1 - - [27/Aug/2025 18:23:10] "GET /faculty-login HTTP/1.1" 200 -
2025-08-27 18:23:12,421 - werkzeug - INFO - 127.0.0.1 - - [27/Aug/2025 18:23:12] "[32mGET /faculty HTTP/1.1[0m" 302 -
2025-08-27 18:23:12,449 - werkzeug - INFO - 127.0.0.1 - - [27/Aug/2025 18:23:12] "GET /faculty-login HTTP/1.1" 200 -
2025-08-27 18:23:12,553 - werkzeug - INFO - 127.0.0.1 - - [27/Aug/2025 18:23:12] "GET /static/css/styles.css HTTP/1.1" 200 -
2025-08-27 18:23:13,862 - werkzeug - INFO - 127.0.0.1 - - [27/Aug/2025 18:23:13] "[32mGET /faculty/assignments/create HTTP/1.1[0m" 302 -
2025-08-27 18:23:13,881 - werkzeug - INFO - 127.0.0.1 - - [27/Aug/2025 18:23:13] "GET /faculty-login HTTP/1.1" 200 -
2025-08-27 18:23:19,555 - cryptolab.auth - INFO - Auth Event: {'username': 'ravishyam121', 'event_type': 'FACULTY_LOGIN_SUCCESS', 'success': True, 'details': 'Faculty Ravi Shyam logged in', 'request_ip': '127.0.0.1', 'user_agent': 'Mozilla/5.0 (Windows NT 10.0; Win64; x64; rv:142.0) Gecko/20100101 Firefox/142.0', 'timestamp': '2025-08-27T18:23:19.555479'}
2025-08-27 18:23:19,557 - werkzeug - INFO - 127.0.0.1 - - [27/Aug/2025 18:23:19] "[32mPOST /faculty-login HTTP/1.1[0m" 302 -
2025-08-27 18:23:19,579 - werkzeug - INFO - 127.0.0.1 - - [27/Aug/2025 18:23:19] "GET /faculty HTTP/1.1" 200 -
2025-08-27 18:23:20,295 - werkzeug - INFO - 127.0.0.1 - - [27/Aug/2025 18:23:20] "GET /api/assignments/stats HTTP/1.1" 200 -
2025-08-27 18:23:20,346 - werkzeug - INFO - 127.0.0.1 - - [27/Aug/2025 18:23:20] "GET /api/faculty/submissions/recent HTTP/1.1" 200 -
2025-08-27 18:23:42,347 - werkzeug - INFO - 127.0.0.1 - - [27/Aug/2025 18:23:42] "[32mGET /assignments/a6eb45e2-f6f0-44db-adf7-947587418154/submission/8353760c-2278-415d-a951-309346c7614b HTTP/1.1[0m" 302 -
2025-08-27 18:23:42,375 - werkzeug - INFO - 127.0.0.1 - - [27/Aug/2025 18:23:42] "GET /student-login HTTP/1.1" 200 -
2025-08-27 18:23:42,486 - werkzeug - INFO - 127.0.0.1 - - [27/Aug/2025 18:23:42] "GET /static/css/styles.css HTTP/1.1" 200 -
2025-08-27 18:23:42,957 - cryptolab - ERROR - Error ERR_20250827_182342_2489028180944: {'error_id': 'ERR_20250827_182342_2489028180944', 'error_type': 'CLIENT_ERROR', 'error_class': 'NotFound', 'error_message': '404 Not Found: The requested URL was not found on the server. If you entered the URL manually please check your spelling and try again.', 'request_method': 'GET', 'request_url': 'http://127.0.0.1:5000/favicon.ico', 'request_ip': '127.0.0.1', 'user_agent': 'Mozilla/5.0 (Windows NT 10.0; Win64; x64; rv:142.0) Gecko/20100101 Firefox/142.0', 'timestamp': '2025-08-27T18:23:42.955182', 'traceback': 'Traceback (most recent call last):\n  File "C:\\Users\\ravis\\AppData\\Local\\Programs\\Python\\Python313\\Lib\\site-packages\\flask\\app.py", line 880, in full_dispatch_request\n    rv = self.dispatch_request()\n  File "C:\\Users\\ravis\\AppData\\Local\\Programs\\Python\\Python313\\Lib\\site-packages\\flask\\app.py", line 854, in dispatch_request\n    self.raise_routing_exception(req)\n    ~~~~~~~~~~~~~~~~~~~~~~~~~~~~^^^^^\n  File "C:\\Users\\ravis\\AppData\\Local\\Programs\\Python\\Python313\\Lib\\site-packages\\flask\\app.py", line 463, in raise_routing_exception\n    raise request.routing_exception  # type: ignore[misc]\n    ^^^^^^^^^^^^^^^^^^^^^^^^^^^^^^^\n  File "C:\\Users\\ravis\\AppData\\Local\\Programs\\Python\\Python313\\Lib\\site-packages\\flask\\ctx.py", line 362, in match_request\n    result = self.url_adapter.match(return_rule=True)  # type: ignore\n  File "C:\\Users\\ravis\\AppData\\Local\\Programs\\Python\\Python313\\Lib\\site-packages\\werkzeug\\routing\\map.py", line 629, in match\n    raise NotFound() from None\nwerkzeug.exceptions.NotFound: 404 Not Found: The requested URL was not found on the server. If you entered the URL manually please check your spelling and try again.\n'}
2025-08-27 18:23:42,959 - werkzeug - INFO - 127.0.0.1 - - [27/Aug/2025 18:23:42] "[33mGET /favicon.ico HTTP/1.1[0m" 404 -
2025-08-27 18:23:55,862 - cryptolab.auth - INFO - Auth Event: {'username': 'student1', 'event_type': 'STUDENT_LOGIN_SUCCESS', 'success': True, 'details': 'Student Alice Johnson logged in', 'request_ip': '127.0.0.1', 'user_agent': 'Mozilla/5.0 (Windows NT 10.0; Win64; x64; rv:142.0) Gecko/20100101 Firefox/142.0', 'timestamp': '2025-08-27T18:23:55.861870'}
2025-08-27 18:23:55,864 - werkzeug - INFO - 127.0.0.1 - - [27/Aug/2025 18:23:55] "[32mPOST /student-login HTTP/1.1[0m" 302 -
2025-08-27 18:23:55,901 - werkzeug - INFO - 127.0.0.1 - - [27/Aug/2025 18:23:55] "GET /student HTTP/1.1" 200 -
2025-08-27 18:24:07,130 - werkzeug - INFO - 127.0.0.1 - - [27/Aug/2025 18:24:07] "[32mGET /faculty HTTP/1.1[0m" 302 -
2025-08-27 18:24:07,149 - werkzeug - INFO - 127.0.0.1 - - [27/Aug/2025 18:24:07] "GET /faculty-login HTTP/1.1" 200 -
2025-08-27 18:24:07,256 - werkzeug - INFO - 127.0.0.1 - - [27/Aug/2025 18:24:07] "GET /static/css/styles.css HTTP/1.1" 200 -
2025-08-27 18:24:20,291 - werkzeug - INFO - 127.0.0.1 - - [27/Aug/2025 18:24:20] "GET /faculty-login HTTP/1.1" 200 -
2025-08-27 18:24:20,421 - werkzeug - INFO - 127.0.0.1 - - [27/Aug/2025 18:24:20] "GET /static/css/styles.css HTTP/1.1" 200 -
2025-08-27 18:24:25,061 - werkzeug - INFO - 127.0.0.1 - - [27/Aug/2025 18:24:25] "GET /student-login HTTP/1.1" 200 -
2025-08-27 18:24:25,239 - werkzeug - INFO - 127.0.0.1 - - [27/Aug/2025 18:24:25] "[36mGET /static/css/styles.css HTTP/1.1[0m" 304 -
2025-08-27 18:24:28,703 - cryptolab.auth - INFO - Auth Event: {'username': 'student1', 'event_type': 'STUDENT_LOGIN_SUCCESS', 'success': True, 'details': 'Student Alice Johnson logged in', 'request_ip': '127.0.0.1', 'user_agent': 'Mozilla/5.0 (Windows NT 10.0; Win64; x64; rv:142.0) Gecko/20100101 Firefox/142.0', 'timestamp': '2025-08-27T18:24:28.703007'}
2025-08-27 18:24:28,704 - werkzeug - INFO - 127.0.0.1 - - [27/Aug/2025 18:24:28] "[32mPOST /student-login HTTP/1.1[0m" 302 -
2025-08-27 18:24:28,729 - werkzeug - INFO - 127.0.0.1 - - [27/Aug/2025 18:24:28] "GET /student HTTP/1.1" 200 -
2025-08-27 18:24:33,929 - werkzeug - INFO - 127.0.0.1 - - [27/Aug/2025 18:24:33] "GET /student HTTP/1.1" 200 -
2025-08-27 18:24:39,315 - werkzeug - INFO - 127.0.0.1 - - [27/Aug/2025 18:24:39] "GET /student HTTP/1.1" 200 -
2025-08-27 18:35:14,117 - werkzeug - INFO - [31m[1mWARNING: This is a development server. Do not use it in a production deployment. Use a production WSGI server instead.[0m
 * Running on http://127.0.0.1:5000
2025-08-27 18:35:14,119 - werkzeug - INFO - [33mPress CTRL+C to quit[0m
2025-08-27 18:35:14,125 - werkzeug - INFO -  * Restarting with stat
2025-08-27 18:35:15,087 - werkzeug - WARNING -  * Debugger is active!
2025-08-27 18:35:15,102 - werkzeug - INFO -  * Debugger PIN: 199-600-441
2025-08-27 18:35:18,644 - werkzeug - INFO - 127.0.0.1 - - [27/Aug/2025 18:35:18] "[32mGET / HTTP/1.1[0m" 302 -
2025-08-27 18:35:18,775 - werkzeug - INFO - 127.0.0.1 - - [27/Aug/2025 18:35:18] "GET /student HTTP/1.1" 200 -
2025-08-27 18:35:35,432 - cryptolab.auth - INFO - Auth Event: {'username': 'student1', 'event_type': 'LOGOUT', 'success': True, 'details': 'User logged out from student role', 'request_ip': '127.0.0.1', 'user_agent': 'Mozilla/5.0 (Windows NT 10.0; Win64; x64; rv:142.0) Gecko/20100101 Firefox/142.0', 'timestamp': '2025-08-27T18:35:35.432359'}
2025-08-27 18:35:35,435 - werkzeug - INFO - 127.0.0.1 - - [27/Aug/2025 18:35:35] "[32mGET /logout HTTP/1.1[0m" 302 -
2025-08-27 18:35:35,467 - werkzeug - INFO - 127.0.0.1 - - [27/Aug/2025 18:35:35] "GET /student-login HTTP/1.1" 200 -
2025-08-27 18:35:35,764 - werkzeug - INFO - 127.0.0.1 - - [27/Aug/2025 18:35:35] "[36mGET /static/css/styles.css HTTP/1.1[0m" 304 -
2025-08-27 18:36:15,389 - werkzeug - INFO - [31m[1mWARNING: This is a development server. Do not use it in a production deployment. Use a production WSGI server instead.[0m
 * Running on http://127.0.0.1:5000
2025-08-27 18:36:15,390 - werkzeug - INFO - [33mPress CTRL+C to quit[0m
2025-08-27 18:36:15,394 - werkzeug - INFO -  * Restarting with stat
2025-08-27 18:36:16,358 - werkzeug - WARNING -  * Debugger is active!
2025-08-27 18:36:16,373 - werkzeug - INFO -  * Debugger PIN: 199-600-441
2025-08-27 18:36:18,654 - werkzeug - INFO - 127.0.0.1 - - [27/Aug/2025 18:36:18] "GET / HTTP/1.1" 200 -
2025-08-27 18:36:52,842 - werkzeug - INFO - 127.0.0.1 - - [27/Aug/2025 18:36:52] "GET /student-login HTTP/1.1" 200 -
2025-08-27 18:36:53,101 - werkzeug - INFO - 127.0.0.1 - - [27/Aug/2025 18:36:53] "[36mGET /static/css/styles.css HTTP/1.1[0m" 304 -
2025-08-27 18:36:57,008 - cryptolab.auth - INFO - Auth Event: {'username': 'student1', 'event_type': 'STUDENT_LOGIN_SUCCESS', 'success': True, 'details': 'Student Alice Johnson logged in', 'request_ip': '127.0.0.1', 'user_agent': 'Mozilla/5.0 (Windows NT 10.0; Win64; x64; rv:142.0) Gecko/20100101 Firefox/142.0', 'timestamp': '2025-08-27T18:36:57.008109'}
2025-08-27 18:36:57,010 - werkzeug - INFO - 127.0.0.1 - - [27/Aug/2025 18:36:57] "[32mPOST /student-login HTTP/1.1[0m" 302 -
2025-08-27 18:36:57,110 - werkzeug - INFO - 127.0.0.1 - - [27/Aug/2025 18:36:57] "GET /student HTTP/1.1" 200 -
2025-08-27 18:37:28,178 - werkzeug - INFO - 127.0.0.1 - - [27/Aug/2025 18:37:28] "GET /student/assignments HTTP/1.1" 200 -
2025-08-27 18:37:40,660 - werkzeug - INFO - 127.0.0.1 - - [27/Aug/2025 18:37:40] "GET /assignments/7604206e-8992-4e19-842b-fa7fddb9361f HTTP/1.1" 200 -
2025-08-27 18:37:54,254 - werkzeug - INFO - 127.0.0.1 - - [27/Aug/2025 18:37:54] "GET /assignments/7604206e-8992-4e19-842b-fa7fddb9361f/submit HTTP/1.1" 200 -
2025-08-27 18:38:45,566 - cryptolab.auth - INFO - Auth Event: {'username': 'student1', 'event_type': 'LOGOUT', 'success': True, 'details': 'User logged out from student role', 'request_ip': '127.0.0.1', 'user_agent': 'Mozilla/5.0 (Windows NT 10.0; Win64; x64; rv:142.0) Gecko/20100101 Firefox/142.0', 'timestamp': '2025-08-27T18:38:45.566593'}
2025-08-27 18:38:45,568 - werkzeug - INFO - 127.0.0.1 - - [27/Aug/2025 18:38:45] "[32mGET /logout HTTP/1.1[0m" 302 -
2025-08-27 18:38:45,600 - werkzeug - INFO - 127.0.0.1 - - [27/Aug/2025 18:38:45] "GET /student-login HTTP/1.1" 200 -
2025-08-27 18:38:45,745 - werkzeug - INFO - 127.0.0.1 - - [27/Aug/2025 18:38:45] "[36mGET /static/css/styles.css HTTP/1.1[0m" 304 -
2025-08-27 18:38:51,394 - werkzeug - INFO - 127.0.0.1 - - [27/Aug/2025 18:38:51] "GET /faculty-login HTTP/1.1" 200 -
2025-08-27 18:38:51,537 - werkzeug - INFO - 127.0.0.1 - - [27/Aug/2025 18:38:51] "[36mGET /static/css/styles.css HTTP/1.1[0m" 304 -
2025-08-27 18:38:56,216 - cryptolab.auth - INFO - Auth Event: {'username': 'ravishyam121', 'event_type': 'FACULTY_LOGIN_SUCCESS', 'success': True, 'details': 'Faculty Ravi Shyam logged in', 'request_ip': '127.0.0.1', 'user_agent': 'Mozilla/5.0 (Windows NT 10.0; Win64; x64; rv:142.0) Gecko/20100101 Firefox/142.0', 'timestamp': '2025-08-27T18:38:56.216808'}
2025-08-27 18:38:56,218 - werkzeug - INFO - 127.0.0.1 - - [27/Aug/2025 18:38:56] "[32mPOST /faculty-login HTTP/1.1[0m" 302 -
2025-08-27 18:38:56,295 - werkzeug - INFO - 127.0.0.1 - - [27/Aug/2025 18:38:56] "GET /faculty HTTP/1.1" 200 -
2025-08-27 18:38:57,020 - werkzeug - INFO - 127.0.0.1 - - [27/Aug/2025 18:38:57] "GET /api/assignments/stats HTTP/1.1" 200 -
2025-08-27 18:38:57,044 - werkzeug - INFO - 127.0.0.1 - - [27/Aug/2025 18:38:57] "GET /api/faculty/submissions/recent HTTP/1.1" 200 -
2025-08-27 18:39:38,388 - werkzeug - INFO - 127.0.0.1 - - [27/Aug/2025 18:39:38] "POST /api/submissions/8353760c-2278-415d-a951-309346c7614b/grade HTTP/1.1" 200 -
2025-08-27 18:39:38,942 - werkzeug - INFO - 127.0.0.1 - - [27/Aug/2025 18:39:38] "GET /api/assignments/stats HTTP/1.1" 200 -
2025-08-27 18:39:38,966 - werkzeug - INFO - 127.0.0.1 - - [27/Aug/2025 18:39:38] "GET /api/faculty/submissions/recent HTTP/1.1" 200 -
2025-08-27 18:39:48,872 - werkzeug - INFO - 127.0.0.1 - - [27/Aug/2025 18:39:48] "POST /api/submissions/8353760c-2278-415d-a951-309346c7614b/grade HTTP/1.1" 200 -
2025-08-27 18:39:49,439 - werkzeug - INFO - 127.0.0.1 - - [27/Aug/2025 18:39:49] "GET /api/assignments/stats HTTP/1.1" 200 -
2025-08-27 18:39:49,464 - werkzeug - INFO - 127.0.0.1 - - [27/Aug/2025 18:39:49] "GET /api/faculty/submissions/recent HTTP/1.1" 200 -
2025-08-27 18:39:58,891 - werkzeug - INFO - 127.0.0.1 - - [27/Aug/2025 18:39:58] "GET /faculty/assignments/create HTTP/1.1" 200 -
2025-08-27 18:40:12,388 - werkzeug - INFO - 127.0.0.1 - - [27/Aug/2025 18:40:12] "GET /mono-alphabetic HTTP/1.1" 200 -
2025-08-27 18:40:18,144 - werkzeug - INFO - 127.0.0.1 - - [27/Aug/2025 18:40:18] "GET /mono-alphabetic/procedure HTTP/1.1" 200 -
2025-08-27 18:40:20,552 - werkzeug - INFO - 127.0.0.1 - - [27/Aug/2025 18:40:20] "GET /mono-alphabetic/simulation HTTP/1.1" 200 -
2025-08-27 18:40:38,905 - cryptolab.auth - INFO - Auth Event: {'username': 'ravishyam121', 'event_type': 'LOGOUT', 'success': True, 'details': 'User logged out from faculty role', 'request_ip': '127.0.0.1', 'user_agent': 'Mozilla/5.0 (Windows NT 10.0; Win64; x64; rv:142.0) Gecko/20100101 Firefox/142.0', 'timestamp': '2025-08-27T18:40:38.905562'}
2025-08-27 18:40:38,907 - werkzeug - INFO - 127.0.0.1 - - [27/Aug/2025 18:40:38] "[32mGET /logout HTTP/1.1[0m" 302 -
2025-08-27 18:40:38,923 - werkzeug - INFO - 127.0.0.1 - - [27/Aug/2025 18:40:38] "GET /faculty-login HTTP/1.1" 200 -
2025-08-27 18:40:39,039 - werkzeug - INFO - 127.0.0.1 - - [27/Aug/2025 18:40:39] "[36mGET /static/css/styles.css HTTP/1.1[0m" 304 -
2025-08-27 18:40:41,818 - werkzeug - INFO - 127.0.0.1 - - [27/Aug/2025 18:40:41] "GET /student-login HTTP/1.1" 200 -
2025-08-27 18:40:41,951 - werkzeug - INFO - 127.0.0.1 - - [27/Aug/2025 18:40:41] "[36mGET /static/css/styles.css HTTP/1.1[0m" 304 -
2025-08-27 18:40:45,365 - cryptolab.auth - INFO - Auth Event: {'username': 'student1', 'event_type': 'STUDENT_LOGIN_SUCCESS', 'success': True, 'details': 'Student Alice Johnson logged in', 'request_ip': '127.0.0.1', 'user_agent': 'Mozilla/5.0 (Windows NT 10.0; Win64; x64; rv:142.0) Gecko/20100101 Firefox/142.0', 'timestamp': '2025-08-27T18:40:45.365058'}
2025-08-27 18:40:45,366 - werkzeug - INFO - 127.0.0.1 - - [27/Aug/2025 18:40:45] "[32mPOST /student-login HTTP/1.1[0m" 302 -
2025-08-27 18:40:45,401 - werkzeug - INFO - 127.0.0.1 - - [27/Aug/2025 18:40:45] "GET /student HTTP/1.1" 200 -
2025-08-27 18:41:05,565 - werkzeug - INFO - 127.0.0.1 - - [27/Aug/2025 18:41:05] "GET /faculty-login HTTP/1.1" 200 -
2025-08-27 18:41:05,689 - werkzeug - INFO - 127.0.0.1 - - [27/Aug/2025 18:41:05] "[36mGET /static/css/styles.css HTTP/1.1[0m" 304 -
